#
# There is insufficient memory for the Java Runtime Environment to continue.
# Native memory allocation (malloc) failed to allocate 694160 bytes for Chunk::new
# Possible reasons:
#   The system is out of physical RAM or swap space
#   The process is running with CompressedOops enabled, and the Java Heap may be blocking the growth of the native heap
# Possible solutions:
#   Reduce memory load on the system
#   Increase physical memory or swap space
#   Check if swap backing store is full
#   Decrease Java heap size (-Xmx/-Xms)
#   Decrease number of Java threads
#   Decrease Java thread stack sizes (-Xss)
#   Set larger code cache with -XX:ReservedCodeCacheSize=
#   JVM is running with Unscaled Compressed Oops mode in which the Java heap is
#     placed in the first 4GB address space. The Java Heap base address is the
#     maximum limit for the native heap growth. Please use -XX:HeapBaseMinAddress
#     to set the Java Heap base and to place the Java Heap above 4GB virtual address.
# This output file may be truncated or incomplete.
#
#  Out of Memory Error (arena.cpp:189), pid=14424, tid=3300
#
# JRE version: Java(TM) SE Runtime Environment (17.0.8+9) (build 17.0.8+9-LTS-211)
# Java VM: Java HotSpot(TM) 64-Bit Server VM (17.0.8+9-LTS-211, mixed mode, sharing, tiered, compressed oops, compressed class ptrs, g1 gc, windows-amd64)
# No core dump will be written. Minidumps are not enabled by default on client versions of Windows
#

---------------  S U M M A R Y ------------

Command Line: -Dfile.encoding=UTF-8 -XX:+ShowCodeDetailsInExceptionMessages com.backend.stayEasy.StayEasyApplication

Host: Intel(R) Core(TM) i5-1035G1 CPU @ 1.00GHz, 8 cores, 7G,  Windows 10 , 64 bit Build 19041 (10.0.19041.2364)
Time: Tue Mar  5 13:32:28 2024 SE Asia Standard Time elapsed time: 104.818355 seconds (0d 0h 1m 44s)

---------------  T H R E A D  ---------------

Current thread (0x0000028557b9c080):  JavaThread "C2 CompilerThread0" daemon [_thread_in_native, id=3300, stack(0x000000cf1b100000,0x000000cf1b200000)]


Current CompileTask:
C2: 104818 8782       4       java.lang.invoke.MethodType::makeImpl (109 bytes)

Stack: [0x000000cf1b100000,0x000000cf1b200000]
Native frames: (J=compiled Java code, j=interpreted, Vv=VM code, C=native code)
V  [jvm.dll+0x677d0a]
V  [jvm.dll+0x7d8c54]
V  [jvm.dll+0x7da3fe]
V  [jvm.dll+0x7daa63]
V  [jvm.dll+0x245c5f]
V  [jvm.dll+0xaaa6b]
V  [jvm.dll+0xab00c]
V  [jvm.dll+0x361e8e]
V  [jvm.dll+0x1bb87a]
V  [jvm.dll+0x218157]
V  [jvm.dll+0x217431]
V  [jvm.dll+0x1a3af0]
V  [jvm.dll+0x2270be]
V  [jvm.dll+0x22535b]
V  [jvm.dll+0x78e7bc]
V  [jvm.dll+0x788bba]
V  [jvm.dll+0x676b35]
C  [ucrtbase.dll+0x21bb2]
C  [KERNEL32.DLL+0x17614]
C  [ntdll.dll+0x526a1]


---------------  P R O C E S S  ---------------

Threads class SMR info:
_java_thread_list=0x00000285a0af6850, length=34, elements={
0x0000028557b571f0, 0x0000028557b58020, 0x0000028557b68d80, 0x0000028557b6b650,
0x0000028557b6e410, 0x0000028557b77de0, 0x0000028557b9c080, 0x0000028557b9cb20,
0x0000028557baf500, 0x000002859d0f6420, 0x000002859d101dc0, 0x000002859fb62060,
0x000002859e2361f0, 0x0000028557b3d370, 0x0000028557b3c9d0, 0x0000028557b3bb60,
0x0000028557b3c030, 0x000002859ee06b60, 0x000002859ee09b80, 0x000002859ee04e80,
0x000002859ee05350, 0x000002859ee061c0, 0x000002859ee08370, 0x000002859ee08840,
0x000002859ee05820, 0x000002859ee07ea0, 0x000002859ee06690, 0x000002859ee07500,
0x000002859ee07030, 0x000002859ee05cf0, 0x000002859ee079d0, 0x000002859ee091e0,
0x000002859ee0a9f0, 0x00000285a2fc2f30
}

Java Threads: ( => current thread )
  0x0000028557b571f0 JavaThread "Reference Handler" daemon [_thread_blocked, id=14556, stack(0x000000cf1ab00000,0x000000cf1ac00000)]
  0x0000028557b58020 JavaThread "Finalizer" daemon [_thread_blocked, id=1668, stack(0x000000cf1ac00000,0x000000cf1ad00000)]
  0x0000028557b68d80 JavaThread "Signal Dispatcher" daemon [_thread_blocked, id=11772, stack(0x000000cf1ad00000,0x000000cf1ae00000)]
  0x0000028557b6b650 JavaThread "Attach Listener" daemon [_thread_blocked, id=8972, stack(0x000000cf1ae00000,0x000000cf1af00000)]
  0x0000028557b6e410 JavaThread "Service Thread" daemon [_thread_blocked, id=8096, stack(0x000000cf1af00000,0x000000cf1b000000)]
  0x0000028557b77de0 JavaThread "Monitor Deflation Thread" daemon [_thread_blocked, id=6544, stack(0x000000cf1b000000,0x000000cf1b100000)]
=>0x0000028557b9c080 JavaThread "C2 CompilerThread0" daemon [_thread_in_native, id=3300, stack(0x000000cf1b100000,0x000000cf1b200000)]
  0x0000028557b9cb20 JavaThread "C1 CompilerThread0" daemon [_thread_blocked, id=1520, stack(0x000000cf1b200000,0x000000cf1b300000)]
  0x0000028557baf500 JavaThread "Sweeper thread" daemon [_thread_blocked, id=544, stack(0x000000cf1b300000,0x000000cf1b400000)]
  0x000002859d0f6420 JavaThread "Notification Thread" daemon [_thread_blocked, id=4056, stack(0x000000cf1b400000,0x000000cf1b500000)]
  0x000002859d101dc0 JavaThread "Common-Cleaner" daemon [_thread_blocked, id=16252, stack(0x000000cf1b600000,0x000000cf1b700000)]
  0x000002859fb62060 JavaThread "mssql-jdbc-shared-timer-core-0" daemon [_thread_blocked, id=8428, stack(0x000000cf1c300000,0x000000cf1c400000)]
  0x000002859e2361f0 JavaThread "HikariPool-1 housekeeper" daemon [_thread_blocked, id=7848, stack(0x000000cf1c400000,0x000000cf1c500000)]
  0x0000028557b3d370 JavaThread "Catalina-utility-1" [_thread_blocked, id=13548, stack(0x000000cf1b700000,0x000000cf1b800000)]
  0x0000028557b3c9d0 JavaThread "Catalina-utility-2" [_thread_blocked, id=9164, stack(0x000000cf1c500000,0x000000cf1c600000)]
  0x0000028557b3bb60 JavaThread "http-nio-8080-exec-1" daemon [_thread_in_vm, id=14432, stack(0x000000cf1c600000,0x000000cf1c700000)]
  0x0000028557b3c030 JavaThread "http-nio-8080-exec-2" daemon [_thread_in_vm, id=4468, stack(0x000000cf1c700000,0x000000cf1c800000)]
  0x000002859ee06b60 JavaThread "http-nio-8080-exec-3" daemon [_thread_in_vm, id=2676, stack(0x000000cf1c800000,0x000000cf1c900000)]
  0x000002859ee09b80 JavaThread "http-nio-8080-exec-4" daemon [_thread_blocked, id=3608, stack(0x000000cf1c900000,0x000000cf1ca00000)]
  0x000002859ee04e80 JavaThread "http-nio-8080-exec-5" daemon [_thread_blocked, id=9120, stack(0x000000cf1ca00000,0x000000cf1cb00000)]
  0x000002859ee05350 JavaThread "http-nio-8080-exec-6" daemon [_thread_blocked, id=12448, stack(0x000000cf1cb00000,0x000000cf1cc00000)]
  0x000002859ee061c0 JavaThread "http-nio-8080-exec-7" daemon [_thread_blocked, id=2436, stack(0x000000cf1cc00000,0x000000cf1cd00000)]
  0x000002859ee08370 JavaThread "http-nio-8080-exec-8" daemon [_thread_blocked, id=4900, stack(0x000000cf1cd00000,0x000000cf1ce00000)]
  0x000002859ee08840 JavaThread "http-nio-8080-exec-9" daemon [_thread_blocked, id=5948, stack(0x000000cf1ce00000,0x000000cf1cf00000)]
  0x000002859ee05820 JavaThread "http-nio-8080-exec-10" daemon [_thread_blocked, id=5144, stack(0x000000cf1cf00000,0x000000cf1d000000)]
  0x000002859ee07ea0 JavaThread "container-0" [_thread_blocked, id=3356, stack(0x000000cf1d000000,0x000000cf1d100000)]
  0x000002859ee06690 JavaThread "File Watcher" daemon [_thread_blocked, id=7184, stack(0x000000cf1d200000,0x000000cf1d300000)]
  0x000002859ee07500 JavaThread "Live Reload Server" daemon [_thread_in_native, id=1288, stack(0x000000cf1d400000,0x000000cf1d500000)]
  0x000002859ee07030 JavaThread "MessageBroker-1" [_thread_blocked, id=15552, stack(0x000000cf1d300000,0x000000cf1d400000)]
  0x000002859ee05cf0 JavaThread "http-nio-8080-Poller" daemon [_thread_in_native, id=1120, stack(0x000000cf1d500000,0x000000cf1d600000)]
  0x000002859ee079d0 JavaThread "http-nio-8080-Acceptor" daemon [_thread_in_native, id=14592, stack(0x000000cf1d600000,0x000000cf1d700000)]
  0x000002859ee091e0 JavaThread "DestroyJavaVM" [_thread_blocked, id=9868, stack(0x000000cf1a400000,0x000000cf1a500000)]
  0x000002859ee0a9f0 JavaThread "MessageBroker-2" [_thread_blocked, id=9040, stack(0x000000cf1a200000,0x000000cf1a300000)]
  0x00000285a2fc2f30 JavaThread "C2 CompilerThread1" daemon [_thread_in_native, id=15292, stack(0x000000cf1a100000,0x000000cf1a200000)]

Other Threads:
  0x0000028557b52ea0 VMThread "VM Thread" [stack: 0x000000cf1aa00000,0x000000cf1ab00000] [id=9656]
  0x000002859d0f7920 WatcherThread [stack: 0x000000cf1b500000,0x000000cf1b600000] [id=14636]
  0x0000028539bcf9e0 GCTaskThread "GC Thread#0" [stack: 0x000000cf1a500000,0x000000cf1a600000] [id=11344]
  0x000002859dbe3be0 GCTaskThread "GC Thread#1" [stack: 0x000000cf1ba00000,0x000000cf1bb00000] [id=15672]
  0x000002859da74240 GCTaskThread "GC Thread#2" [stack: 0x000000cf1bb00000,0x000000cf1bc00000] [id=11740]
  0x000002859d83cbd0 GCTaskThread "GC Thread#3" [stack: 0x000000cf1bc00000,0x000000cf1bd00000] [id=4600]
  0x000002859d83ce80 GCTaskThread "GC Thread#4" [stack: 0x000000cf1bd00000,0x000000cf1be00000] [id=6744]
  0x000002859d83d130 GCTaskThread "GC Thread#5" [stack: 0x000000cf1be00000,0x000000cf1bf00000] [id=15500]
  0x000002859e4ef500 GCTaskThread "GC Thread#6" [stack: 0x000000cf1c000000,0x000000cf1c100000] [id=3944]
  0x000002859e4efa60 GCTaskThread "GC Thread#7" [stack: 0x000000cf1c100000,0x000000cf1c200000] [id=1404]
  0x0000028539be01e0 ConcurrentGCThread "G1 Main Marker" [stack: 0x000000cf1a600000,0x000000cf1a700000] [id=1700]
  0x0000028539be0bf0 ConcurrentGCThread "G1 Conc#0" [stack: 0x000000cf1a700000,0x000000cf1a800000] [id=12208]
  0x000002859e4eecf0 ConcurrentGCThread "G1 Conc#1" [stack: 0x000000cf1bf00000,0x000000cf1c000000] [id=13624]
  0x0000028557a124c0 ConcurrentGCThread "G1 Refine#0" [stack: 0x000000cf1a800000,0x000000cf1a900000] [id=10860]
  0x0000028539c39a50 ConcurrentGCThread "G1 Service" [stack: 0x000000cf1a900000,0x000000cf1aa00000] [id=6340]

Threads with active compile tasks:
C2 CompilerThread0   104866 8782       4       java.lang.invoke.MethodType::makeImpl (109 bytes)
C1 CompilerThread0   104866 8820       3       java.util.Collections$UnmodifiableList::get (11 bytes)
C2 CompilerThread1   104866 8806       4       org.springframework.beans.factory.support.AbstractBeanFactory::isTypeMatch (619 bytes)

VM state: not at safepoint (normal execution)

VM Mutex/Monitor currently owned by a thread: None

Heap address: 0x0000000083a00000, size: 1990 MB, Compressed Oops mode: 32-bit

CDS archive(s) mapped at: [0x0000028558000000-0x0000028558bd0000-0x0000028558bd0000), size 12386304, SharedBaseAddress: 0x0000028558000000, ArchiveRelocationMode: 1.
Compressed class space mapped at: 0x0000028559000000-0x0000028599000000, reserved size: 1073741824
Narrow klass base: 0x0000028558000000, Narrow klass shift: 0, Narrow klass range: 0x100000000

GC Precious Log:
 CPUs: 8 total, 8 available
 Memory: 7959M
 Large Page Support: Disabled
 NUMA Support: Disabled
 Compressed Oops: Enabled (32-bit)
 Heap Region Size: 1M
 Heap Min Capacity: 8M
 Heap Initial Capacity: 126M
 Heap Max Capacity: 1990M
 Pre-touch: Disabled
 Parallel Workers: 8
 Concurrent Workers: 2
 Concurrent Refinement Workers: 8
 Periodic GC: Disabled

Heap:
 garbage-first heap   total 84992K, used 65456K [0x0000000083a00000, 0x0000000100000000)
  region size 1024K, 30 young (30720K), 5 survivors (5120K)
 Metaspace       used 77985K, committed 78656K, reserved 1179648K
  class space    used 10551K, committed 10880K, reserved 1048576K

Heap Regions: E=young(eden), S=young(survivor), O=old, HS=humongous(starts), HC=humongous(continues), CS=collection set, F=free, OA=open archive, CA=closed archive, TAMS=top-at-mark-start (previous, next)
|   0|0x0000000083a00000, 0x0000000083b00000, 0x0000000083b00000|100%|HS|  |TAMS 0x0000000083b00000, 0x0000000083a00000| Complete 
|   1|0x0000000083b00000, 0x0000000083c00000, 0x0000000083c00000|100%| O|  |TAMS 0x0000000083c00000, 0x0000000083b00000| Untracked 
|   2|0x0000000083c00000, 0x0000000083d00000, 0x0000000083d00000|100%| O|  |TAMS 0x0000000083d00000, 0x0000000083c00000| Untracked 
|   3|0x0000000083d00000, 0x0000000083e00000, 0x0000000083e00000|100%| O|  |TAMS 0x0000000083e00000, 0x0000000083d00000| Untracked 
|   4|0x0000000083e00000, 0x0000000083f00000, 0x0000000083f00000|100%| O|  |TAMS 0x0000000083f00000, 0x0000000083e00000| Untracked 
|   5|0x0000000083f00000, 0x0000000084000000, 0x0000000084000000|100%| O|  |TAMS 0x0000000084000000, 0x0000000083f00000| Untracked 
|   6|0x0000000084000000, 0x0000000084100000, 0x0000000084100000|100%| O|  |TAMS 0x0000000084100000, 0x0000000084000000| Untracked 
|   7|0x0000000084100000, 0x0000000084200000, 0x0000000084200000|100%| O|  |TAMS 0x0000000084200000, 0x0000000084100000| Untracked 
|   8|0x0000000084200000, 0x0000000084300000, 0x0000000084300000|100%| O|  |TAMS 0x0000000084300000, 0x0000000084200000| Untracked 
|   9|0x0000000084300000, 0x0000000084400000, 0x0000000084400000|100%| O|  |TAMS 0x0000000084400000, 0x0000000084300000| Untracked 
|  10|0x0000000084400000, 0x0000000084500000, 0x0000000084500000|100%| O|  |TAMS 0x0000000084500000, 0x0000000084400000| Untracked 
|  11|0x0000000084500000, 0x0000000084600000, 0x0000000084600000|100%| O|  |TAMS 0x0000000084600000, 0x0000000084500000| Untracked 
|  12|0x0000000084600000, 0x0000000084700000, 0x0000000084700000|100%| O|  |TAMS 0x0000000084700000, 0x0000000084600000| Untracked 
|  13|0x0000000084700000, 0x0000000084800000, 0x0000000084800000|100%| O|  |TAMS 0x0000000084800000, 0x0000000084700000| Untracked 
|  14|0x0000000084800000, 0x0000000084900000, 0x0000000084900000|100%| O|  |TAMS 0x0000000084900000, 0x0000000084800000| Untracked 
|  15|0x0000000084900000, 0x0000000084a00000, 0x0000000084a00000|100%| O|  |TAMS 0x0000000084a00000, 0x0000000084900000| Untracked 
|  16|0x0000000084a00000, 0x0000000084b00000, 0x0000000084b00000|100%| O|  |TAMS 0x0000000084b00000, 0x0000000084a00000| Untracked 
|  17|0x0000000084b00000, 0x0000000084c00000, 0x0000000084c00000|100%| O|  |TAMS 0x0000000084c00000, 0x0000000084b00000| Untracked 
|  18|0x0000000084c00000, 0x0000000084d00000, 0x0000000084d00000|100%| O|  |TAMS 0x0000000084d00000, 0x0000000084c00000| Untracked 
|  19|0x0000000084d00000, 0x0000000084e00000, 0x0000000084e00000|100%| O|  |TAMS 0x0000000084e00000, 0x0000000084d00000| Untracked 
|  20|0x0000000084e00000, 0x0000000084f00000, 0x0000000084f00000|100%| O|  |TAMS 0x0000000084f00000, 0x0000000084e00000| Untracked 
|  21|0x0000000084f00000, 0x0000000085000000, 0x0000000085000000|100%| O|  |TAMS 0x0000000085000000, 0x0000000084f00000| Untracked 
|  22|0x0000000085000000, 0x0000000085100000, 0x0000000085100000|100%| O|  |TAMS 0x0000000085100000, 0x0000000085000000| Untracked 
|  23|0x0000000085100000, 0x0000000085200000, 0x0000000085200000|100%| O|  |TAMS 0x0000000085200000, 0x0000000085100000| Untracked 
|  24|0x0000000085200000, 0x0000000085300000, 0x0000000085300000|100%| O|  |TAMS 0x0000000085300000, 0x0000000085200000| Untracked 
|  25|0x0000000085300000, 0x0000000085400000, 0x0000000085400000|100%| O|  |TAMS 0x0000000085400000, 0x0000000085300000| Untracked 
|  26|0x0000000085400000, 0x0000000085500000, 0x0000000085500000|100%| O|  |TAMS 0x0000000085500000, 0x0000000085400000| Untracked 
|  27|0x0000000085500000, 0x0000000085600000, 0x0000000085600000|100%| O|  |TAMS 0x0000000085600000, 0x0000000085500000| Untracked 
|  28|0x0000000085600000, 0x0000000085700000, 0x0000000085700000|100%| O|  |TAMS 0x0000000085700000, 0x0000000085600000| Untracked 
|  29|0x0000000085700000, 0x0000000085800000, 0x0000000085800000|100%| O|  |TAMS 0x0000000085800000, 0x0000000085700000| Untracked 
|  30|0x0000000085800000, 0x0000000085900000, 0x0000000085900000|100%| O|  |TAMS 0x0000000085900000, 0x0000000085800000| Untracked 
|  31|0x0000000085900000, 0x0000000085a00000, 0x0000000085a00000|100%| O|  |TAMS 0x0000000085a00000, 0x0000000085900000| Untracked 
|  32|0x0000000085a00000, 0x0000000085b00000, 0x0000000085b00000|100%| O|  |TAMS 0x0000000085b00000, 0x0000000085a00000| Untracked 
|  33|0x0000000085b00000, 0x0000000085c00000, 0x0000000085c00000|100%| O|  |TAMS 0x0000000085c00000, 0x0000000085b00000| Untracked 
|  34|0x0000000085c00000, 0x0000000085d00000, 0x0000000085d00000|100%| O|  |TAMS 0x0000000085cc3200, 0x0000000085c00000| Untracked 
|  35|0x0000000085d00000, 0x0000000085d3a200, 0x0000000085e00000| 22%| O|  |TAMS 0x0000000085d00000, 0x0000000085d00000| Untracked 
|  36|0x0000000085e00000, 0x0000000085e00000, 0x0000000085f00000|  0%| F|  |TAMS 0x0000000085e00000, 0x0000000085e00000| Untracked 
|  37|0x0000000085f00000, 0x0000000085f00000, 0x0000000086000000|  0%| F|  |TAMS 0x0000000085f00000, 0x0000000085f00000| Untracked 
|  38|0x0000000086000000, 0x0000000086000000, 0x0000000086100000|  0%| F|  |TAMS 0x0000000086000000, 0x0000000086000000| Untracked 
|  39|0x0000000086100000, 0x0000000086100000, 0x0000000086200000|  0%| F|  |TAMS 0x0000000086100000, 0x0000000086100000| Untracked 
|  40|0x0000000086200000, 0x0000000086200000, 0x0000000086300000|  0%| F|  |TAMS 0x0000000086200000, 0x0000000086200000| Untracked 
|  41|0x0000000086300000, 0x0000000086300000, 0x0000000086400000|  0%| F|  |TAMS 0x0000000086300000, 0x0000000086300000| Untracked 
|  42|0x0000000086400000, 0x0000000086400000, 0x0000000086500000|  0%| F|  |TAMS 0x0000000086400000, 0x0000000086400000| Untracked 
|  43|0x0000000086500000, 0x0000000086500000, 0x0000000086600000|  0%| F|  |TAMS 0x0000000086500000, 0x0000000086500000| Untracked 
|  44|0x0000000086600000, 0x0000000086600000, 0x0000000086700000|  0%| F|  |TAMS 0x0000000086600000, 0x0000000086600000| Untracked 
|  45|0x0000000086700000, 0x0000000086700000, 0x0000000086800000|  0%| F|  |TAMS 0x0000000086700000, 0x0000000086700000| Untracked 
|  46|0x0000000086800000, 0x0000000086800000, 0x0000000086900000|  0%| F|  |TAMS 0x0000000086800000, 0x0000000086800000| Untracked 
|  47|0x0000000086900000, 0x00000000869b20e0, 0x0000000086a00000| 69%| S|CS|TAMS 0x0000000086900000, 0x0000000086900000| Complete 
|  48|0x0000000086a00000, 0x0000000086b00000, 0x0000000086b00000|100%| S|CS|TAMS 0x0000000086a00000, 0x0000000086a00000| Complete 
|  49|0x0000000086b00000, 0x0000000086c00000, 0x0000000086c00000|100%| S|CS|TAMS 0x0000000086b00000, 0x0000000086b00000| Complete 
|  50|0x0000000086c00000, 0x0000000086d00000, 0x0000000086d00000|100%| S|CS|TAMS 0x0000000086c00000, 0x0000000086c00000| Complete 
|  51|0x0000000086d00000, 0x0000000086e00000, 0x0000000086e00000|100%| S|CS|TAMS 0x0000000086d00000, 0x0000000086d00000| Complete 
|  52|0x0000000086e00000, 0x0000000086e00000, 0x0000000086f00000|  0%| F|  |TAMS 0x0000000086e00000, 0x0000000086e00000| Untracked 
|  53|0x0000000086f00000, 0x0000000086f00000, 0x0000000087000000|  0%| F|  |TAMS 0x0000000086f00000, 0x0000000086f00000| Untracked 
|  54|0x0000000087000000, 0x0000000087000000, 0x0000000087100000|  0%| F|  |TAMS 0x0000000087000000, 0x0000000087000000| Untracked 
|  55|0x0000000087100000, 0x0000000087100000, 0x0000000087200000|  0%| F|  |TAMS 0x0000000087100000, 0x0000000087100000| Untracked 
|  56|0x0000000087200000, 0x0000000087200000, 0x0000000087300000|  0%| F|  |TAMS 0x0000000087200000, 0x0000000087200000| Untracked 
|  57|0x0000000087300000, 0x0000000087300000, 0x0000000087400000|  0%| F|  |TAMS 0x0000000087300000, 0x0000000087300000| Untracked 
|  58|0x0000000087400000, 0x00000000874b8f90, 0x0000000087500000| 72%| E|  |TAMS 0x0000000087400000, 0x0000000087400000| Complete 
|  59|0x0000000087500000, 0x0000000087600000, 0x0000000087600000|100%| E|CS|TAMS 0x0000000087500000, 0x0000000087500000| Complete 
|  60|0x0000000087600000, 0x0000000087700000, 0x0000000087700000|100%| E|CS|TAMS 0x0000000087600000, 0x0000000087600000| Complete 
|  61|0x0000000087700000, 0x0000000087800000, 0x0000000087800000|100%| E|CS|TAMS 0x0000000087700000, 0x0000000087700000| Complete 
|  62|0x0000000087800000, 0x0000000087900000, 0x0000000087900000|100%| E|CS|TAMS 0x0000000087800000, 0x0000000087800000| Complete 
|  63|0x0000000087900000, 0x0000000087a00000, 0x0000000087a00000|100%| E|CS|TAMS 0x0000000087900000, 0x0000000087900000| Complete 
|  64|0x0000000087a00000, 0x0000000087b00000, 0x0000000087b00000|100%| E|CS|TAMS 0x0000000087a00000, 0x0000000087a00000| Complete 
|  65|0x0000000087b00000, 0x0000000087c00000, 0x0000000087c00000|100%| E|CS|TAMS 0x0000000087b00000, 0x0000000087b00000| Complete 
|  66|0x0000000087c00000, 0x0000000087d00000, 0x0000000087d00000|100%| E|CS|TAMS 0x0000000087c00000, 0x0000000087c00000| Complete 
|  67|0x0000000087d00000, 0x0000000087e00000, 0x0000000087e00000|100%| E|CS|TAMS 0x0000000087d00000, 0x0000000087d00000| Complete 
|  68|0x0000000087e00000, 0x0000000087f00000, 0x0000000087f00000|100%| E|CS|TAMS 0x0000000087e00000, 0x0000000087e00000| Complete 
|  69|0x0000000087f00000, 0x0000000088000000, 0x0000000088000000|100%| E|CS|TAMS 0x0000000087f00000, 0x0000000087f00000| Complete 
|  70|0x0000000088000000, 0x0000000088100000, 0x0000000088100000|100%| E|CS|TAMS 0x0000000088000000, 0x0000000088000000| Complete 
|  71|0x0000000088100000, 0x0000000088200000, 0x0000000088200000|100%| E|CS|TAMS 0x0000000088100000, 0x0000000088100000| Complete 
|  72|0x0000000088200000, 0x0000000088300000, 0x0000000088300000|100%| E|CS|TAMS 0x0000000088200000, 0x0000000088200000| Complete 
|  73|0x0000000088300000, 0x0000000088400000, 0x0000000088400000|100%| E|CS|TAMS 0x0000000088300000, 0x0000000088300000| Complete 
|  74|0x0000000088400000, 0x0000000088500000, 0x0000000088500000|100%| E|CS|TAMS 0x0000000088400000, 0x0000000088400000| Complete 
|  75|0x0000000088500000, 0x0000000088600000, 0x0000000088600000|100%| E|CS|TAMS 0x0000000088500000, 0x0000000088500000| Complete 
|  76|0x0000000088600000, 0x0000000088700000, 0x0000000088700000|100%| E|CS|TAMS 0x0000000088600000, 0x0000000088600000| Complete 
|  77|0x0000000088700000, 0x0000000088800000, 0x0000000088800000|100%| E|CS|TAMS 0x0000000088700000, 0x0000000088700000| Complete 
|  78|0x0000000088800000, 0x0000000088900000, 0x0000000088900000|100%| E|CS|TAMS 0x0000000088800000, 0x0000000088800000| Complete 
|  79|0x0000000088900000, 0x0000000088a00000, 0x0000000088a00000|100%| E|CS|TAMS 0x0000000088900000, 0x0000000088900000| Complete 
|  80|0x0000000088a00000, 0x0000000088b00000, 0x0000000088b00000|100%| E|CS|TAMS 0x0000000088a00000, 0x0000000088a00000| Complete 
|  81|0x0000000088b00000, 0x0000000088c00000, 0x0000000088c00000|100%| E|CS|TAMS 0x0000000088b00000, 0x0000000088b00000| Complete 
| 125|0x000000008b700000, 0x000000008b800000, 0x000000008b800000|100%| E|CS|TAMS 0x000000008b700000, 0x000000008b700000| Complete 

Card table byte_map: [0x0000028550b40000,0x0000028550f30000] _byte_map_base: 0x0000028550723000

Marking Bits (Prev, Next): (CMBitMap*) 0x0000028539bd0030, (CMBitMap*) 0x0000028539bcfff0
 Prev Bits: [0x0000028553240000, 0x0000028555158000)
 Next Bits: [0x0000028551320000, 0x0000028553238000)

Polling page: 0x0000028537b30000

Metaspace:

Usage:
  Non-class:     65.86 MB used.
      Class:     10.31 MB used.
       Both:     76.17 MB used.

Virtual space:
  Non-class space:      128.00 MB reserved,      66.19 MB ( 52%) committed,  2 nodes.
      Class space:        1.00 GB reserved,      10.62 MB (  1%) committed,  1 nodes.
             Both:        1.12 GB reserved,      76.81 MB (  7%) committed. 

Chunk freelists:
   Non-Class:  13.47 MB
       Class:  5.39 MB
        Both:  18.86 MB

MaxMetaspaceSize: unlimited
CompressedClassSpaceSize: 1.00 GB
Initial GC threshold: 21.00 MB
Current GC threshold: 121.06 MB
CDS: on
MetaspaceReclaimPolicy: balanced
 - commit_granule_bytes: 65536.
 - commit_granule_words: 8192.
 - virtual_space_node_default_size: 8388608.
 - enlarge_chunks_in_place: 1.
 - new_chunks_are_fully_committed: 0.
 - uncommit_free_chunks: 1.
 - use_allocation_guard: 0.
 - handle_deallocations: 1.


Internal statistics:

num_allocs_failed_limit: 9.
num_arena_births: 942.
num_arena_deaths: 0.
num_vsnodes_births: 3.
num_vsnodes_deaths: 0.
num_space_committed: 1229.
num_space_uncommitted: 0.
num_chunks_returned_to_freelist: 9.
num_chunks_taken_from_freelist: 3773.
num_chunk_merges: 9.
num_chunk_splits: 2680.
num_chunks_enlarged: 2016.
num_purges: 0.
num_inconsistent_stats: 0.

CodeHeap 'non-profiled nmethods': size=120000Kb used=4724Kb max_used=4724Kb free=115276Kb
 bounds [0x0000028548ee0000, 0x0000028549380000, 0x0000028550410000]
CodeHeap 'profiled nmethods': size=120000Kb used=15260Kb max_used=15260Kb free=104739Kb
 bounds [0x0000028541410000, 0x0000028542300000, 0x0000028548940000]
CodeHeap 'non-nmethods': size=5760Kb used=1401Kb max_used=1449Kb free=4358Kb
 bounds [0x0000028548940000, 0x0000028548bb0000, 0x0000028548ee0000]
 total_blobs=8781 nmethods=8056 adapters=636
 compilation: enabled
              stopped_count=0, restarted_count=0
 full_count=0

Compilation events (20 events):
Event: 104.678 Thread 0x0000028557b9cb20 nmethod 8796 0x0000028549379710 code [0x00000285493798a0, 0x0000028549379978]
Event: 104.694 Thread 0x0000028557b9cb20 8797       1       java.util.Locale::getBaseLocale (5 bytes)
Event: 104.694 Thread 0x0000028557b9cb20 nmethod 8797 0x0000028549379a10 code [0x0000028549379ba0, 0x0000028549379c78]
Event: 104.697 Thread 0x0000028557b9cb20 8798 %     3       java.util.Properties$LineReader::readLine @ 53 (584 bytes)
Event: 104.702 Thread 0x0000028557b9cb20 nmethod 8798% 0x00000285422e9e10 code [0x00000285422ea1e0, 0x00000285422ecd78]
Event: 104.720 Thread 0x0000028557b9cb20 8802       3       ch.qos.logback.core.pattern.DynamicConverter::getFirstOption (35 bytes)
Event: 104.721 Thread 0x0000028557b9cb20 nmethod 8802 0x00000285422eda10 code [0x00000285422edbe0, 0x00000285422ee018]
Event: 104.722 Thread 0x0000028557b9cb20 8803       3       org.springframework.boot.ansi.AnsiOutput::toString (32 bytes)
Event: 104.722 Thread 0x00000285a2fc2f30 8800       4       java.lang.StringConcatHelper::stringOf (20 bytes)
Event: 104.723 Thread 0x0000028557b9cb20 nmethod 8803 0x00000285422ee110 code [0x00000285422ee320, 0x00000285422ee818]
Event: 104.723 Thread 0x0000028557b9cb20 8804       3       org.springframework.boot.ansi.AnsiOutput::isEnabled (46 bytes)
Event: 104.724 Thread 0x00000285a2fc2f30 nmethod 8800 0x0000028549379d10 code [0x0000028549379e80, 0x0000028549379f18]
Event: 104.724 Thread 0x00000285a2fc2f30 8801       4       org.springframework.util.CollectionUtils::isEmpty (19 bytes)
Event: 104.724 Thread 0x0000028557b9cb20 nmethod 8804 0x00000285422eea10 code [0x00000285422eebe0, 0x00000285422eef88]
Event: 104.725 Thread 0x00000285a2fc2f30 nmethod 8801 0x000002854937a010 code [0x000002854937a180, 0x000002854937a218]
Event: 104.725 Thread 0x00000285a2fc2f30 8799       4       java.nio.charset.CoderResult::isUnderflow (13 bytes)
Event: 104.726 Thread 0x00000285a2fc2f30 nmethod 8799 0x000002854937a310 code [0x000002854937a480, 0x000002854937a518]
Event: 104.726 Thread 0x00000285a2fc2f30 8805   !   4       java.util.concurrent.ConcurrentHashMap::computeIfAbsent (576 bytes)
Event: 104.803 Thread 0x00000285a2fc2f30 nmethod 8805 0x000002854937a610 code [0x000002854937a860, 0x000002854937c170]
Event: 104.803 Thread 0x00000285a2fc2f30 8806       4       org.springframework.beans.factory.support.AbstractBeanFactory::isTypeMatch (619 bytes)

GC Heap History (20 events):
Event: 29.714 GC heap before
{Heap before GC invocations=21 (full 0):
 garbage-first heap   total 58368K, used 46979K [0x0000000083a00000, 0x0000000100000000)
  region size 1024K, 18 young (18432K), 3 survivors (3072K)
 Metaspace       used 66399K, committed 66880K, reserved 1114112K
  class space    used 9052K, committed 9280K, reserved 1048576K
}
Event: 29.718 GC heap after
{Heap after GC invocations=22 (full 0):
 garbage-first heap   total 58368K, used 32226K [0x0000000083a00000, 0x0000000100000000)
  region size 1024K, 1 young (1024K), 1 survivors (1024K)
 Metaspace       used 66399K, committed 66880K, reserved 1114112K
  class space    used 9052K, committed 9280K, reserved 1048576K
}
Event: 29.856 GC heap before
{Heap before GC invocations=23 (full 0):
 garbage-first heap   total 65536K, used 46562K [0x0000000083a00000, 0x0000000100000000)
  region size 1024K, 16 young (16384K), 1 survivors (1024K)
 Metaspace       used 66808K, committed 67328K, reserved 1114112K
  class space    used 9082K, committed 9344K, reserved 1048576K
}
Event: 29.858 GC heap after
{Heap after GC invocations=24 (full 0):
 garbage-first heap   total 65536K, used 32263K [0x0000000083a00000, 0x0000000100000000)
  region size 1024K, 1 young (1024K), 1 survivors (1024K)
 Metaspace       used 66808K, committed 67328K, reserved 1114112K
  class space    used 9082K, committed 9344K, reserved 1048576K
}
Event: 30.273 GC heap before
{Heap before GC invocations=24 (full 0):
 garbage-first heap   total 65536K, used 53767K [0x0000000083a00000, 0x0000000100000000)
  region size 1024K, 22 young (22528K), 1 survivors (1024K)
 Metaspace       used 68638K, committed 69184K, reserved 1114112K
  class space    used 9353K, committed 9600K, reserved 1048576K
}
Event: 30.276 GC heap after
{Heap after GC invocations=25 (full 0):
 garbage-first heap   total 65536K, used 33576K [0x0000000083a00000, 0x0000000100000000)
  region size 1024K, 3 young (3072K), 3 survivors (3072K)
 Metaspace       used 68638K, committed 69184K, reserved 1114112K
  class space    used 9353K, committed 9600K, reserved 1048576K
}
Event: 30.461 GC heap before
{Heap before GC invocations=26 (full 0):
 garbage-first heap   total 65536K, used 53032K [0x0000000083a00000, 0x0000000100000000)
  region size 1024K, 22 young (22528K), 3 survivors (3072K)
 Metaspace       used 68828K, committed 69312K, reserved 1114112K
  class space    used 9370K, committed 9600K, reserved 1048576K
}
Event: 30.464 GC heap after
{Heap after GC invocations=27 (full 0):
 garbage-first heap   total 65536K, used 33880K [0x0000000083a00000, 0x0000000100000000)
  region size 1024K, 2 young (2048K), 2 survivors (2048K)
 Metaspace       used 68828K, committed 69312K, reserved 1114112K
  class space    used 9370K, committed 9600K, reserved 1048576K
}
Event: 30.684 GC heap before
{Heap before GC invocations=27 (full 0):
 garbage-first heap   total 65536K, used 53336K [0x0000000083a00000, 0x0000000100000000)
  region size 1024K, 21 young (21504K), 2 survivors (2048K)
 Metaspace       used 68938K, committed 69504K, reserved 1114112K
  class space    used 9377K, committed 9664K, reserved 1048576K
}
Event: 30.688 GC heap after
{Heap after GC invocations=28 (full 0):
 garbage-first heap   total 65536K, used 34204K [0x0000000083a00000, 0x0000000100000000)
  region size 1024K, 1 young (1024K), 1 survivors (1024K)
 Metaspace       used 68938K, committed 69504K, reserved 1114112K
  class space    used 9377K, committed 9664K, reserved 1048576K
}
Event: 33.109 GC heap before
{Heap before GC invocations=29 (full 0):
 garbage-first heap   total 65536K, used 54684K [0x0000000083a00000, 0x0000000100000000)
  region size 1024K, 21 young (21504K), 1 survivors (1024K)
 Metaspace       used 70580K, committed 71232K, reserved 1114112K
  class space    used 9540K, committed 9856K, reserved 1048576K
}
Event: 33.114 GC heap after
{Heap after GC invocations=30 (full 0):
 garbage-first heap   total 65536K, used 35840K [0x0000000083a00000, 0x0000000100000000)
  region size 1024K, 3 young (3072K), 3 survivors (3072K)
 Metaspace       used 70580K, committed 71232K, reserved 1114112K
  class space    used 9540K, committed 9856K, reserved 1048576K
}
Event: 33.354 GC heap before
{Heap before GC invocations=30 (full 0):
 garbage-first heap   total 65536K, used 53248K [0x0000000083a00000, 0x0000000100000000)
  region size 1024K, 20 young (20480K), 3 survivors (3072K)
 Metaspace       used 70751K, committed 71360K, reserved 1114112K
  class space    used 9549K, committed 9856K, reserved 1048576K
}
Event: 33.359 GC heap after
{Heap after GC invocations=31 (full 0):
 garbage-first heap   total 65536K, used 36269K [0x0000000083a00000, 0x0000000100000000)
  region size 1024K, 1 young (1024K), 1 survivors (1024K)
 Metaspace       used 70751K, committed 71360K, reserved 1114112K
  class space    used 9549K, committed 9856K, reserved 1048576K
}
Event: 33.693 GC heap before
{Heap before GC invocations=32 (full 0):
 garbage-first heap   total 70656K, used 54701K [0x0000000083a00000, 0x0000000100000000)
  region size 1024K, 19 young (19456K), 1 survivors (1024K)
 Metaspace       used 71227K, committed 71872K, reserved 1114112K
  class space    used 9610K, committed 9920K, reserved 1048576K
}
Event: 33.696 GC heap after
{Heap after GC invocations=33 (full 0):
 garbage-first heap   total 70656K, used 36944K [0x0000000083a00000, 0x0000000100000000)
  region size 1024K, 2 young (2048K), 2 survivors (2048K)
 Metaspace       used 71227K, committed 71872K, reserved 1114112K
  class space    used 9610K, committed 9920K, reserved 1048576K
}
Event: 34.478 GC heap before
{Heap before GC invocations=33 (full 0):
 garbage-first heap   total 70656K, used 58448K [0x0000000083a00000, 0x0000000100000000)
  region size 1024K, 23 young (23552K), 2 survivors (2048K)
 Metaspace       used 73490K, committed 74048K, reserved 1114112K
  class space    used 9913K, committed 10176K, reserved 1048576K
}
Event: 34.485 GC heap after
{Heap after GC invocations=34 (full 0):
 garbage-first heap   total 84992K, used 38565K [0x0000000083a00000, 0x0000000100000000)
  region size 1024K, 3 young (3072K), 3 survivors (3072K)
 Metaspace       used 73490K, committed 74048K, reserved 1114112K
  class space    used 9913K, committed 10176K, reserved 1048576K
}
Event: 35.564 GC heap before
{Heap before GC invocations=35 (full 0):
 garbage-first heap   total 84992K, used 70309K [0x0000000083a00000, 0x0000000100000000)
  region size 1024K, 34 young (34816K), 3 survivors (3072K)
 Metaspace       used 75876K, committed 76480K, reserved 1179648K
  class space    used 10266K, committed 10560K, reserved 1048576K
}
Event: 35.575 GC heap after
{Heap after GC invocations=36 (full 0):
 garbage-first heap   total 84992K, used 40880K [0x0000000083a00000, 0x0000000100000000)
  region size 1024K, 5 young (5120K), 5 survivors (5120K)
 Metaspace       used 75876K, committed 76480K, reserved 1179648K
  class space    used 10266K, committed 10560K, reserved 1048576K
}

Deoptimization events (20 events):
Event: 35.856 Thread 0x000002859e4717b0 DEOPT PACKING pc=0x00000285492f20e0 sp=0x000000cf1b9fe5c0
Event: 35.856 Thread 0x000002859e4717b0 DEOPT UNPACKING pc=0x0000028548995ba3 sp=0x000000cf1b9fe460 mode 2
Event: 35.888 Thread 0x000002859e4717b0 Uncommon trap: trap_request=0xffffff54 fr.pc=0x0000028548f6d570 relative=0x0000000000000230
Event: 35.889 Thread 0x000002859e4717b0 Uncommon trap: reason=speculate_null_assert action=make_not_entrant pc=0x0000028548f6d570 method=org.springframework.util.ConcurrentReferenceHashMap$Segment.restructureIfNecessary(Z)V @ 41 c2
Event: 35.889 Thread 0x000002859e4717b0 DEOPT PACKING pc=0x0000028548f6d570 sp=0x000000cf1b9fe6a0
Event: 35.889 Thread 0x000002859e4717b0 DEOPT UNPACKING pc=0x0000028548995ba3 sp=0x000000cf1b9fe678 mode 2
Event: 35.994 Thread 0x000002859e4717b0 DEOPT PACKING pc=0x00000285422beac6 sp=0x000000cf1b9fe4c0
Event: 35.994 Thread 0x000002859e4717b0 DEOPT UNPACKING pc=0x00000285489966e3 sp=0x000000cf1b9fd998 mode 0
Event: 104.503 Thread 0x0000028557b3c030 Uncommon trap: trap_request=0xffffff45 fr.pc=0x000002854936b098 relative=0x0000000000001338
Event: 104.503 Thread 0x0000028557b3c030 Uncommon trap: reason=unstable_if action=reinterpret pc=0x000002854936b098 method=java.util.concurrent.ConcurrentHashMap.putVal(Ljava/lang/Object;Ljava/lang/Object;Z)Ljava/lang/Object; @ 97 c2
Event: 104.503 Thread 0x0000028557b3c030 DEOPT PACKING pc=0x000002854936b098 sp=0x000000cf1c7fe6c0
Event: 104.503 Thread 0x0000028557b3c030 DEOPT UNPACKING pc=0x0000028548995ba3 sp=0x000000cf1c7fe658 mode 2
Event: 104.503 Thread 0x0000028557b3c030 Uncommon trap: trap_request=0xffffff45 fr.pc=0x0000028549092978 relative=0x0000000000000258
Event: 104.503 Thread 0x0000028557b3c030 Uncommon trap: reason=unstable_if action=reinterpret pc=0x0000028549092978 method=java.lang.invoke.MethodType.equals(Ljava/lang/Object;)Z @ 11 c2
Event: 104.503 Thread 0x0000028557b3c030 DEOPT PACKING pc=0x0000028549092978 sp=0x000000cf1c7fe5a0
Event: 104.503 Thread 0x0000028557b3c030 DEOPT UNPACKING pc=0x0000028548995ba3 sp=0x000000cf1c7fe568 mode 2
Event: 104.503 Thread 0x0000028557b3c030 Uncommon trap: trap_request=0xffffff54 fr.pc=0x00000285490a4114 relative=0x0000000000001394
Event: 104.503 Thread 0x0000028557b3c030 Uncommon trap: reason=speculate_null_assert action=make_not_entrant pc=0x00000285490a4114 method=java.lang.invoke.MethodType$ConcurrentWeakInternSet.add(Ljava/lang/Object;)Ljava/lang/Object; @ 47 c2
Event: 104.503 Thread 0x0000028557b3c030 DEOPT PACKING pc=0x00000285490a4114 sp=0x000000cf1c7fe780
Event: 104.503 Thread 0x0000028557b3c030 DEOPT UNPACKING pc=0x0000028548995ba3 sp=0x000000cf1c7fe718 mode 2

Classes unloaded (0 events):
No events

Classes redefined (0 events):
No events

Internal exceptions (20 events):
Event: 30.682 Thread 0x000002859e4717b0 Exception <a 'java/lang/reflect/InvocationTargetException'{0x00000000867f35f8}> (0x00000000867f35f8) 
thrown [s\open\src\hotspot\share\runtime\reflection.cpp, line 1121]
Event: 30.734 Thread 0x000002859e4717b0 Implicit null exception at 0x0000028548f11fd5 to 0x0000028548f125d8
Event: 32.942 Thread 0x000002859e4717b0 Implicit null exception at 0x0000028548f0a5d2 to 0x0000028548f0abdc
Event: 33.023 Thread 0x000002859e4717b0 Exception <a 'java/lang/reflect/InvocationTargetException'{0x0000000086b61de0}> (0x0000000086b61de0) 
thrown [s\open\src\hotspot\share\runtime\reflection.cpp, line 1121]
Event: 33.207 Thread 0x000002859e4717b0 Exception <a 'java/lang/reflect/InvocationTargetException'{0x000000008727c900}> (0x000000008727c900) 
thrown [s\open\src\hotspot\share\runtime\reflection.cpp, line 1121]
Event: 33.216 Thread 0x000002859e4717b0 Exception <a 'java/lang/reflect/InvocationTargetException'{0x00000000872cea88}> (0x00000000872cea88) 
thrown [s\open\src\hotspot\share\runtime\reflection.cpp, line 1121]
Event: 33.232 Thread 0x000002859e4717b0 Exception <a 'java/lang/reflect/InvocationTargetException'{0x0000000087174408}> (0x0000000087174408) 
thrown [s\open\src\hotspot\share\runtime\reflection.cpp, line 1121]
Event: 33.543 Thread 0x000002859e4717b0 Exception <a 'sun/nio/fs/WindowsException'{0x000000008739ade0}> (0x000000008739ade0) 
thrown [s\open\src\hotspot\share\prims\jni.cpp, line 516]
Event: 33.779 Thread 0x000002859e4717b0 Exception <a 'java/io/FileNotFoundException'{0x0000000087c6f428}> (0x0000000087c6f428) 
thrown [s\open\src\hotspot\share\prims\jni.cpp, line 516]
Event: 33.781 Thread 0x000002859e4717b0 Exception <a 'java/io/FileNotFoundException'{0x0000000087c7ac48}> (0x0000000087c7ac48) 
thrown [s\open\src\hotspot\share\prims\jni.cpp, line 516]
Event: 34.825 Thread 0x000002859e4717b0 Exception <a 'java/lang/IncompatibleClassChangeError'{0x0000000088340228}: Found class java.lang.Object, but interface was expected> (0x0000000088340228) 
thrown [s\open\src\hotspot\share\interpreter\linkResolver.cpp, line 826]
Event: 35.362 Thread 0x000002859e4717b0 Exception <a 'java/lang/IncompatibleClassChangeError'{0x0000000087404178}: Found class java.lang.Object, but interface was expected> (0x0000000087404178) 
thrown [s\open\src\hotspot\share\interpreter\linkResolver.cpp, line 826]
Event: 35.895 Thread 0x000002859e4717b0 Exception <a 'java/lang/NoSuchMethodError'{0x000000008846cd40}: 'java.lang.Object java.lang.invoke.DirectMethodHandle$Holder.newInvokeSpecial(java.lang.Object, java.lang.Object, int, java.lang.Object, java.lang.Object)'> (0x000000008846cd40) 
thrown [s\open\src\hotspot\share\interpreter\linkResolver.cpp, line 759]
Event: 35.898 Thread 0x000002859e4717b0 Exception <a 'java/lang/NoSuchMethodError'{0x0000000088477fd8}: 'java.lang.Object java.lang.invoke.DirectMethodHandle$Holder.invokeSpecial(java.lang.Object, java.lang.Object, int, java.lang.Object, int, java.lang.Object)'> (0x0000000088477fd8) 
thrown [s\open\src\hotspot\share\interpreter\linkResolver.cpp, line 759]
Event: 35.899 Thread 0x000002859e4717b0 Exception <a 'java/lang/NoSuchMethodError'{0x000000008847fff8}: 'java.lang.Object java.lang.invoke.DirectMethodHandle$Holder.newInvokeSpecial(java.lang.Object, java.lang.Object, int, java.lang.Object, int)'> (0x000000008847fff8) 
thrown [s\open\src\hotspot\share\interpreter\linkResolver.cpp, line 759]
Event: 35.899 Thread 0x000002859e4717b0 Exception <a 'java/lang/NoSuchMethodError'{0x00000000884cbe48}: 'java.lang.Object java.lang.invoke.DirectMethodHandle$Holder.invokeSpecial(java.lang.Object, java.lang.Object, java.lang.Object, int, java.lang.Object, int)'> (0x00000000884cbe48) 
thrown [s\open\src\hotspot\share\interpreter\linkResolver.cpp, line 759]
Event: 95.898 Thread 0x000002859ee07030 Exception <a 'java/lang/NoSuchMethodError'{0x00000000884c02e0}: 'java.lang.Object java.lang.invoke.DirectMethodHandle$Holder.invokeSpecial(java.lang.Object, java.lang.Object, long, int, int, int, int, int, int, int, int, int)'> (0x00000000884c02e0) 
thrown [s\open\src\hotspot\share\interpreter\linkResolver.cpp, line 759]
Event: 95.899 Thread 0x000002859ee07030 Exception <a 'java/lang/NoSuchMethodError'{0x00000000884c3f78}: 'java.lang.Object java.lang.invoke.DelegatingMethodHandle$Holder.reinvoke_L(java.lang.Object, long, int, int, int, int, int, int, int, int, int)'> (0x00000000884c3f78) 
thrown [s\open\src\hotspot\share\interpreter\linkResolver.cpp, line 759]
Event: 104.600 Thread 0x000002859ee06b60 Exception <a 'java/lang/NoSuchMethodError'{0x00000000876bda78}: 'java.lang.Object java.lang.invoke.DirectMethodHandle$Holder.invokeSpecial(java.lang.Object, java.lang.Object, java.lang.Object, java.lang.Object, java.lang.Object, long)'> (0x00000000876bda78) 
thrown [s\open\src\hotspot\share\interpreter\linkResolver.cpp, line 759]
Event: 104.601 Thread 0x000002859ee06b60 Exception <a 'java/lang/NoSuchMethodError'{0x00000000876c1ac0}: 'java.lang.Object java.lang.invoke.Invokers$Holder.linkToTargetMethod(java.lang.Object, java.lang.Object, java.lang.Object, long, java.lang.Object)'> (0x00000000876c1ac0) 
thrown [s\open\src\hotspot\share\interpreter\linkResolver.cpp, line 759]

VM Operations (20 events):
Event: 43.959 Executing VM operation: Cleanup
Event: 43.959 Executing VM operation: Cleanup done
Event: 47.991 Executing VM operation: Cleanup
Event: 47.991 Executing VM operation: Cleanup done
Event: 51.014 Executing VM operation: Cleanup
Event: 51.014 Executing VM operation: Cleanup done
Event: 58.057 Executing VM operation: Cleanup
Event: 58.057 Executing VM operation: Cleanup done
Event: 60.077 Executing VM operation: Cleanup
Event: 60.077 Executing VM operation: Cleanup done
Event: 69.129 Executing VM operation: Cleanup
Event: 69.129 Executing VM operation: Cleanup done
Event: 96.350 Executing VM operation: Cleanup
Event: 96.350 Executing VM operation: Cleanup done
Event: 98.377 Executing VM operation: Cleanup
Event: 98.377 Executing VM operation: Cleanup done
Event: 104.653 Executing VM operation: HandshakeAllThreads
Event: 104.653 Executing VM operation: HandshakeAllThreads done
Event: 104.653 Executing VM operation: Cleanup
Event: 104.653 Executing VM operation: Cleanup done

Events (20 events):
Event: 104.493 loading class sun/nio/ch/SocketChannelImpl$DefaultOptionsHolder done
Event: 104.495 loading class sun/nio/ch/SelectionKeyImpl
Event: 104.497 loading class java/nio/channels/spi/AbstractSelectionKey
Event: 104.497 loading class java/nio/channels/SelectionKey
Event: 104.498 loading class java/nio/channels/SelectionKey done
Event: 104.498 loading class java/nio/channels/spi/AbstractSelectionKey done
Event: 104.498 loading class sun/nio/ch/SelectionKeyImpl done
Event: 104.498 loading class java/lang/invoke/ConstantBootstraps
Event: 104.499 loading class java/lang/invoke/ConstantBootstraps done
Event: 104.609 loading class sun/nio/cs/ThreadLocalCoders
Event: 104.609 loading class sun/nio/cs/ThreadLocalCoders done
Event: 104.610 loading class sun/nio/cs/ThreadLocalCoders$1
Event: 104.610 loading class sun/nio/cs/ThreadLocalCoders$Cache
Event: 104.610 loading class sun/nio/cs/ThreadLocalCoders$Cache done
Event: 104.610 loading class sun/nio/cs/ThreadLocalCoders$1 done
Event: 104.610 loading class sun/nio/cs/ThreadLocalCoders$2
Event: 104.610 loading class sun/nio/cs/ThreadLocalCoders$2 done
Event: 104.682 loading class java/util/concurrent/locks/ReentrantReadWriteLock$Sync$HoldCounter
Event: 104.683 loading class java/util/concurrent/locks/ReentrantReadWriteLock$Sync$HoldCounter done
Event: 104.721 Thread 0x00000285a2fc2f30 Thread added: 0x00000285a2fc2f30


Dynamic libraries:
0x00007ff6c3d90000 - 0x00007ff6c3da0000 	D:\Setup Java\jdk-17.0.8_windows-x64_bin\jdk-17.0.8\bin\javaw.exe
0x00007ff974ab0000 - 0x00007ff974ca8000 	C:\Windows\SYSTEM32\ntdll.dll
0x00007ff973ea0000 - 0x00007ff973f5f000 	C:\Windows\System32\KERNEL32.DLL
0x00007ff972540000 - 0x00007ff972812000 	C:\Windows\System32\KERNELBASE.dll
0x00007ff9729f0000 - 0x00007ff972af0000 	C:\Windows\System32\ucrtbase.dll
0x00007ff942660000 - 0x00007ff942679000 	D:\Setup Java\jdk-17.0.8_windows-x64_bin\jdk-17.0.8\bin\jli.dll
0x00007ff9516b0000 - 0x00007ff9516cb000 	D:\Setup Java\jdk-17.0.8_windows-x64_bin\jdk-17.0.8\bin\VCRUNTIME140.dll
0x00007ff974660000 - 0x00007ff97470e000 	C:\Windows\System32\ADVAPI32.dll
0x00007ff973bb0000 - 0x00007ff973c4e000 	C:\Windows\System32\msvcrt.dll
0x00007ff9748c0000 - 0x00007ff97495c000 	C:\Windows\System32\sechost.dll
0x00007ff973fc0000 - 0x00007ff9740e5000 	C:\Windows\System32\RPCRT4.dll
0x00007ff973a00000 - 0x00007ff973ba1000 	C:\Windows\System32\USER32.dll
0x00007ff95d930000 - 0x00007ff95dbca000 	C:\Windows\WinSxS\amd64_microsoft.windows.common-controls_6595b64144ccf1df_6.0.19041.1110_none_60b5254171f9507e\COMCTL32.dll
0x00007ff972310000 - 0x00007ff972332000 	C:\Windows\System32\win32u.dll
0x00007ff973d70000 - 0x00007ff973d9b000 	C:\Windows\System32\GDI32.dll
0x00007ff972820000 - 0x00007ff97292f000 	C:\Windows\System32\gdi32full.dll
0x00007ff9724a0000 - 0x00007ff97253d000 	C:\Windows\System32\msvcp_win.dll
0x00007ff96b600000 - 0x00007ff96b60a000 	C:\Windows\SYSTEM32\VERSION.dll
0x00007ff974a30000 - 0x00007ff974a62000 	C:\Windows\System32\IMM32.DLL
0x00007ff9516a0000 - 0x00007ff9516ac000 	D:\Setup Java\jdk-17.0.8_windows-x64_bin\jdk-17.0.8\bin\vcruntime140_1.dll
0x00007ff92e090000 - 0x00007ff92e11e000 	D:\Setup Java\jdk-17.0.8_windows-x64_bin\jdk-17.0.8\bin\msvcp140.dll
0x00007ff8eb9f0000 - 0x00007ff8ec5ce000 	D:\Setup Java\jdk-17.0.8_windows-x64_bin\jdk-17.0.8\bin\server\jvm.dll
0x00007ff973e90000 - 0x00007ff973e98000 	C:\Windows\System32\PSAPI.DLL
0x00007ff96d9d0000 - 0x00007ff96d9d9000 	C:\Windows\SYSTEM32\WSOCK32.dll
0x00007ff973c50000 - 0x00007ff973cbb000 	C:\Windows\System32\WS2_32.dll
0x00007ff970780000 - 0x00007ff9707a7000 	C:\Windows\SYSTEM32\WINMM.dll
0x00007ff9709f0000 - 0x00007ff970a02000 	C:\Windows\SYSTEM32\kernel.appcore.dll
0x00007ff9502a0000 - 0x00007ff9502aa000 	D:\Setup Java\jdk-17.0.8_windows-x64_bin\jdk-17.0.8\bin\jimage.dll
0x00007ff970590000 - 0x00007ff970774000 	C:\Windows\SYSTEM32\DBGHELP.DLL
0x00007ff96fdb0000 - 0x00007ff96fde5000 	C:\Windows\SYSTEM32\dbgcore.DLL
0x00007ff972930000 - 0x00007ff9729b2000 	C:\Windows\System32\bcryptPrimitives.dll
0x00007ff942630000 - 0x00007ff942655000 	D:\Setup Java\jdk-17.0.8_windows-x64_bin\jdk-17.0.8\bin\java.dll
0x00007ff92b480000 - 0x00007ff92b557000 	D:\Setup Java\jdk-17.0.8_windows-x64_bin\jdk-17.0.8\bin\jsvml.dll
0x00007ff9732b0000 - 0x00007ff9739f4000 	C:\Windows\System32\SHELL32.dll
0x00007ff96fdf0000 - 0x00007ff970582000 	C:\Windows\SYSTEM32\windows.storage.dll
0x00007ff972c20000 - 0x00007ff972f75000 	C:\Windows\System32\combase.dll
0x00007ff971c00000 - 0x00007ff971c30000 	C:\Windows\SYSTEM32\Wldp.dll
0x00007ff973200000 - 0x00007ff9732ad000 	C:\Windows\System32\SHCORE.dll
0x00007ff974970000 - 0x00007ff9749c5000 	C:\Windows\System32\shlwapi.dll
0x00007ff9720e0000 - 0x00007ff9720ff000 	C:\Windows\SYSTEM32\profapi.dll
0x00007ff942500000 - 0x00007ff942519000 	D:\Setup Java\jdk-17.0.8_windows-x64_bin\jdk-17.0.8\bin\net.dll
0x00007ff9690f0000 - 0x00007ff9691fc000 	C:\Windows\SYSTEM32\WINHTTP.dll
0x00007ff971960000 - 0x00007ff9719ca000 	C:\Windows\system32\mswsock.dll
0x00007ff93ae80000 - 0x00007ff93ae96000 	D:\Setup Java\jdk-17.0.8_windows-x64_bin\jdk-17.0.8\bin\nio.dll
0x00007ff93a710000 - 0x00007ff93a728000 	D:\Setup Java\jdk-17.0.8_windows-x64_bin\jdk-17.0.8\bin\zip.dll
0x00007ff945ee0000 - 0x00007ff945eea000 	D:\Setup Java\jdk-17.0.8_windows-x64_bin\jdk-17.0.8\bin\management.dll
0x00007ff945ec0000 - 0x00007ff945ecb000 	D:\Setup Java\jdk-17.0.8_windows-x64_bin\jdk-17.0.8\bin\management_ext.dll
0x00007ff945d40000 - 0x00007ff945d4e000 	D:\Setup Java\jdk-17.0.8_windows-x64_bin\jdk-17.0.8\bin\sunmscapi.dll
0x00007ff972340000 - 0x00007ff972496000 	C:\Windows\System32\CRYPT32.dll
0x00007ff971cd0000 - 0x00007ff971cf7000 	C:\Windows\SYSTEM32\ncrypt.dll
0x00007ff971c30000 - 0x00007ff971c6b000 	C:\Windows\SYSTEM32\NTASN1.dll
0x00007ff971b60000 - 0x00007ff971b78000 	C:\Windows\SYSTEM32\CRYPTSP.dll
0x00007ff971210000 - 0x00007ff971244000 	C:\Windows\system32\rsaenh.dll
0x00007ff9729c0000 - 0x00007ff9729e7000 	C:\Windows\System32\bcrypt.dll
0x00007ff972060000 - 0x00007ff97208e000 	C:\Windows\SYSTEM32\USERENV.dll
0x00007ff971b50000 - 0x00007ff971b5c000 	C:\Windows\SYSTEM32\CRYPTBASE.dll
0x00007ff971600000 - 0x00007ff97163b000 	C:\Windows\SYSTEM32\IPHLPAPI.DLL
0x00007ff974960000 - 0x00007ff974968000 	C:\Windows\System32\NSI.dll
0x00007ff96a640000 - 0x00007ff96a657000 	C:\Windows\SYSTEM32\dhcpcsvc6.DLL
0x00007ff96a8a0000 - 0x00007ff96a8bd000 	C:\Windows\SYSTEM32\dhcpcsvc.DLL
0x00007ff971640000 - 0x00007ff97170a000 	C:\Windows\SYSTEM32\DNSAPI.dll
0x00007ff944d60000 - 0x00007ff944d70000 	D:\Setup Java\jdk-17.0.8_windows-x64_bin\jdk-17.0.8\bin\verify.dll
0x00007ff94aed0000 - 0x00007ff94aee7000 	C:\Windows\system32\napinsp.dll
0x00007ff94aeb0000 - 0x00007ff94aecb000 	C:\Windows\system32\pnrpnsp.dll
0x00007ff949420000 - 0x00007ff949435000 	C:\Windows\system32\wshbth.dll
0x00007ff96d4a0000 - 0x00007ff96d4bd000 	C:\Windows\system32\NLAapi.dll
0x00007ff9493b0000 - 0x00007ff9493c2000 	C:\Windows\System32\winrnr.dll
0x00007ff961100000 - 0x00007ff96110a000 	C:\Windows\System32\rasadhlp.dll
0x00007ff961140000 - 0x00007ff9611c0000 	C:\Windows\System32\fwpuclnt.dll
0x00007ff951290000 - 0x00007ff951297000 	C:\Windows\system32\wshunix.dll

dbghelp: loaded successfully - version: 4.0.5 - missing functions: none
symbol engine: initialized successfully - sym options: 0x614 - pdb path: .;D:\Setup Java\jdk-17.0.8_windows-x64_bin\jdk-17.0.8\bin;C:\Windows\SYSTEM32;C:\Windows\WinSxS\amd64_microsoft.windows.common-controls_6595b64144ccf1df_6.0.19041.1110_none_60b5254171f9507e;D:\Setup Java\jdk-17.0.8_windows-x64_bin\jdk-17.0.8\bin\server

VM Arguments:
jvm_args: -Dfile.encoding=UTF-8 -XX:+ShowCodeDetailsInExceptionMessages 
java_command: com.backend.stayEasy.StayEasyApplication
java_class_path (initial): D:\SPRING-BOOT\stayEasyProject\stayEasy\stayEasy\target\classes;D:\Setup Java\m2\org\springframework\boot\spring-boot-starter-thymeleaf\3.3.0-M1\spring-boot-starter-thymeleaf-3.3.0-M1.jar;D:\Setup Java\m2\org\springframework\boot\spring-boot-starter\3.3.0-M1\spring-boot-starter-3.3.0-M1.jar;D:\Setup Java\m2\org\springframework\boot\spring-boot-starter-logging\3.3.0-M1\spring-boot-starter-logging-3.3.0-M1.jar;D:\Setup Java\m2\ch\qos\logback\logback-classic\1.4.14\logback-classic-1.4.14.jar;D:\Setup Java\m2\ch\qos\logback\logback-core\1.4.14\logback-core-1.4.14.jar;D:\Setup Java\m2\org\apache\logging\log4j\log4j-to-slf4j\2.22.1\log4j-to-slf4j-2.22.1.jar;D:\Setup Java\m2\org\apache\logging\log4j\log4j-api\2.22.1\log4j-api-2.22.1.jar;D:\Setup Java\m2\org\slf4j\jul-to-slf4j\2.0.11\jul-to-slf4j-2.0.11.jar;D:\Setup Java\m2\jakarta\annotation\jakarta.annotation-api\2.1.1\jakarta.annotation-api-2.1.1.jar;D:\Setup Java\m2\org\yaml\snakeyaml\2.2\snakeyaml-2.2.jar;D:\Setup Java\m2\org\thymeleaf\thymeleaf-spring6\3.1.2.RELEASE\thymeleaf-spring6-3.1.2.RELEASE.jar;D:\Setup Java\m2\org\thymeleaf\thymeleaf\3.1.2.RELEASE\thymeleaf-3.1.2.RELEASE.jar;D:\Setup Java\m2\org\attoparser\attoparser\2.0.7.RELEASE\attoparser-2.0.7.RELEASE.jar;D:\Setup Java\m2\org\unbescape\unbescape\1.1.6.RELEASE\unbescape-1.1.6.RELEASE.jar;D:\Setup Java\m2\org\springframework\boot\spring-boot-starter-mail\3.3.0-M1\spring-boot-starter-mail-3.3.0-M1.jar;D:\Setup Java\m2\org\springframework\spring-context-support\6.1.3\spring-context-support-6.1.3.jar;D:\Setup Java\m2\org\springframework\spring-beans\6.1.3\spring-beans-6.1.3.jar;D:\Setup Java\m2\org\springframework\spring-context\6.1.3\spring-context-6.1.3.jar;D:\Setup Java\m2\org\eclipse\angus\jakarta.mail\2.0.2\jakarta.mail-2.0.2.jar;D:\Setup Java\m2\jakarta\activation\jakarta.activation-api\2.1.2\jakarta.activation-api-2.1.2.jar;D:\Setup Java\m2\org\eclipse\angus\angus-activation\2.0.1\angus-activation-2.0.1.jar;D:\Setup Java\m2\o
Launcher Type: SUN_STANDARD

[Global flags]
     intx CICompilerCount                          = 4                                         {product} {ergonomic}
     uint ConcGCThreads                            = 2                                         {product} {ergonomic}
     uint G1ConcRefinementThreads                  = 8                                         {product} {ergonomic}
   size_t G1HeapRegionSize                         = 1048576                                   {product} {ergonomic}
    uintx GCDrainStackTargetSize                   = 64                                        {product} {ergonomic}
   size_t InitialHeapSize                          = 132120576                                 {product} {ergonomic}
   size_t MarkStackSize                            = 4194304                                   {product} {ergonomic}
   size_t MaxHeapSize                              = 2086666240                                {product} {ergonomic}
   size_t MaxNewSize                               = 1251999744                                {product} {ergonomic}
   size_t MinHeapDeltaBytes                        = 1048576                                   {product} {ergonomic}
   size_t MinHeapSize                              = 8388608                                   {product} {ergonomic}
    uintx NonNMethodCodeHeapSize                   = 5839372                                {pd product} {ergonomic}
    uintx NonProfiledCodeHeapSize                  = 122909434                              {pd product} {ergonomic}
    uintx ProfiledCodeHeapSize                     = 122909434                              {pd product} {ergonomic}
    uintx ReservedCodeCacheSize                    = 251658240                              {pd product} {ergonomic}
     bool SegmentedCodeCache                       = true                                      {product} {ergonomic}
     bool ShowCodeDetailsInExceptionMessages       = true                                   {manageable} {command line}
   size_t SoftMaxHeapSize                          = 2086666240                             {manageable} {ergonomic}
     bool UseCompressedClassPointers               = true                           {product lp64_product} {ergonomic}
     bool UseCompressedOops                        = true                           {product lp64_product} {ergonomic}
     bool UseG1GC                                  = true                                      {product} {ergonomic}
     bool UseLargePagesIndividualAllocation        = false                                  {pd product} {ergonomic}

Logging:
Log output configuration:
 #0: stdout all=warning uptime,level,tags
 #1: stderr all=off uptime,level,tags

Environment Variables:
JAVA_HOME=D:\Setup Java\jdk-17.0.8_windows-x64_bin\jdk-17.0.8\bin
PATH=C:/Users/DELL/.p2/pool/plugins/org.eclipse.justj.openjdk.hotspot.jre.full.win32.x86_64_17.0.8.v20230801-1951/jre/bin/server;C:/Users/DELL/.p2/pool/plugins/org.eclipse.justj.openjdk.hotspot.jre.full.win32.x86_64_17.0.8.v20230801-1951/jre/bin;D:\Download\bin;C:\Python311\Scripts\;C:\Python311\;C:\Program Files\Common Files\Oracle\Java\javapath;C:\Users\DELL\AppData\Local\Programs\Python\Python39\Scripts\;C:\Users\DELL\AppData\Local\Programs\Python\Python39\;C:\Python39\Scripts\;C:\Python39\;C:\Program Files\Java\jdk-15.0.1\bin;C:\Windows\system32;C:\Windows;C:\Windows\System32\Wbem;C:\Windows\System32\WindowsPowerShell\v1.0\;C:\Windows\System32\OpenSSH\;C:\Program Files (x86)\NVIDIA Corporation\PhysX\Common;C:\ProgramData\chocolatey\bin;C:\Program Files\dotnet\;D:\Setup Java\apache-maven-3.8.7-bin\apache-maven-3.8.7\bin;D:\setupnode\;D:\Git\cmd;C:\Program Files (x86)\Microsoft SQL Server\150\DTS\Binn\;C:\Program Files\Microsoft SQL Server\Client SDK\ODBC\170\Tools\Binn\;C:\Program Files (x86)\Microsoft SQL Server\150\Tools\Binn\;C:\Program Files\Microsoft SQL Server\150\Tools\Binn\;C:\Program Files\Microsoft SQL Server\150\DTS\Binn\;C:\Program Files\MySQL\MySQL Shell 8.0\bin\;D:\Python\Scripts\;D:\Python\;D:\Fluter\flutter\bin;D:\Python39;D:\NEN\Microsoft VS Code\bin;C:\Users\DELL\AppData\Roaming\npm;C:\Users\DELL\Desktop;
USERNAME=DELL
OS=Windows_NT
PROCESSOR_IDENTIFIER=Intel64 Family 6 Model 126 Stepping 5, GenuineIntel



---------------  S Y S T E M  ---------------

OS:
 Windows 10 , 64 bit Build 19041 (10.0.19041.2364)
OS uptime: 0 days 2:46 hours

CPU: total 8 (initial active 8) (4 cores per cpu, 2 threads per core) family 6 model 126 stepping 5 microcode 0xc2, cx8, cmov, fxsr, ht, mmx, 3dnowpref, sse, sse2, sse3, ssse3, sse4.1, sse4.2, popcnt, lzcnt, tsc, tscinvbit, avx, avx2, aes, erms, clmul, bmi1, bmi2, adx, avx512f, avx512dq, avx512cd, avx512bw, avx512vl, sha, fma, vzeroupper, avx512_vpopcntdq, avx512_vpclmulqdq, avx512_vaes, avx512_vnni, clflush, clflushopt, avx512_vbmi2, avx512_vbmi

Memory: 4k page, system-wide physical 7959M (492M free)
TotalPageFile size 11911M (AvailPageFile size 4M)
current process WorkingSet (physical memory assigned to process): 277M, peak: 296M
current process commit charge ("private bytes"): 318M, peak: 335M

vm_info: Java HotSpot(TM) 64-Bit Server VM (17.0.8+9-LTS-211) for windows-amd64 JRE (17.0.8+9-LTS-211), built on Jun 14 2023 10:34:31 by "mach5one" with MS VC++ 17.1 (VS2022)

END.
