#
# There is insufficient memory for the Java Runtime Environment to continue.
# Native memory allocation (malloc) failed to allocate 526784 bytes for Chunk::new
# Possible reasons:
#   The system is out of physical RAM or swap space
#   The process is running with CompressedOops enabled, and the Java Heap may be blocking the growth of the native heap
# Possible solutions:
#   Reduce memory load on the system
#   Increase physical memory or swap space
#   Check if swap backing store is full
#   Decrease Java heap size (-Xmx/-Xms)
#   Decrease number of Java threads
#   Decrease Java thread stack sizes (-Xss)
#   Set larger code cache with -XX:ReservedCodeCacheSize=
#   JVM is running with Unscaled Compressed Oops mode in which the Java heap is
#     placed in the first 4GB address space. The Java Heap base address is the
#     maximum limit for the native heap growth. Please use -XX:HeapBaseMinAddress
#     to set the Java Heap base and to place the Java Heap above 4GB virtual address.
# This output file may be truncated or incomplete.
#
#  Out of Memory Error (arena.cpp:189), pid=3848, tid=15664
#
# JRE version: Java(TM) SE Runtime Environment (17.0.8+9) (build 17.0.8+9-LTS-211)
# Java VM: Java HotSpot(TM) 64-Bit Server VM (17.0.8+9-LTS-211, mixed mode, sharing, tiered, compressed oops, compressed class ptrs, g1 gc, windows-amd64)
# No core dump will be written. Minidumps are not enabled by default on client versions of Windows
#

---------------  S U M M A R Y ------------

Command Line: -Dfile.encoding=UTF-8 -XX:+ShowCodeDetailsInExceptionMessages com.backend.stayEasy.StayEasyApplication

Host: Intel(R) Core(TM) i5-1035G1 CPU @ 1.00GHz, 8 cores, 7G,  Windows 10 , 64 bit Build 19041 (10.0.19041.2364)
Time: Sun Mar  3 22:06:44 2024 SE Asia Standard Time elapsed time: 6.621318 seconds (0d 0h 0m 6s)

---------------  T H R E A D  ---------------

Current thread (0x000002c4970c8880):  JavaThread "C2 CompilerThread0" daemon [_thread_in_native, id=15664, stack(0x000000f597300000,0x000000f597400000)]


Current CompileTask:
C2:   6621 2032       4       java.util.HashSet::add (20 bytes)

Stack: [0x000000f597300000,0x000000f597400000]
Native frames: (J=compiled Java code, j=interpreted, Vv=VM code, C=native code)
V  [jvm.dll+0x677d0a]
V  [jvm.dll+0x7d8c54]
V  [jvm.dll+0x7da3fe]
V  [jvm.dll+0x7daa63]
V  [jvm.dll+0x245c5f]
V  [jvm.dll+0xaaa6b]
V  [jvm.dll+0xab00c]
V  [jvm.dll+0x361e8e]
V  [jvm.dll+0x32c551]
V  [jvm.dll+0x32b9ea]
V  [jvm.dll+0x217fff]
V  [jvm.dll+0x217431]
V  [jvm.dll+0x1a3af0]
V  [jvm.dll+0x2270be]
V  [jvm.dll+0x22535b]
V  [jvm.dll+0x78e7bc]
V  [jvm.dll+0x788bba]
V  [jvm.dll+0x676b35]
C  [ucrtbase.dll+0x21bb2]
C  [KERNEL32.DLL+0x17614]
C  [ntdll.dll+0x526a1]


---------------  P R O C E S S  ---------------

Threads class SMR info:
_java_thread_list=0x000002c4dd26d860, length=15, elements={
0x000002c4f907bc80, 0x000002c4970b0010, 0x000002c4970b0f70, 0x000002c4970c2e70,
0x000002c4970c5350, 0x000002c4970c7920, 0x000002c4970c7ee0, 0x000002c4970c8880,
0x000002c4971365a0, 0x000002c497139350, 0x000002c497308c70, 0x000002c49731de60,
0x000002c497a96350, 0x000002c497a96820, 0x000002c4dd63f270
}

Java Threads: ( => current thread )
  0x000002c4f907bc80 JavaThread "main" [_thread_blocked, id=3516, stack(0x000000f596600000,0x000000f596700000)]
  0x000002c4970b0010 JavaThread "Reference Handler" daemon [_thread_blocked, id=6964, stack(0x000000f596d00000,0x000000f596e00000)]
  0x000002c4970b0f70 JavaThread "Finalizer" daemon [_thread_blocked, id=5552, stack(0x000000f596e00000,0x000000f596f00000)]
  0x000002c4970c2e70 JavaThread "Signal Dispatcher" daemon [_thread_blocked, id=4784, stack(0x000000f596f00000,0x000000f597000000)]
  0x000002c4970c5350 JavaThread "Attach Listener" daemon [_thread_blocked, id=12460, stack(0x000000f597000000,0x000000f597100000)]
  0x000002c4970c7920 JavaThread "Service Thread" daemon [_thread_blocked, id=2848, stack(0x000000f597100000,0x000000f597200000)]
  0x000002c4970c7ee0 JavaThread "Monitor Deflation Thread" daemon [_thread_blocked, id=14688, stack(0x000000f597200000,0x000000f597300000)]
=>0x000002c4970c8880 JavaThread "C2 CompilerThread0" daemon [_thread_in_native, id=15664, stack(0x000000f597300000,0x000000f597400000)]
  0x000002c4971365a0 JavaThread "C1 CompilerThread0" daemon [_thread_blocked, id=5240, stack(0x000000f597400000,0x000000f597500000)]
  0x000002c497139350 JavaThread "Sweeper thread" daemon [_thread_blocked, id=8932, stack(0x000000f597500000,0x000000f597600000)]
  0x000002c497308c70 JavaThread "Notification Thread" daemon [_thread_blocked, id=9460, stack(0x000000f597600000,0x000000f597700000)]
  0x000002c49731de60 JavaThread "Common-Cleaner" daemon [_thread_blocked, id=11752, stack(0x000000f597800000,0x000000f597900000)]
  0x000002c497a96350 JavaThread "Thread-0" [_thread_blocked, id=8804, stack(0x000000f597900000,0x000000f597a00000)]
  0x000002c497a96820 JavaThread "restartedMain" [_thread_in_native, id=15380, stack(0x000000f597a00000,0x000000f597b00000)]
  0x000002c4dd63f270 JavaThread "background-preinit" [_thread_in_vm, id=11332, stack(0x000000f598000000,0x000000f598100000)]

Other Threads:
  0x000002c4970aa9d0 VMThread "VM Thread" [stack: 0x000000f596c00000,0x000000f596d00000] [id=2652]
  0x000002c497309140 WatcherThread [stack: 0x000000f597700000,0x000000f597800000] [id=6932]
  0x000002c4f90d5d90 GCTaskThread "GC Thread#0" [stack: 0x000000f596700000,0x000000f596800000] [id=3952]
  0x000002c4dd083480 GCTaskThread "GC Thread#1" [stack: 0x000000f597b00000,0x000000f597c00000] [id=9316]
  0x000002c4dd083730 GCTaskThread "GC Thread#2" [stack: 0x000000f597c00000,0x000000f597d00000] [id=15248]
  0x000002c497c49500 GCTaskThread "GC Thread#3" [stack: 0x000000f597d00000,0x000000f597e00000] [id=6388]
  0x000002c497c497b0 GCTaskThread "GC Thread#4" [stack: 0x000000f597e00000,0x000000f597f00000] [id=16268]
  0x000002c497c49a60 GCTaskThread "GC Thread#5" [stack: 0x000000f597f00000,0x000000f598000000] [id=15388]
  0x000002c4dd302a70 GCTaskThread "GC Thread#6" [stack: 0x000000f598100000,0x000000f598200000] [id=12236]
  0x000002c4dd5a80c0 GCTaskThread "GC Thread#7" [stack: 0x000000f598200000,0x000000f598300000] [id=8284]
  0x000002c4f90e75a0 ConcurrentGCThread "G1 Main Marker" [stack: 0x000000f596800000,0x000000f596900000] [id=2312]
  0x000002c4f90e7fb0 ConcurrentGCThread "G1 Conc#0" [stack: 0x000000f596900000,0x000000f596a00000] [id=11168]
  0x000002c496f604a0 ConcurrentGCThread "G1 Refine#0" [stack: 0x000000f596a00000,0x000000f596b00000] [id=7544]
  0x000002c496f62480 ConcurrentGCThread "G1 Service" [stack: 0x000000f596b00000,0x000000f596c00000] [id=8544]

Threads with active compile tasks:
C2 CompilerThread0     6662 2032       4       java.util.HashSet::add (20 bytes)

VM state: not at safepoint (normal execution)

VM Mutex/Monitor currently owned by a thread: None

Heap address: 0x0000000083a00000, size: 1990 MB, Compressed Oops mode: 32-bit

CDS archive(s) mapped at: [0x000002c498000000-0x000002c498bd0000-0x000002c498bd0000), size 12386304, SharedBaseAddress: 0x000002c498000000, ArchiveRelocationMode: 1.
Compressed class space mapped at: 0x000002c499000000-0x000002c4d9000000, reserved size: 1073741824
Narrow klass base: 0x000002c498000000, Narrow klass shift: 0, Narrow klass range: 0x100000000

GC Precious Log:
 CPUs: 8 total, 8 available
 Memory: 7959M
 Large Page Support: Disabled
 NUMA Support: Disabled
 Compressed Oops: Enabled (32-bit)
 Heap Region Size: 1M
 Heap Min Capacity: 8M
 Heap Initial Capacity: 126M
 Heap Max Capacity: 1990M
 Pre-touch: Disabled
 Parallel Workers: 8
 Concurrent Workers: 2
 Concurrent Refinement Workers: 8
 Periodic GC: Disabled

Heap:
 garbage-first heap   total 129024K, used 22337K [0x0000000083a00000, 0x0000000100000000)
  region size 1024K, 17 young (17408K), 3 survivors (3072K)
 Metaspace       used 15962K, committed 16192K, reserved 1114112K
  class space    used 1957K, committed 2048K, reserved 1048576K

Heap Regions: E=young(eden), S=young(survivor), O=old, HS=humongous(starts), HC=humongous(continues), CS=collection set, F=free, OA=open archive, CA=closed archive, TAMS=top-at-mark-start (previous, next)
|   0|0x0000000083a00000, 0x0000000083b00000, 0x0000000083b00000|100%|HS|  |TAMS 0x0000000083a00000, 0x0000000083a00000| Complete 
|   1|0x0000000083b00000, 0x0000000083c00000, 0x0000000083c00000|100%| O|  |TAMS 0x0000000083b00000, 0x0000000083b00000| Untracked 
|   2|0x0000000083c00000, 0x0000000083d00000, 0x0000000083d00000|100%| O|  |TAMS 0x0000000083c00000, 0x0000000083c00000| Untracked 
|   3|0x0000000083d00000, 0x0000000083e00000, 0x0000000083e00000|100%| O|  |TAMS 0x0000000083d00000, 0x0000000083d00000| Untracked 
|   4|0x0000000083e00000, 0x0000000083f00000, 0x0000000083f00000|100%| O|  |TAMS 0x0000000083e00000, 0x0000000083e00000| Untracked 
|   5|0x0000000083f00000, 0x0000000084000000, 0x0000000084000000|100%| O|  |TAMS 0x0000000083f00000, 0x0000000083f00000| Untracked 
|   6|0x0000000084000000, 0x0000000084100000, 0x0000000084100000|100%| O|  |TAMS 0x0000000084000000, 0x0000000084000000| Untracked 
|   7|0x0000000084100000, 0x000000008413f200, 0x0000000084200000| 24%| O|  |TAMS 0x0000000084100000, 0x0000000084100000| Untracked 
|   8|0x0000000084200000, 0x0000000084200000, 0x0000000084300000|  0%| F|  |TAMS 0x0000000084200000, 0x0000000084200000| Untracked 
|   9|0x0000000084300000, 0x0000000084300000, 0x0000000084400000|  0%| F|  |TAMS 0x0000000084300000, 0x0000000084300000| Untracked 
|  10|0x0000000084400000, 0x0000000084400000, 0x0000000084500000|  0%| F|  |TAMS 0x0000000084400000, 0x0000000084400000| Untracked 
|  11|0x0000000084500000, 0x0000000084500000, 0x0000000084600000|  0%| F|  |TAMS 0x0000000084500000, 0x0000000084500000| Untracked 
|  12|0x0000000084600000, 0x0000000084600000, 0x0000000084700000|  0%| F|  |TAMS 0x0000000084600000, 0x0000000084600000| Untracked 
|  13|0x0000000084700000, 0x0000000084700000, 0x0000000084800000|  0%| F|  |TAMS 0x0000000084700000, 0x0000000084700000| Untracked 
|  14|0x0000000084800000, 0x0000000084800000, 0x0000000084900000|  0%| F|  |TAMS 0x0000000084800000, 0x0000000084800000| Untracked 
|  15|0x0000000084900000, 0x0000000084900000, 0x0000000084a00000|  0%| F|  |TAMS 0x0000000084900000, 0x0000000084900000| Untracked 
|  16|0x0000000084a00000, 0x0000000084a00000, 0x0000000084b00000|  0%| F|  |TAMS 0x0000000084a00000, 0x0000000084a00000| Untracked 
|  17|0x0000000084b00000, 0x0000000084b00000, 0x0000000084c00000|  0%| F|  |TAMS 0x0000000084b00000, 0x0000000084b00000| Untracked 
|  18|0x0000000084c00000, 0x0000000084c00000, 0x0000000084d00000|  0%| F|  |TAMS 0x0000000084c00000, 0x0000000084c00000| Untracked 
|  19|0x0000000084d00000, 0x0000000084d00000, 0x0000000084e00000|  0%| F|  |TAMS 0x0000000084d00000, 0x0000000084d00000| Untracked 
|  20|0x0000000084e00000, 0x0000000084e00000, 0x0000000084f00000|  0%| F|  |TAMS 0x0000000084e00000, 0x0000000084e00000| Untracked 
|  21|0x0000000084f00000, 0x0000000084f00000, 0x0000000085000000|  0%| F|  |TAMS 0x0000000084f00000, 0x0000000084f00000| Untracked 
|  22|0x0000000085000000, 0x0000000085000000, 0x0000000085100000|  0%| F|  |TAMS 0x0000000085000000, 0x0000000085000000| Untracked 
|  23|0x0000000085100000, 0x0000000085100000, 0x0000000085200000|  0%| F|  |TAMS 0x0000000085100000, 0x0000000085100000| Untracked 
|  24|0x0000000085200000, 0x0000000085200000, 0x0000000085300000|  0%| F|  |TAMS 0x0000000085200000, 0x0000000085200000| Untracked 
|  25|0x0000000085300000, 0x0000000085300000, 0x0000000085400000|  0%| F|  |TAMS 0x0000000085300000, 0x0000000085300000| Untracked 
|  26|0x0000000085400000, 0x0000000085400000, 0x0000000085500000|  0%| F|  |TAMS 0x0000000085400000, 0x0000000085400000| Untracked 
|  27|0x0000000085500000, 0x0000000085500000, 0x0000000085600000|  0%| F|  |TAMS 0x0000000085500000, 0x0000000085500000| Untracked 
|  28|0x0000000085600000, 0x0000000085600000, 0x0000000085700000|  0%| F|  |TAMS 0x0000000085600000, 0x0000000085600000| Untracked 
|  29|0x0000000085700000, 0x0000000085700000, 0x0000000085800000|  0%| F|  |TAMS 0x0000000085700000, 0x0000000085700000| Untracked 
|  30|0x0000000085800000, 0x0000000085800000, 0x0000000085900000|  0%| F|  |TAMS 0x0000000085800000, 0x0000000085800000| Untracked 
|  31|0x0000000085900000, 0x0000000085900000, 0x0000000085a00000|  0%| F|  |TAMS 0x0000000085900000, 0x0000000085900000| Untracked 
|  32|0x0000000085a00000, 0x0000000085a00000, 0x0000000085b00000|  0%| F|  |TAMS 0x0000000085a00000, 0x0000000085a00000| Untracked 
|  33|0x0000000085b00000, 0x0000000085b00000, 0x0000000085c00000|  0%| F|  |TAMS 0x0000000085b00000, 0x0000000085b00000| Untracked 
|  34|0x0000000085c00000, 0x0000000085c00000, 0x0000000085d00000|  0%| F|  |TAMS 0x0000000085c00000, 0x0000000085c00000| Untracked 
|  35|0x0000000085d00000, 0x0000000085d00000, 0x0000000085e00000|  0%| F|  |TAMS 0x0000000085d00000, 0x0000000085d00000| Untracked 
|  36|0x0000000085e00000, 0x0000000085e00000, 0x0000000085f00000|  0%| F|  |TAMS 0x0000000085e00000, 0x0000000085e00000| Untracked 
|  37|0x0000000085f00000, 0x0000000085f00000, 0x0000000086000000|  0%| F|  |TAMS 0x0000000085f00000, 0x0000000085f00000| Untracked 
|  38|0x0000000086000000, 0x0000000086000000, 0x0000000086100000|  0%| F|  |TAMS 0x0000000086000000, 0x0000000086000000| Untracked 
|  39|0x0000000086100000, 0x0000000086100000, 0x0000000086200000|  0%| F|  |TAMS 0x0000000086100000, 0x0000000086100000| Untracked 
|  40|0x0000000086200000, 0x0000000086200000, 0x0000000086300000|  0%| F|  |TAMS 0x0000000086200000, 0x0000000086200000| Untracked 
|  41|0x0000000086300000, 0x0000000086300000, 0x0000000086400000|  0%| F|  |TAMS 0x0000000086300000, 0x0000000086300000| Untracked 
|  42|0x0000000086400000, 0x0000000086400000, 0x0000000086500000|  0%| F|  |TAMS 0x0000000086400000, 0x0000000086400000| Untracked 
|  43|0x0000000086500000, 0x0000000086500000, 0x0000000086600000|  0%| F|  |TAMS 0x0000000086500000, 0x0000000086500000| Untracked 
|  44|0x0000000086600000, 0x0000000086600000, 0x0000000086700000|  0%| F|  |TAMS 0x0000000086600000, 0x0000000086600000| Untracked 
|  45|0x0000000086700000, 0x0000000086700000, 0x0000000086800000|  0%| F|  |TAMS 0x0000000086700000, 0x0000000086700000| Untracked 
|  46|0x0000000086800000, 0x0000000086800000, 0x0000000086900000|  0%| F|  |TAMS 0x0000000086800000, 0x0000000086800000| Untracked 
|  47|0x0000000086900000, 0x0000000086900000, 0x0000000086a00000|  0%| F|  |TAMS 0x0000000086900000, 0x0000000086900000| Untracked 
|  48|0x0000000086a00000, 0x0000000086a00000, 0x0000000086b00000|  0%| F|  |TAMS 0x0000000086a00000, 0x0000000086a00000| Untracked 
|  49|0x0000000086b00000, 0x0000000086b00000, 0x0000000086c00000|  0%| F|  |TAMS 0x0000000086b00000, 0x0000000086b00000| Untracked 
|  50|0x0000000086c00000, 0x0000000086c00000, 0x0000000086d00000|  0%| F|  |TAMS 0x0000000086c00000, 0x0000000086c00000| Untracked 
|  51|0x0000000086d00000, 0x0000000086d00000, 0x0000000086e00000|  0%| F|  |TAMS 0x0000000086d00000, 0x0000000086d00000| Untracked 
|  52|0x0000000086e00000, 0x0000000086e00000, 0x0000000086f00000|  0%| F|  |TAMS 0x0000000086e00000, 0x0000000086e00000| Untracked 
|  53|0x0000000086f00000, 0x0000000086f00000, 0x0000000087000000|  0%| F|  |TAMS 0x0000000086f00000, 0x0000000086f00000| Untracked 
|  54|0x0000000087000000, 0x0000000087000000, 0x0000000087100000|  0%| F|  |TAMS 0x0000000087000000, 0x0000000087000000| Untracked 
|  55|0x0000000087100000, 0x0000000087100000, 0x0000000087200000|  0%| F|  |TAMS 0x0000000087100000, 0x0000000087100000| Untracked 
|  56|0x0000000087200000, 0x0000000087200000, 0x0000000087300000|  0%| F|  |TAMS 0x0000000087200000, 0x0000000087200000| Untracked 
|  57|0x0000000087300000, 0x0000000087300000, 0x0000000087400000|  0%| F|  |TAMS 0x0000000087300000, 0x0000000087300000| Untracked 
|  58|0x0000000087400000, 0x0000000087400000, 0x0000000087500000|  0%| F|  |TAMS 0x0000000087400000, 0x0000000087400000| Untracked 
|  59|0x0000000087500000, 0x0000000087500000, 0x0000000087600000|  0%| F|  |TAMS 0x0000000087500000, 0x0000000087500000| Untracked 
|  60|0x0000000087600000, 0x0000000087600000, 0x0000000087700000|  0%| F|  |TAMS 0x0000000087600000, 0x0000000087600000| Untracked 
|  61|0x0000000087700000, 0x0000000087700000, 0x0000000087800000|  0%| F|  |TAMS 0x0000000087700000, 0x0000000087700000| Untracked 
|  62|0x0000000087800000, 0x0000000087800000, 0x0000000087900000|  0%| F|  |TAMS 0x0000000087800000, 0x0000000087800000| Untracked 
|  63|0x0000000087900000, 0x0000000087900000, 0x0000000087a00000|  0%| F|  |TAMS 0x0000000087900000, 0x0000000087900000| Untracked 
|  64|0x0000000087a00000, 0x0000000087a00000, 0x0000000087b00000|  0%| F|  |TAMS 0x0000000087a00000, 0x0000000087a00000| Untracked 
|  65|0x0000000087b00000, 0x0000000087b00000, 0x0000000087c00000|  0%| F|  |TAMS 0x0000000087b00000, 0x0000000087b00000| Untracked 
|  66|0x0000000087c00000, 0x0000000087c00000, 0x0000000087d00000|  0%| F|  |TAMS 0x0000000087c00000, 0x0000000087c00000| Untracked 
|  67|0x0000000087d00000, 0x0000000087d00000, 0x0000000087e00000|  0%| F|  |TAMS 0x0000000087d00000, 0x0000000087d00000| Untracked 
|  68|0x0000000087e00000, 0x0000000087e00000, 0x0000000087f00000|  0%| F|  |TAMS 0x0000000087e00000, 0x0000000087e00000| Untracked 
|  69|0x0000000087f00000, 0x0000000087f00000, 0x0000000088000000|  0%| F|  |TAMS 0x0000000087f00000, 0x0000000087f00000| Untracked 
|  70|0x0000000088000000, 0x0000000088000000, 0x0000000088100000|  0%| F|  |TAMS 0x0000000088000000, 0x0000000088000000| Untracked 
|  71|0x0000000088100000, 0x0000000088100000, 0x0000000088200000|  0%| F|  |TAMS 0x0000000088100000, 0x0000000088100000| Untracked 
|  72|0x0000000088200000, 0x0000000088200000, 0x0000000088300000|  0%| F|  |TAMS 0x0000000088200000, 0x0000000088200000| Untracked 
|  73|0x0000000088300000, 0x0000000088300000, 0x0000000088400000|  0%| F|  |TAMS 0x0000000088300000, 0x0000000088300000| Untracked 
|  74|0x0000000088400000, 0x0000000088400000, 0x0000000088500000|  0%| F|  |TAMS 0x0000000088400000, 0x0000000088400000| Untracked 
|  75|0x0000000088500000, 0x0000000088500000, 0x0000000088600000|  0%| F|  |TAMS 0x0000000088500000, 0x0000000088500000| Untracked 
|  76|0x0000000088600000, 0x0000000088600000, 0x0000000088700000|  0%| F|  |TAMS 0x0000000088600000, 0x0000000088600000| Untracked 
|  77|0x0000000088700000, 0x0000000088700000, 0x0000000088800000|  0%| F|  |TAMS 0x0000000088700000, 0x0000000088700000| Untracked 
|  78|0x0000000088800000, 0x0000000088800000, 0x0000000088900000|  0%| F|  |TAMS 0x0000000088800000, 0x0000000088800000| Untracked 
|  79|0x0000000088900000, 0x0000000088900000, 0x0000000088a00000|  0%| F|  |TAMS 0x0000000088900000, 0x0000000088900000| Untracked 
|  80|0x0000000088a00000, 0x0000000088a00000, 0x0000000088b00000|  0%| F|  |TAMS 0x0000000088a00000, 0x0000000088a00000| Untracked 
|  81|0x0000000088b00000, 0x0000000088b00000, 0x0000000088c00000|  0%| F|  |TAMS 0x0000000088b00000, 0x0000000088b00000| Untracked 
|  82|0x0000000088c00000, 0x0000000088c00000, 0x0000000088d00000|  0%| F|  |TAMS 0x0000000088c00000, 0x0000000088c00000| Untracked 
|  83|0x0000000088d00000, 0x0000000088d00000, 0x0000000088e00000|  0%| F|  |TAMS 0x0000000088d00000, 0x0000000088d00000| Untracked 
|  84|0x0000000088e00000, 0x0000000088e00000, 0x0000000088f00000|  0%| F|  |TAMS 0x0000000088e00000, 0x0000000088e00000| Untracked 
|  85|0x0000000088f00000, 0x0000000088f00000, 0x0000000089000000|  0%| F|  |TAMS 0x0000000088f00000, 0x0000000088f00000| Untracked 
|  86|0x0000000089000000, 0x0000000089000000, 0x0000000089100000|  0%| F|  |TAMS 0x0000000089000000, 0x0000000089000000| Untracked 
|  87|0x0000000089100000, 0x0000000089100000, 0x0000000089200000|  0%| F|  |TAMS 0x0000000089100000, 0x0000000089100000| Untracked 
|  88|0x0000000089200000, 0x0000000089200000, 0x0000000089300000|  0%| F|  |TAMS 0x0000000089200000, 0x0000000089200000| Untracked 
|  89|0x0000000089300000, 0x0000000089300000, 0x0000000089400000|  0%| F|  |TAMS 0x0000000089300000, 0x0000000089300000| Untracked 
|  90|0x0000000089400000, 0x0000000089400000, 0x0000000089500000|  0%| F|  |TAMS 0x0000000089400000, 0x0000000089400000| Untracked 
|  91|0x0000000089500000, 0x0000000089500000, 0x0000000089600000|  0%| F|  |TAMS 0x0000000089500000, 0x0000000089500000| Untracked 
|  92|0x0000000089600000, 0x00000000896913f0, 0x0000000089700000| 56%| S|CS|TAMS 0x0000000089600000, 0x0000000089600000| Complete 
|  93|0x0000000089700000, 0x0000000089800000, 0x0000000089800000|100%| S|CS|TAMS 0x0000000089700000, 0x0000000089700000| Complete 
|  94|0x0000000089800000, 0x0000000089900000, 0x0000000089900000|100%| S|CS|TAMS 0x0000000089800000, 0x0000000089800000| Complete 
|  95|0x0000000089900000, 0x0000000089900000, 0x0000000089a00000|  0%| F|  |TAMS 0x0000000089900000, 0x0000000089900000| Untracked 
|  96|0x0000000089a00000, 0x0000000089a00000, 0x0000000089b00000|  0%| F|  |TAMS 0x0000000089a00000, 0x0000000089a00000| Untracked 
|  97|0x0000000089b00000, 0x0000000089b00000, 0x0000000089c00000|  0%| F|  |TAMS 0x0000000089b00000, 0x0000000089b00000| Untracked 
|  98|0x0000000089c00000, 0x0000000089c00000, 0x0000000089d00000|  0%| F|  |TAMS 0x0000000089c00000, 0x0000000089c00000| Untracked 
|  99|0x0000000089d00000, 0x0000000089d00000, 0x0000000089e00000|  0%| F|  |TAMS 0x0000000089d00000, 0x0000000089d00000| Untracked 
| 100|0x0000000089e00000, 0x0000000089e00000, 0x0000000089f00000|  0%| F|  |TAMS 0x0000000089e00000, 0x0000000089e00000| Untracked 
| 101|0x0000000089f00000, 0x0000000089f00000, 0x000000008a000000|  0%| F|  |TAMS 0x0000000089f00000, 0x0000000089f00000| Untracked 
| 102|0x000000008a000000, 0x000000008a000000, 0x000000008a100000|  0%| F|  |TAMS 0x000000008a000000, 0x000000008a000000| Untracked 
| 103|0x000000008a100000, 0x000000008a100000, 0x000000008a200000|  0%| F|  |TAMS 0x000000008a100000, 0x000000008a100000| Untracked 
| 104|0x000000008a200000, 0x000000008a200000, 0x000000008a300000|  0%| F|  |TAMS 0x000000008a200000, 0x000000008a200000| Untracked 
| 105|0x000000008a300000, 0x000000008a300000, 0x000000008a400000|  0%| F|  |TAMS 0x000000008a300000, 0x000000008a300000| Untracked 
| 106|0x000000008a400000, 0x000000008a400000, 0x000000008a500000|  0%| F|  |TAMS 0x000000008a400000, 0x000000008a400000| Untracked 
| 107|0x000000008a500000, 0x000000008a500000, 0x000000008a600000|  0%| F|  |TAMS 0x000000008a500000, 0x000000008a500000| Untracked 
| 108|0x000000008a600000, 0x000000008a600000, 0x000000008a700000|  0%| F|  |TAMS 0x000000008a600000, 0x000000008a600000| Untracked 
| 109|0x000000008a700000, 0x000000008a700000, 0x000000008a800000|  0%| F|  |TAMS 0x000000008a700000, 0x000000008a700000| Untracked 
| 110|0x000000008a800000, 0x000000008a800000, 0x000000008a900000|  0%| F|  |TAMS 0x000000008a800000, 0x000000008a800000| Untracked 
| 111|0x000000008a900000, 0x000000008a953e90, 0x000000008aa00000| 32%| E|  |TAMS 0x000000008a900000, 0x000000008a900000| Complete 
| 112|0x000000008aa00000, 0x000000008ab00000, 0x000000008ab00000|100%| E|CS|TAMS 0x000000008aa00000, 0x000000008aa00000| Complete 
| 113|0x000000008ab00000, 0x000000008ac00000, 0x000000008ac00000|100%| E|CS|TAMS 0x000000008ab00000, 0x000000008ab00000| Complete 
| 114|0x000000008ac00000, 0x000000008ad00000, 0x000000008ad00000|100%| E|CS|TAMS 0x000000008ac00000, 0x000000008ac00000| Complete 
| 115|0x000000008ad00000, 0x000000008ae00000, 0x000000008ae00000|100%| E|CS|TAMS 0x000000008ad00000, 0x000000008ad00000| Complete 
| 116|0x000000008ae00000, 0x000000008af00000, 0x000000008af00000|100%| E|CS|TAMS 0x000000008ae00000, 0x000000008ae00000| Complete 
| 117|0x000000008af00000, 0x000000008b000000, 0x000000008b000000|100%| E|  |TAMS 0x000000008af00000, 0x000000008af00000| Complete 
| 118|0x000000008b000000, 0x000000008b100000, 0x000000008b100000|100%| E|CS|TAMS 0x000000008b000000, 0x000000008b000000| Complete 
| 119|0x000000008b100000, 0x000000008b200000, 0x000000008b200000|100%| E|CS|TAMS 0x000000008b100000, 0x000000008b100000| Complete 
| 120|0x000000008b200000, 0x000000008b300000, 0x000000008b300000|100%| E|CS|TAMS 0x000000008b200000, 0x000000008b200000| Complete 
| 121|0x000000008b300000, 0x000000008b400000, 0x000000008b400000|100%| E|CS|TAMS 0x000000008b300000, 0x000000008b300000| Complete 
| 122|0x000000008b400000, 0x000000008b500000, 0x000000008b500000|100%| E|CS|TAMS 0x000000008b400000, 0x000000008b400000| Complete 
| 123|0x000000008b500000, 0x000000008b600000, 0x000000008b600000|100%| E|CS|TAMS 0x000000008b500000, 0x000000008b500000| Complete 
| 124|0x000000008b600000, 0x000000008b700000, 0x000000008b700000|100%| E|CS|TAMS 0x000000008b600000, 0x000000008b600000| Complete 
| 125|0x000000008b700000, 0x000000008b800000, 0x000000008b800000|100%| E|CS|TAMS 0x000000008b700000, 0x000000008b700000| Complete 

Card table byte_map: [0x000002c4f9880000,0x000002c4f9c70000] _byte_map_base: 0x000002c4f9463000

Marking Bits (Prev, Next): (CMBitMap*) 0x000002c4f90d73b0, (CMBitMap*) 0x000002c4f90d73f0
 Prev Bits: [0x000002c4fa060000, 0x000002c4fbf78000)
 Next Bits: [0x000002c4fbf80000, 0x000002c4fde98000)

Polling page: 0x000002c4f8850000

Metaspace:

Usage:
  Non-class:     13.68 MB used.
      Class:      1.91 MB used.
       Both:     15.60 MB used.

Virtual space:
  Non-class space:       64.00 MB reserved,      13.81 MB ( 22%) committed,  1 nodes.
      Class space:        1.00 GB reserved,       2.00 MB ( <1%) committed,  1 nodes.
             Both:        1.06 GB reserved,      15.81 MB (  1%) committed. 

Chunk freelists:
   Non-Class:  2.12 MB
       Class:  13.95 MB
        Both:  16.07 MB

MaxMetaspaceSize: unlimited
CompressedClassSpaceSize: 1.00 GB
Initial GC threshold: 21.00 MB
Current GC threshold: 21.00 MB
CDS: on
MetaspaceReclaimPolicy: balanced
 - commit_granule_bytes: 65536.
 - commit_granule_words: 8192.
 - virtual_space_node_default_size: 8388608.
 - enlarge_chunks_in_place: 1.
 - new_chunks_are_fully_committed: 0.
 - uncommit_free_chunks: 1.
 - use_allocation_guard: 0.
 - handle_deallocations: 1.


Internal statistics:

num_allocs_failed_limit: 0.
num_arena_births: 204.
num_arena_deaths: 0.
num_vsnodes_births: 2.
num_vsnodes_deaths: 0.
num_space_committed: 253.
num_space_uncommitted: 0.
num_chunks_returned_to_freelist: 0.
num_chunks_taken_from_freelist: 721.
num_chunk_merges: 0.
num_chunk_splits: 494.
num_chunks_enlarged: 383.
num_purges: 0.
num_inconsistent_stats: 0.

CodeHeap 'non-profiled nmethods': size=120000Kb used=726Kb max_used=726Kb free=119274Kb
 bounds [0x000002c48f2a0000, 0x000002c48f510000, 0x000002c4967d0000]
CodeHeap 'profiled nmethods': size=120000Kb used=4117Kb max_used=4117Kb free=115882Kb
 bounds [0x000002c4877d0000, 0x000002c487be0000, 0x000002c48ed00000]
CodeHeap 'non-nmethods': size=5760Kb used=1208Kb max_used=1244Kb free=4551Kb
 bounds [0x000002c48ed00000, 0x000002c48ef70000, 0x000002c48f2a0000]
 total_blobs=2536 nmethods=2046 adapters=402
 compilation: enabled
              stopped_count=0, restarted_count=0
 full_count=0

Compilation events (20 events):
Event: 6.586 Thread 0x000002c4971365a0 2034       3       java.util.Collections$EmptySet::toArray (11 bytes)
Event: 6.586 Thread 0x000002c4971365a0 nmethod 2034 0x000002c487bcd890 code [0x000002c487bcda40, 0x000002c487bcdd38]
Event: 6.586 Thread 0x000002c4971365a0 2035       3       java.lang.reflect.Method::getDefaultValue (110 bytes)
Event: 6.588 Thread 0x000002c4971365a0 nmethod 2035 0x000002c487bcde10 code [0x000002c487bce120, 0x000002c487bcf038]
Event: 6.589 Thread 0x000002c4971365a0 2036       3       java.nio.CharBuffer::<init> (24 bytes)
Event: 6.590 Thread 0x000002c4971365a0 nmethod 2036 0x000002c487bcf590 code [0x000002c487bcf740, 0x000002c487bcf8e8]
Event: 6.590 Thread 0x000002c4971365a0 2037       3       java.nio.CharBuffer::limit (6 bytes)
Event: 6.590 Thread 0x000002c4971365a0 nmethod 2037 0x000002c487bcf990 code [0x000002c487bcfb40, 0x000002c487bcfce8]
Event: 6.590 Thread 0x000002c4971365a0 2039   !   3       java.io.BufferedReader::readLine (327 bytes)
Event: 6.593 Thread 0x000002c4971365a0 nmethod 2039 0x000002c487bcfd90 code [0x000002c487bd00a0, 0x000002c487bd13b8]
Event: 6.593 Thread 0x000002c4971365a0 2041       3       java.lang.StringLatin1::trim (76 bytes)
Event: 6.593 Thread 0x000002c4971365a0 nmethod 2041 0x000002c487bd1e10 code [0x000002c487bd1fe0, 0x000002c487bd23c8]
Event: 6.593 Thread 0x000002c4971365a0 2040       3       java.lang.String::trim (35 bytes)
Event: 6.594 Thread 0x000002c4971365a0 nmethod 2040 0x000002c487bd2510 code [0x000002c487bd26e0, 0x000002c487bd29d8]
Event: 6.594 Thread 0x000002c4971365a0 2038       3       sun.nio.cs.UTF_8$Decoder::decodeLoop (28 bytes)
Event: 6.594 Thread 0x000002c4971365a0 nmethod 2038 0x000002c487bd2a90 code [0x000002c487bd2c60, 0x000002c487bd3078]
Event: 6.607 Thread 0x000002c4971365a0 2045       3       java.nio.HeapByteBuffer::<init> (23 bytes)
Event: 6.607 Thread 0x000002c4971365a0 nmethod 2045 0x000002c487bd3210 code [0x000002c487bd33c0, 0x000002c487bd3548]
Event: 6.608 Thread 0x000002c4971365a0 2046   !   3       java.util.zip.ZipFile::getManifestName (61 bytes)
Event: 6.608 Thread 0x000002c4971365a0 nmethod 2046 0x000002c487bd3610 code [0x000002c487bd37e0, 0x000002c487bd3b78]

GC Heap History (4 events):
Event: 4.448 GC heap before
{Heap before GC invocations=0 (full 0):
 garbage-first heap   total 129024K, used 23552K [0x0000000083a00000, 0x0000000100000000)
  region size 1024K, 23 young (23552K), 0 survivors (0K)
 Metaspace       used 5331K, committed 5504K, reserved 1114112K
  class space    used 617K, committed 704K, reserved 1048576K
}
Event: 4.465 GC heap after
{Heap after GC invocations=1 (full 0):
 garbage-first heap   total 129024K, used 7340K [0x0000000083a00000, 0x0000000100000000)
  region size 1024K, 3 young (3072K), 3 survivors (3072K)
 Metaspace       used 5331K, committed 5504K, reserved 1114112K
  class space    used 617K, committed 704K, reserved 1048576K
}
Event: 5.890 GC heap before
{Heap before GC invocations=1 (full 0):
 garbage-first heap   total 129024K, used 34988K [0x0000000083a00000, 0x0000000100000000)
  region size 1024K, 31 young (31744K), 3 survivors (3072K)
 Metaspace       used 12644K, committed 12928K, reserved 1114112K
  class space    used 1536K, committed 1664K, reserved 1048576K
}
Event: 5.900 GC heap after
{Heap after GC invocations=2 (full 0):
 garbage-first heap   total 129024K, used 10049K [0x0000000083a00000, 0x0000000100000000)
  region size 1024K, 3 young (3072K), 3 survivors (3072K)
 Metaspace       used 12644K, committed 12928K, reserved 1114112K
  class space    used 1536K, committed 1664K, reserved 1048576K
}

Deoptimization events (20 events):
Event: 5.933 Thread 0x000002c497a96820 Uncommon trap: trap_request=0xffffff45 fr.pc=0x000002c48f2d1154 relative=0x00000000000005f4
Event: 5.933 Thread 0x000002c497a96820 Uncommon trap: reason=unstable_if action=reinterpret pc=0x000002c48f2d1154 method=java.util.zip.ZipCoder.hash(Ljava/lang/String;)I @ 23 c2
Event: 5.933 Thread 0x000002c497a96820 DEOPT PACKING pc=0x000002c48f2d1154 sp=0x000000f597afd850
Event: 5.934 Thread 0x000002c497a96820 DEOPT UNPACKING pc=0x000002c48ed55ba3 sp=0x000000f597afd768 mode 2
Event: 5.934 Thread 0x000002c497a96820 Uncommon trap: trap_request=0xffffff45 fr.pc=0x000002c48f2d0620 relative=0x0000000000000200
Event: 5.934 Thread 0x000002c497a96820 Uncommon trap: reason=unstable_if action=reinterpret pc=0x000002c48f2d0620 method=java.util.zip.ZipCoder.hash(Ljava/lang/String;)I @ 23 c2
Event: 5.934 Thread 0x000002c497a96820 DEOPT PACKING pc=0x000002c48f2d0620 sp=0x000000f597afd7c0
Event: 5.934 Thread 0x000002c497a96820 DEOPT UNPACKING pc=0x000002c48ed55ba3 sp=0x000000f597afd758 mode 2
Event: 5.935 Thread 0x000002c497a96820 Uncommon trap: trap_request=0xffffff45 fr.pc=0x000002c48f2ae840 relative=0x0000000000000040
Event: 5.935 Thread 0x000002c497a96820 Uncommon trap: reason=unstable_if action=reinterpret pc=0x000002c48f2ae840 method=sun.nio.fs.WindowsPathParser.isSlash(C)Z @ 9 c2
Event: 5.935 Thread 0x000002c497a96820 DEOPT PACKING pc=0x000002c48f2ae840 sp=0x000000f597afda30
Event: 5.935 Thread 0x000002c497a96820 DEOPT UNPACKING pc=0x000002c48ed55ba3 sp=0x000000f597afd9b8 mode 2
Event: 6.164 Thread 0x000002c497a96820 Uncommon trap: trap_request=0xffffff45 fr.pc=0x000002c48f337c2c relative=0x000000000000010c
Event: 6.164 Thread 0x000002c497a96820 Uncommon trap: reason=unstable_if action=reinterpret pc=0x000002c48f337c2c method=java.util.Arrays.equals([Ljava/lang/Object;[Ljava/lang/Object;)Z @ 44 c2
Event: 6.164 Thread 0x000002c497a96820 DEOPT PACKING pc=0x000002c48f337c2c sp=0x000000f597afd050
Event: 6.164 Thread 0x000002c497a96820 DEOPT UNPACKING pc=0x000002c48ed55ba3 sp=0x000000f597afcff0 mode 2
Event: 6.182 Thread 0x000002c497a96820 Uncommon trap: trap_request=0xffffff45 fr.pc=0x000002c48f30df2c relative=0x0000000000000ecc
Event: 6.182 Thread 0x000002c497a96820 Uncommon trap: reason=unstable_if action=reinterpret pc=0x000002c48f30df2c method=jdk.internal.org.objectweb.asm.SymbolTable.put(Ljdk/internal/org/objectweb/asm/SymbolTable$Entry;)Ljdk/internal/org/objectweb/asm/SymbolTable$Entry; @ 13 c2
Event: 6.182 Thread 0x000002c497a96820 DEOPT PACKING pc=0x000002c48f30df2c sp=0x000000f597afc6b0
Event: 6.182 Thread 0x000002c497a96820 DEOPT UNPACKING pc=0x000002c48ed55ba3 sp=0x000000f597afc608 mode 2

Classes unloaded (0 events):
No events

Classes redefined (0 events):
No events

Internal exceptions (20 events):
Event: 5.021 Thread 0x000002c497a96820 Exception <a 'java/lang/NoSuchMethodError'{0x000000008ae55988}: 'void java.lang.invoke.DirectMethodHandle$Holder.invokeStaticInit(java.lang.Object, java.lang.Object, java.lang.Object)'> (0x000000008ae55988) 
thrown [s\open\src\hotspot\share\interpreter\linkResolver.cpp, line 759]
Event: 5.035 Thread 0x000002c497a96820 Exception <a 'java/lang/NoSuchMethodError'{0x000000008ae9b7f0}: 'java.lang.Object java.lang.invoke.DirectMethodHandle$Holder.invokeStatic(java.lang.Object, java.lang.Object, long, java.lang.Object)'> (0x000000008ae9b7f0) 
thrown [s\open\src\hotspot\share\interpreter\linkResolver.cpp, line 759]
Event: 5.035 Thread 0x000002c497a96820 Exception <a 'java/lang/NoSuchMethodError'{0x000000008ae9f288}: 'java.lang.Object java.lang.invoke.DirectMethodHandle$Holder.invokeStaticInit(java.lang.Object, java.lang.Object, long, java.lang.Object)'> (0x000000008ae9f288) 
thrown [s\open\src\hotspot\share\interpreter\linkResolver.cpp, line 759]
Event: 5.036 Thread 0x000002c497a96820 Exception <a 'java/lang/NoSuchMethodError'{0x000000008aea5c88}: 'java.lang.Object java.lang.invoke.DirectMethodHandle$Holder.newInvokeSpecial(java.lang.Object, java.lang.Object, long)'> (0x000000008aea5c88) 
thrown [s\open\src\hotspot\share\interpreter\linkResolver.cpp, line 759]
Event: 5.037 Thread 0x000002c497a96820 Exception <a 'java/lang/NoSuchMethodError'{0x000000008aea97f8}: 'java.lang.Object java.lang.invoke.Invokers$Holder.linkToTargetMethod(java.lang.Object, long, java.lang.Object)'> (0x000000008aea97f8) 
thrown [s\open\src\hotspot\share\interpreter\linkResolver.cpp, line 759]
Event: 5.063 Thread 0x000002c497a96820 Exception <a 'java/lang/NoSuchMethodError'{0x000000008aef9f80}: 'void java.lang.invoke.DirectMethodHandle$Holder.invokeSpecial(java.lang.Object, java.lang.Object, java.lang.Object, java.lang.Object, java.lang.Object)'> (0x000000008aef9f80) 
thrown [s\open\src\hotspot\share\interpreter\linkResolver.cpp, line 759]
Event: 5.064 Thread 0x000002c497a96820 Exception <a 'java/lang/NoSuchMethodError'{0x000000008ad02dc8}: 'void java.lang.invoke.DirectMethodHandle$Holder.invokeVirtual(java.lang.Object, java.lang.Object, java.lang.Object, java.lang.Object)'> (0x000000008ad02dc8) 
thrown [s\open\src\hotspot\share\interpreter\linkResolver.cpp, line 759]
Event: 5.144 Thread 0x000002c497a96820 Exception <a 'java/lang/NoSuchMethodError'{0x000000008ac583b8}: 'void java.lang.invoke.DirectMethodHandle$Holder.invokeSpecial(java.lang.Object, java.lang.Object, java.lang.Object)'> (0x000000008ac583b8) 
thrown [s\open\src\hotspot\share\interpreter\linkResolver.cpp, line 759]
Event: 5.158 Thread 0x000002c497a96820 Exception <a 'java/lang/IncompatibleClassChangeError'{0x000000008ac89010}: Found class java.lang.Object, but interface was expected> (0x000000008ac89010) 
thrown [s\open\src\hotspot\share\interpreter\linkResolver.cpp, line 826]
Event: 5.240 Thread 0x000002c4dd63f270 Exception <a 'java/lang/NoClassDefFoundError'{0x000000008ab67ee8}: jakarta/validation/Validation> (0x000000008ab67ee8) 
thrown [s\open\src\hotspot\share\classfile\systemDictionary.cpp, line 245]
Event: 5.930 Thread 0x000002c497a96820 Exception <a 'java/lang/NoSuchMethodError'{0x000000008b7a8918}: 'java.lang.Object java.lang.invoke.DirectMethodHandle$Holder.invokeVirtual(java.lang.Object, java.lang.Object, java.lang.Object)'> (0x000000008b7a8918) 
thrown [s\open\src\hotspot\share\interpreter\linkResolver.cpp, line 759]
Event: 5.936 Thread 0x000002c497a96820 Exception <a 'sun/nio/fs/WindowsException'{0x000000008b7c2128}> (0x000000008b7c2128) 
thrown [s\open\src\hotspot\share\prims\jni.cpp, line 516]
Event: 5.938 Thread 0x000002c497a96820 Exception <a 'java/lang/NoSuchMethodError'{0x000000008b7c3a38}: 'int java.lang.invoke.DirectMethodHandle$Holder.invokeSpecial(java.lang.Object, java.lang.Object, java.lang.Object, java.lang.Object, java.lang.Object)'> (0x000000008b7c3a38) 
thrown [s\open\src\hotspot\share\interpreter\linkResolver.cpp, line 759]
Event: 5.944 Thread 0x000002c497a96820 Exception <a 'java/lang/NoSuchMethodError'{0x000000008b7cc7c0}: 'void java.lang.invoke.DirectMethodHandle$Holder.invokeVirtual(java.lang.Object, java.lang.Object)'> (0x000000008b7cc7c0) 
thrown [s\open\src\hotspot\share\interpreter\linkResolver.cpp, line 759]
Event: 6.561 Thread 0x000002c4dd63f270 Exception <a 'java/lang/NoSuchMethodError'{0x000000008ab76a00}: 'long java.lang.invoke.DirectMethodHandle$Holder.invokeSpecial(java.lang.Object, java.lang.Object)'> (0x000000008ab76a00) 
thrown [s\open\src\hotspot\share\interpreter\linkResolver.cpp, line 759]
Event: 6.564 Thread 0x000002c4dd63f270 Exception <a 'java/lang/NoSuchMethodError'{0x000000008ab815a8}: 'long java.lang.invoke.DirectMethodHandle$Holder.invokeStatic(java.lang.Object, java.lang.Object)'> (0x000000008ab815a8) 
thrown [s\open\src\hotspot\share\interpreter\linkResolver.cpp, line 759]
Event: 6.565 Thread 0x000002c4dd63f270 Exception <a 'java/lang/NoSuchMethodError'{0x000000008ab84900}: 'long java.lang.invoke.DirectMethodHandle$Holder.invokeStaticInit(java.lang.Object, java.lang.Object)'> (0x000000008ab84900) 
thrown [s\open\src\hotspot\share\interpreter\linkResolver.cpp, line 759]
Event: 6.572 Thread 0x000002c4dd63f270 Exception <a 'java/lang/NoSuchMethodError'{0x000000008ab92200}: 'long java.lang.invoke.DirectMethodHandle$Holder.invokeInterface(java.lang.Object, java.lang.Object)'> (0x000000008ab92200) 
thrown [s\open\src\hotspot\share\interpreter\linkResolver.cpp, line 759]
Event: 6.573 Thread 0x000002c4dd63f270 Exception <a 'java/lang/IncompatibleClassChangeError'{0x000000008ab954e8}: Found class java.lang.Object, but interface was expected> (0x000000008ab954e8) 
thrown [s\open\src\hotspot\share\interpreter\linkResolver.cpp, line 826]
Event: 6.580 Thread 0x000002c4dd63f270 Exception <a 'java/lang/NoSuchMethodError'{0x000000008aa07b98}: 'java.lang.Object java.lang.invoke.DirectMethodHandle$Holder.invokeVirtual(java.lang.Object, java.lang.Object, java.lang.Object, java.lang.Object)'> (0x000000008aa07b98) 
thrown [s\open\src\hotspot\share\interpreter\linkResolver.cpp, line 759]

VM Operations (20 events):
Event: 4.402 Executing VM operation: HandshakeAllThreads
Event: 4.402 Executing VM operation: HandshakeAllThreads done
Event: 4.446 Executing VM operation: G1CollectForAllocation
Event: 4.465 Executing VM operation: G1CollectForAllocation done
Event: 4.889 Executing VM operation: HandshakeAllThreads
Event: 4.889 Executing VM operation: HandshakeAllThreads done
Event: 5.139 Executing VM operation: HandshakeAllThreads
Event: 5.139 Executing VM operation: HandshakeAllThreads done
Event: 5.140 Executing VM operation: HandshakeAllThreads
Event: 5.140 Executing VM operation: HandshakeAllThreads done
Event: 5.391 Executing VM operation: ICBufferFull
Event: 5.391 Executing VM operation: ICBufferFull done
Event: 5.757 Executing VM operation: HandshakeAllThreads
Event: 5.757 Executing VM operation: HandshakeAllThreads done
Event: 5.881 Executing VM operation: HandshakeAllThreads
Event: 5.882 Executing VM operation: HandshakeAllThreads done
Event: 5.890 Executing VM operation: HandshakeAllThreads
Event: 5.890 Executing VM operation: HandshakeAllThreads done
Event: 5.890 Executing VM operation: G1CollectForAllocation
Event: 5.900 Executing VM operation: G1CollectForAllocation done

Events (20 events):
Event: 5.979 loading class java/io/CharArrayReader done
Event: 6.523 loading class java/lang/reflect/MalformedParametersException
Event: 6.523 loading class java/lang/reflect/MalformedParametersException done
Event: 6.529 loading class java/util/regex/Pattern$Pos
Event: 6.529 loading class java/util/regex/Pattern$Pos done
Event: 6.596 loading class java/lang/ThreadLocal$SuppliedThreadLocal
Event: 6.596 loading class java/lang/ThreadLocal$SuppliedThreadLocal done
Event: 6.597 loading class sun/util/locale/provider/TimeZoneNameUtility
Event: 6.598 loading class sun/util/locale/provider/TimeZoneNameUtility done
Event: 6.598 loading class sun/util/locale/provider/TimeZoneNameUtility$TimeZoneNameGetter
Event: 6.598 loading class sun/util/locale/provider/TimeZoneNameUtility$TimeZoneNameGetter done
Event: 6.601 loading class sun/util/cldr/CLDRTimeZoneNameProviderImpl
Event: 6.602 loading class sun/util/locale/provider/TimeZoneNameProviderImpl
Event: 6.603 loading class sun/util/locale/provider/TimeZoneNameProviderImpl done
Event: 6.603 loading class sun/util/cldr/CLDRTimeZoneNameProviderImpl done
Event: 6.605 loading class sun/util/locale/provider/BaseLocaleDataMetaInfo
Event: 6.605 loading class sun/util/locale/provider/BaseLocaleDataMetaInfo done
Event: 6.613 loading class sun/util/resources/cldr/TimeZoneNames
Event: 6.616 loading class sun/util/resources/TimeZoneNamesBundle
Event: 6.618 loading class sun/util/resources/OpenListResourceBundle


Dynamic libraries:
0x00007ff6bdd20000 - 0x00007ff6bdd30000 	D:\Setup Java\jdk-17.0.8_windows-x64_bin\jdk-17.0.8\bin\javaw.exe
0x00007ffb4aa90000 - 0x00007ffb4ac88000 	C:\Windows\SYSTEM32\ntdll.dll
0x00007ffb48ad0000 - 0x00007ffb48b8f000 	C:\Windows\System32\KERNEL32.DLL
0x00007ffb48560000 - 0x00007ffb48832000 	C:\Windows\System32\KERNELBASE.dll
0x00007ffb489d0000 - 0x00007ffb48ad0000 	C:\Windows\System32\ucrtbase.dll
0x00007ffb185d0000 - 0x00007ffb185eb000 	D:\Setup Java\jdk-17.0.8_windows-x64_bin\jdk-17.0.8\bin\VCRUNTIME140.dll
0x00007ffb162a0000 - 0x00007ffb162b9000 	D:\Setup Java\jdk-17.0.8_windows-x64_bin\jdk-17.0.8\bin\jli.dll
0x00007ffb492b0000 - 0x00007ffb4935e000 	C:\Windows\System32\ADVAPI32.dll
0x00007ffb49810000 - 0x00007ffb498ae000 	C:\Windows\System32\msvcrt.dll
0x00007ffb49dc0000 - 0x00007ffb49e5c000 	C:\Windows\System32\sechost.dll
0x00007ffb49530000 - 0x00007ffb49655000 	C:\Windows\System32\RPCRT4.dll
0x00007ffb49100000 - 0x00007ffb492a1000 	C:\Windows\System32\USER32.dll
0x00007ffb48840000 - 0x00007ffb48862000 	C:\Windows\System32\win32u.dll
0x00007ffb498b0000 - 0x00007ffb498db000 	C:\Windows\System32\GDI32.dll
0x00007ffb48450000 - 0x00007ffb4855f000 	C:\Windows\System32\gdi32full.dll
0x00007ffb481f0000 - 0x00007ffb4828d000 	C:\Windows\System32\msvcp_win.dll
0x00007ffb34b90000 - 0x00007ffb34e2a000 	C:\Windows\WinSxS\amd64_microsoft.windows.common-controls_6595b64144ccf1df_6.0.19041.1110_none_60b5254171f9507e\COMCTL32.dll
0x00007ffb41850000 - 0x00007ffb4185a000 	C:\Windows\SYSTEM32\VERSION.dll
0x00007ffb4a710000 - 0x00007ffb4a742000 	C:\Windows\System32\IMM32.DLL
0x00007ffb34190000 - 0x00007ffb3419c000 	D:\Setup Java\jdk-17.0.8_windows-x64_bin\jdk-17.0.8\bin\vcruntime140_1.dll
0x00007ffafcdd0000 - 0x00007ffafce5e000 	D:\Setup Java\jdk-17.0.8_windows-x64_bin\jdk-17.0.8\bin\msvcp140.dll
0x00007ffab91a0000 - 0x00007ffab9d7e000 	D:\Setup Java\jdk-17.0.8_windows-x64_bin\jdk-17.0.8\bin\server\jvm.dll
0x00007ffb49800000 - 0x00007ffb49808000 	C:\Windows\System32\PSAPI.DLL
0x00007ffb429f0000 - 0x00007ffb429f9000 	C:\Windows\SYSTEM32\WSOCK32.dll
0x00007ffb45fc0000 - 0x00007ffb45fe7000 	C:\Windows\SYSTEM32\WINMM.dll
0x00007ffb4a9e0000 - 0x00007ffb4aa4b000 	C:\Windows\System32\WS2_32.dll
0x00007ffb469d0000 - 0x00007ffb469e2000 	C:\Windows\SYSTEM32\kernel.appcore.dll
0x00007ffb33490000 - 0x00007ffb3349a000 	D:\Setup Java\jdk-17.0.8_windows-x64_bin\jdk-17.0.8\bin\jimage.dll
0x00007ffb45dd0000 - 0x00007ffb45fb4000 	C:\Windows\SYSTEM32\DBGHELP.DLL
0x00007ffb45d90000 - 0x00007ffb45dc5000 	C:\Windows\SYSTEM32\dbgcore.DLL
0x00007ffb482e0000 - 0x00007ffb48362000 	C:\Windows\System32\bcryptPrimitives.dll
0x00007ffb14da0000 - 0x00007ffb14dc5000 	D:\Setup Java\jdk-17.0.8_windows-x64_bin\jdk-17.0.8\bin\java.dll
0x00007ffafb830000 - 0x00007ffafb907000 	D:\Setup Java\jdk-17.0.8_windows-x64_bin\jdk-17.0.8\bin\jsvml.dll
0x00007ffb49e60000 - 0x00007ffb4a5a4000 	C:\Windows\System32\SHELL32.dll
0x00007ffb46220000 - 0x00007ffb469b2000 	C:\Windows\SYSTEM32\windows.storage.dll
0x00007ffb48da0000 - 0x00007ffb490f5000 	C:\Windows\System32\combase.dll
0x00007ffb47be0000 - 0x00007ffb47c10000 	C:\Windows\SYSTEM32\Wldp.dll
0x00007ffb49750000 - 0x00007ffb497fd000 	C:\Windows\System32\SHCORE.dll
0x00007ffb4a980000 - 0x00007ffb4a9d5000 	C:\Windows\System32\shlwapi.dll
0x00007ffb480c0000 - 0x00007ffb480df000 	C:\Windows\SYSTEM32\profapi.dll
0x00007ffb14ae0000 - 0x00007ffb14af9000 	D:\Setup Java\jdk-17.0.8_windows-x64_bin\jdk-17.0.8\bin\net.dll
0x00007ffb3f830000 - 0x00007ffb3f93c000 	C:\Windows\SYSTEM32\WINHTTP.dll
0x00007ffb47940000 - 0x00007ffb479aa000 	C:\Windows\system32\mswsock.dll
0x00007ffb14ac0000 - 0x00007ffb14ad6000 	D:\Setup Java\jdk-17.0.8_windows-x64_bin\jdk-17.0.8\bin\nio.dll
0x00007ffb11dd0000 - 0x00007ffb11de8000 	D:\Setup Java\jdk-17.0.8_windows-x64_bin\jdk-17.0.8\bin\zip.dll
0x00007ffb32500000 - 0x00007ffb3250a000 	D:\Setup Java\jdk-17.0.8_windows-x64_bin\jdk-17.0.8\bin\management.dll
0x00007ffb26f00000 - 0x00007ffb26f0b000 	D:\Setup Java\jdk-17.0.8_windows-x64_bin\jdk-17.0.8\bin\management_ext.dll

dbghelp: loaded successfully - version: 4.0.5 - missing functions: none
symbol engine: initialized successfully - sym options: 0x614 - pdb path: .;D:\Setup Java\jdk-17.0.8_windows-x64_bin\jdk-17.0.8\bin;C:\Windows\SYSTEM32;C:\Windows\WinSxS\amd64_microsoft.windows.common-controls_6595b64144ccf1df_6.0.19041.1110_none_60b5254171f9507e;D:\Setup Java\jdk-17.0.8_windows-x64_bin\jdk-17.0.8\bin\server

VM Arguments:
jvm_args: -Dfile.encoding=UTF-8 -XX:+ShowCodeDetailsInExceptionMessages 
java_command: com.backend.stayEasy.StayEasyApplication
java_class_path (initial): D:\SPRING-BOOT\stayEasyProject\stayEasy\stayEasy\target\classes;D:\Setup Java\m2\org\springframework\boot\spring-boot-starter-thymeleaf\3.3.0-M1\spring-boot-starter-thymeleaf-3.3.0-M1.jar;D:\Setup Java\m2\org\springframework\boot\spring-boot-starter\3.3.0-M1\spring-boot-starter-3.3.0-M1.jar;D:\Setup Java\m2\org\springframework\boot\spring-boot-starter-logging\3.3.0-M1\spring-boot-starter-logging-3.3.0-M1.jar;D:\Setup Java\m2\ch\qos\logback\logback-classic\1.4.14\logback-classic-1.4.14.jar;D:\Setup Java\m2\ch\qos\logback\logback-core\1.4.14\logback-core-1.4.14.jar;D:\Setup Java\m2\org\apache\logging\log4j\log4j-to-slf4j\2.22.1\log4j-to-slf4j-2.22.1.jar;D:\Setup Java\m2\org\apache\logging\log4j\log4j-api\2.22.1\log4j-api-2.22.1.jar;D:\Setup Java\m2\org\slf4j\jul-to-slf4j\2.0.11\jul-to-slf4j-2.0.11.jar;D:\Setup Java\m2\jakarta\annotation\jakarta.annotation-api\2.1.1\jakarta.annotation-api-2.1.1.jar;D:\Setup Java\m2\org\yaml\snakeyaml\2.2\snakeyaml-2.2.jar;D:\Setup Java\m2\org\thymeleaf\thymeleaf-spring6\3.1.2.RELEASE\thymeleaf-spring6-3.1.2.RELEASE.jar;D:\Setup Java\m2\org\thymeleaf\thymeleaf\3.1.2.RELEASE\thymeleaf-3.1.2.RELEASE.jar;D:\Setup Java\m2\org\attoparser\attoparser\2.0.7.RELEASE\attoparser-2.0.7.RELEASE.jar;D:\Setup Java\m2\org\unbescape\unbescape\1.1.6.RELEASE\unbescape-1.1.6.RELEASE.jar;D:\Setup Java\m2\org\slf4j\slf4j-api\2.0.11\slf4j-api-2.0.11.jar;D:\Setup Java\m2\org\springframework\boot\spring-boot-starter-mail\3.3.0-M1\spring-boot-starter-mail-3.3.0-M1.jar;D:\Setup Java\m2\org\springframework\spring-context-support\6.1.3\spring-context-support-6.1.3.jar;D:\Setup Java\m2\org\springframework\spring-beans\6.1.3\spring-beans-6.1.3.jar;D:\Setup Java\m2\org\springframework\spring-context\6.1.3\spring-context-6.1.3.jar;D:\Setup Java\m2\org\eclipse\angus\jakarta.mail\2.0.2\jakarta.mail-2.0.2.jar;D:\Setup Java\m2\jakarta\activation\jakarta.activation-api\2.1.2\jakarta.activation-api-2.1.2.jar;D:\Setup Java\m2\org\eclipse\angus\ang
Launcher Type: SUN_STANDARD

[Global flags]
     intx CICompilerCount                          = 4                                         {product} {ergonomic}
     uint ConcGCThreads                            = 2                                         {product} {ergonomic}
     uint G1ConcRefinementThreads                  = 8                                         {product} {ergonomic}
   size_t G1HeapRegionSize                         = 1048576                                   {product} {ergonomic}
    uintx GCDrainStackTargetSize                   = 64                                        {product} {ergonomic}
   size_t InitialHeapSize                          = 132120576                                 {product} {ergonomic}
   size_t MarkStackSize                            = 4194304                                   {product} {ergonomic}
   size_t MaxHeapSize                              = 2086666240                                {product} {ergonomic}
   size_t MaxNewSize                               = 1251999744                                {product} {ergonomic}
   size_t MinHeapDeltaBytes                        = 1048576                                   {product} {ergonomic}
   size_t MinHeapSize                              = 8388608                                   {product} {ergonomic}
    uintx NonNMethodCodeHeapSize                   = 5839372                                {pd product} {ergonomic}
    uintx NonProfiledCodeHeapSize                  = 122909434                              {pd product} {ergonomic}
    uintx ProfiledCodeHeapSize                     = 122909434                              {pd product} {ergonomic}
    uintx ReservedCodeCacheSize                    = 251658240                              {pd product} {ergonomic}
     bool SegmentedCodeCache                       = true                                      {product} {ergonomic}
     bool ShowCodeDetailsInExceptionMessages       = true                                   {manageable} {command line}
   size_t SoftMaxHeapSize                          = 2086666240                             {manageable} {ergonomic}
     bool UseCompressedClassPointers               = true                           {product lp64_product} {ergonomic}
     bool UseCompressedOops                        = true                           {product lp64_product} {ergonomic}
     bool UseG1GC                                  = true                                      {product} {ergonomic}
     bool UseLargePagesIndividualAllocation        = false                                  {pd product} {ergonomic}

Logging:
Log output configuration:
 #0: stdout all=warning uptime,level,tags
 #1: stderr all=off uptime,level,tags

Environment Variables:
JAVA_HOME=D:\Setup Java\jdk-17.0.8_windows-x64_bin\jdk-17.0.8\bin
PATH=C:/Users/DELL/.p2/pool/plugins/org.eclipse.justj.openjdk.hotspot.jre.full.win32.x86_64_17.0.8.v20230801-1951/jre/bin/server;C:/Users/DELL/.p2/pool/plugins/org.eclipse.justj.openjdk.hotspot.jre.full.win32.x86_64_17.0.8.v20230801-1951/jre/bin;D:\Download\bin;C:\Python311\Scripts\;C:\Python311\;C:\Program Files\Common Files\Oracle\Java\javapath;C:\Users\DELL\AppData\Local\Programs\Python\Python39\Scripts\;C:\Users\DELL\AppData\Local\Programs\Python\Python39\;C:\Python39\Scripts\;C:\Python39\;C:\Program Files\Java\jdk-15.0.1\bin;C:\Windows\system32;C:\Windows;C:\Windows\System32\Wbem;C:\Windows\System32\WindowsPowerShell\v1.0\;C:\Windows\System32\OpenSSH\;C:\Program Files (x86)\NVIDIA Corporation\PhysX\Common;C:\ProgramData\chocolatey\bin;C:\Program Files\dotnet\;D:\Setup Java\apache-maven-3.8.7-bin\apache-maven-3.8.7\bin;D:\setupnode\;D:\Git\cmd;C:\Program Files (x86)\Microsoft SQL Server\150\DTS\Binn\;C:\Program Files\Microsoft SQL Server\Client SDK\ODBC\170\Tools\Binn\;C:\Program Files (x86)\Microsoft SQL Server\150\Tools\Binn\;C:\Program Files\Microsoft SQL Server\150\Tools\Binn\;C:\Program Files\Microsoft SQL Server\150\DTS\Binn\;C:\Program Files\MySQL\MySQL Shell 8.0\bin\;D:\Python\Scripts\;D:\Python\;D:\Fluter\flutter\bin;D:\Python39;D:\NEN\Microsoft VS Code\bin;C:\Users\DELL\AppData\Roaming\npm;C:\Users\DELL\Desktop;
USERNAME=DELL
OS=Windows_NT
PROCESSOR_IDENTIFIER=Intel64 Family 6 Model 126 Stepping 5, GenuineIntel



---------------  S Y S T E M  ---------------

OS:
 Windows 10 , 64 bit Build 19041 (10.0.19041.2364)
OS uptime: 0 days 9:09 hours

CPU: total 8 (initial active 8) (4 cores per cpu, 2 threads per core) family 6 model 126 stepping 5 microcode 0xc2, cx8, cmov, fxsr, ht, mmx, 3dnowpref, sse, sse2, sse3, ssse3, sse4.1, sse4.2, popcnt, lzcnt, tsc, tscinvbit, avx, avx2, aes, erms, clmul, bmi1, bmi2, adx, avx512f, avx512dq, avx512cd, avx512bw, avx512vl, sha, fma, vzeroupper, avx512_vpopcntdq, avx512_vpclmulqdq, avx512_vaes, avx512_vnni, clflush, clflushopt, avx512_vbmi2, avx512_vbmi

Memory: 4k page, system-wide physical 7959M (259M free)
TotalPageFile size 12944M (AvailPageFile size 0M)
current process WorkingSet (physical memory assigned to process): 120M, peak: 120M
current process commit charge ("private bytes"): 252M, peak: 252M

vm_info: Java HotSpot(TM) 64-Bit Server VM (17.0.8+9-LTS-211) for windows-amd64 JRE (17.0.8+9-LTS-211), built on Jun 14 2023 10:34:31 by "mach5one" with MS VC++ 17.1 (VS2022)

END.
