#
# There is insufficient memory for the Java Runtime Environment to continue.
# Native memory allocation (malloc) failed to allocate 1187056 bytes for Chunk::new
# Possible reasons:
#   The system is out of physical RAM or swap space
#   The process is running with CompressedOops enabled, and the Java Heap may be blocking the growth of the native heap
# Possible solutions:
#   Reduce memory load on the system
#   Increase physical memory or swap space
#   Check if swap backing store is full
#   Decrease Java heap size (-Xmx/-Xms)
#   Decrease number of Java threads
#   Decrease Java thread stack sizes (-Xss)
#   Set larger code cache with -XX:ReservedCodeCacheSize=
#   JVM is running with Unscaled Compressed Oops mode in which the Java heap is
#     placed in the first 4GB address space. The Java Heap base address is the
#     maximum limit for the native heap growth. Please use -XX:HeapBaseMinAddress
#     to set the Java Heap base and to place the Java Heap above 4GB virtual address.
# This output file may be truncated or incomplete.
#
#  Out of Memory Error (arena.cpp:189), pid=10472, tid=16568
#
# JRE version: Java(TM) SE Runtime Environment (17.0.8+9) (build 17.0.8+9-LTS-211)
# Java VM: Java HotSpot(TM) 64-Bit Server VM (17.0.8+9-LTS-211, mixed mode, sharing, tiered, compressed oops, compressed class ptrs, g1 gc, windows-amd64)
# No core dump will be written. Minidumps are not enabled by default on client versions of Windows
#

---------------  S U M M A R Y ------------

Command Line: -Dfile.encoding=UTF-8 -XX:+ShowCodeDetailsInExceptionMessages com.backend.stayEasy.StayEasyApplication

Host: Intel(R) Core(TM) i5-1035G1 CPU @ 1.00GHz, 8 cores, 7G,  Windows 10 , 64 bit Build 19041 (10.0.19041.2364)
Time: Wed Feb 21 10:25:14 2024 SE Asia Standard Time elapsed time: 6539.479206 seconds (0d 1h 48m 59s)

---------------  T H R E A D  ---------------

Current thread (0x000001aeeaad4260):  JavaThread "C2 CompilerThread1" daemon [_thread_in_native, id=16568, stack(0x00000036e7a00000,0x00000036e7b00000)]


Current CompileTask:
C2:6539479 12795       4       org.springframework.boot.context.properties.source.SystemEnvironmentPropertyMapper::isLegacyAncestorOf (34 bytes)

Stack: [0x00000036e7a00000,0x00000036e7b00000]
Native frames: (J=compiled Java code, j=interpreted, Vv=VM code, C=native code)
V  [jvm.dll+0x677d0a]
V  [jvm.dll+0x7d8c54]
V  [jvm.dll+0x7da3fe]
V  [jvm.dll+0x7daa63]
V  [jvm.dll+0x245c5f]
V  [jvm.dll+0xaaa6b]
V  [jvm.dll+0xab00c]
V  [jvm.dll+0x2ab5cf]
V  [jvm.dll+0x580435]
V  [jvm.dll+0x220b22]
V  [jvm.dll+0x220eff]
V  [jvm.dll+0x219e56]
V  [jvm.dll+0x217329]
V  [jvm.dll+0x1a3af0]
V  [jvm.dll+0x2270be]
V  [jvm.dll+0x22535b]
V  [jvm.dll+0x78e7bc]
V  [jvm.dll+0x788bba]
V  [jvm.dll+0x676b35]
C  [ucrtbase.dll+0x21bb2]
C  [KERNEL32.DLL+0x17614]
C  [ntdll.dll+0x526a1]


---------------  P R O C E S S  ---------------

Threads class SMR info:
_java_thread_list=0x000001aee97bb950, length=29, elements={
0x000001aea29ff2c0, 0x000001aea29ffb80, 0x000001aea2a0f530, 0x000001aea2a11e00,
0x000001aea2a126c0, 0x000001aea2a1b9a0, 0x000001aea2a1c640, 0x000001aea2a204f0,
0x000001aea2a32de0, 0x000001aea2c52b00, 0x000001aea2c61660, 0x000001aeecd286d0,
0x000001aeecd2ca30, 0x000001aeecd29540, 0x000001aeecd29ee0, 0x000001aeeaad4260,
0x000001aeecd2a880, 0x000001aeecd27860, 0x000001aeecd2bbc0, 0x000001aeecd256b0,
0x000001aeecd2ad50, 0x000001aeecd27d30, 0x000001aeecd2b220, 0x000001aeecd25b80,
0x000001aeecd2c090, 0x000001aeecd2c560, 0x000001aeecd26520, 0x000001aeeade4490,
0x000001aeeade3150
}

Java Threads: ( => current thread )
  0x000001aea29ff2c0 JavaThread "Reference Handler" daemon [_thread_blocked, id=10572, stack(0x00000036e6e00000,0x00000036e6f00000)]
  0x000001aea29ffb80 JavaThread "Finalizer" daemon [_thread_blocked, id=4600, stack(0x00000036e6f00000,0x00000036e7000000)]
  0x000001aea2a0f530 JavaThread "Signal Dispatcher" daemon [_thread_blocked, id=8528, stack(0x00000036e7000000,0x00000036e7100000)]
  0x000001aea2a11e00 JavaThread "Attach Listener" daemon [_thread_blocked, id=1068, stack(0x00000036e7100000,0x00000036e7200000)]
  0x000001aea2a126c0 JavaThread "Service Thread" daemon [_thread_blocked, id=7376, stack(0x00000036e7200000,0x00000036e7300000)]
  0x000001aea2a1b9a0 JavaThread "Monitor Deflation Thread" daemon [_thread_blocked, id=16628, stack(0x00000036e7300000,0x00000036e7400000)]
  0x000001aea2a1c640 JavaThread "C2 CompilerThread0" daemon [_thread_blocked, id=14500, stack(0x00000036e7400000,0x00000036e7500000)]
  0x000001aea2a204f0 JavaThread "C1 CompilerThread0" daemon [_thread_blocked, id=8044, stack(0x00000036e7500000,0x00000036e7600000)]
  0x000001aea2a32de0 JavaThread "Sweeper thread" daemon [_thread_blocked, id=6664, stack(0x00000036e7600000,0x00000036e7700000)]
  0x000001aea2c52b00 JavaThread "Notification Thread" daemon [_thread_blocked, id=7944, stack(0x00000036e7700000,0x00000036e7800000)]
  0x000001aea2c61660 JavaThread "Common-Cleaner" daemon [_thread_blocked, id=4268, stack(0x00000036e7900000,0x00000036e7a00000)]
  0x000001aeecd286d0 JavaThread "Live Reload Server" daemon [_thread_in_native, id=2100, stack(0x00000036e9900000,0x00000036e9a00000)]
  0x000001aeecd2ca30 JavaThread "DestroyJavaVM" [_thread_blocked, id=17556, stack(0x00000036e6700000,0x00000036e6800000)]
  0x000001aeecd29540 JavaThread "Thread-5" [_thread_blocked, id=2096, stack(0x00000036e6400000,0x00000036e6500000)]
  0x000001aeecd29ee0 JavaThread "restartedMain" [_thread_in_native, id=11904, stack(0x00000036e6600000,0x00000036e6700000)]
=>0x000001aeeaad4260 JavaThread "C2 CompilerThread1" daemon [_thread_in_native, id=16568, stack(0x00000036e7a00000,0x00000036e7b00000)]
  0x000001aeecd2a880 JavaThread "Catalina-utility-1" [_thread_blocked, id=13284, stack(0x00000036e7b00000,0x00000036e7c00000)]
  0x000001aeecd27860 JavaThread "http-nio-8080-exec-1" daemon [_thread_blocked, id=1292, stack(0x00000036e8100000,0x00000036e8200000)]
  0x000001aeecd2bbc0 JavaThread "http-nio-8080-exec-2" daemon [_thread_blocked, id=16360, stack(0x00000036e8200000,0x00000036e8300000)]
  0x000001aeecd256b0 JavaThread "http-nio-8080-exec-3" daemon [_thread_blocked, id=8868, stack(0x00000036e8700000,0x00000036e8800000)]
  0x000001aeecd2ad50 JavaThread "http-nio-8080-exec-4" daemon [_thread_blocked, id=3372, stack(0x00000036e8800000,0x00000036e8900000)]
  0x000001aeecd27d30 JavaThread "http-nio-8080-exec-5" daemon [_thread_blocked, id=12720, stack(0x00000036e8900000,0x00000036e8a00000)]
  0x000001aeecd2b220 JavaThread "http-nio-8080-exec-6" daemon [_thread_blocked, id=10296, stack(0x00000036e8a00000,0x00000036e8b00000)]
  0x000001aeecd25b80 JavaThread "http-nio-8080-exec-7" daemon [_thread_blocked, id=2272, stack(0x00000036e8b00000,0x00000036e8c00000)]
  0x000001aeecd2c090 JavaThread "http-nio-8080-exec-8" daemon [_thread_blocked, id=14452, stack(0x00000036e8c00000,0x00000036e8d00000)]
  0x000001aeecd2c560 JavaThread "http-nio-8080-exec-9" daemon [_thread_blocked, id=5408, stack(0x00000036e8d00000,0x00000036e8e00000)]
  0x000001aeecd26520 JavaThread "http-nio-8080-exec-10" daemon [_thread_blocked, id=16608, stack(0x00000036e8e00000,0x00000036e8f00000)]
  0x000001aeeade4490 JavaThread "Catalina-utility-2" [_thread_blocked, id=4000, stack(0x00000036e8f00000,0x00000036e9000000)]
  0x000001aeeade3150 JavaThread "container-0" [_thread_blocked, id=17820, stack(0x00000036e9000000,0x00000036e9100000)]

Other Threads:
  0x000001aea29fa150 VMThread "VM Thread" [stack: 0x00000036e6d00000,0x00000036e6e00000] [id=3624]
  0x000001aea2c537f0 WatcherThread [stack: 0x00000036e7800000,0x00000036e7900000] [id=13016]
  0x000001ae84a731e0 GCTaskThread "GC Thread#0" [stack: 0x00000036e6800000,0x00000036e6900000] [id=10200]
  0x000001aee86b6980 GCTaskThread "GC Thread#1" [stack: 0x00000036e7c00000,0x00000036e7d00000] [id=7980]
  0x000001aee86b6c30 GCTaskThread "GC Thread#2" [stack: 0x00000036e7d00000,0x00000036e7e00000] [id=7444]
  0x000001aee84e8d20 GCTaskThread "GC Thread#3" [stack: 0x00000036e7e00000,0x00000036e7f00000] [id=1116]
  0x000001aee8ed0470 GCTaskThread "GC Thread#4" [stack: 0x00000036e7f00000,0x00000036e8000000] [id=5072]
  0x000001aee8ed0720 GCTaskThread "GC Thread#5" [stack: 0x00000036e8000000,0x00000036e8100000] [id=12424]
  0x000001aee935b7e0 GCTaskThread "GC Thread#6" [stack: 0x00000036e8400000,0x00000036e8500000] [id=7892]
  0x000001aee935ba90 GCTaskThread "GC Thread#7" [stack: 0x00000036e8500000,0x00000036e8600000] [id=12696]
  0x000001ae84a850a0 ConcurrentGCThread "G1 Main Marker" [stack: 0x00000036e6900000,0x00000036e6a00000] [id=17920]
  0x000001ae84a859c0 ConcurrentGCThread "G1 Conc#0" [stack: 0x00000036e6a00000,0x00000036e6b00000] [id=12932]
  0x000001aee935b280 ConcurrentGCThread "G1 Conc#1" [stack: 0x00000036e8300000,0x00000036e8400000] [id=17400]
  0x000001ae84aed4e0 ConcurrentGCThread "G1 Refine#0" [stack: 0x00000036e6b00000,0x00000036e6c00000] [id=15512]
  0x000001aeea51dbf0 ConcurrentGCThread "G1 Refine#1" [stack: 0x00000036e8600000,0x00000036e8700000] [id=16984]
  0x000001aea28b8240 ConcurrentGCThread "G1 Service" [stack: 0x00000036e6c00000,0x00000036e6d00000] [id=1680]

Threads with active compile tasks:
C2 CompilerThread1  6539516 12795       4       org.springframework.boot.context.properties.source.SystemEnvironmentPropertyMapper::isLegacyAncestorOf (34 bytes)

VM state: not at safepoint (normal execution)

VM Mutex/Monitor currently owned by a thread: None

Heap address: 0x0000000083a00000, size: 1990 MB, Compressed Oops mode: 32-bit

CDS archive(s) mapped at: [0x000001aea3000000-0x000001aea3bd0000-0x000001aea3bd0000), size 12386304, SharedBaseAddress: 0x000001aea3000000, ArchiveRelocationMode: 1.
Compressed class space mapped at: 0x000001aea4000000-0x000001aee4000000, reserved size: 1073741824
Narrow klass base: 0x000001aea3000000, Narrow klass shift: 0, Narrow klass range: 0x100000000

GC Precious Log:
 CPUs: 8 total, 8 available
 Memory: 7959M
 Large Page Support: Disabled
 NUMA Support: Disabled
 Compressed Oops: Enabled (32-bit)
 Heap Region Size: 1M
 Heap Min Capacity: 8M
 Heap Initial Capacity: 126M
 Heap Max Capacity: 1990M
 Pre-touch: Disabled
 Parallel Workers: 8
 Concurrent Workers: 2
 Concurrent Refinement Workers: 8
 Periodic GC: Disabled

Heap:
 garbage-first heap   total 56320K, used 34772K [0x0000000083a00000, 0x0000000100000000)
  region size 1024K, 8 young (8192K), 2 survivors (2048K)
 Metaspace       used 74831K, committed 75456K, reserved 1179648K
  class space    used 9513K, committed 9856K, reserved 1048576K

Heap Regions: E=young(eden), S=young(survivor), O=old, HS=humongous(starts), HC=humongous(continues), CS=collection set, F=free, OA=open archive, CA=closed archive, TAMS=top-at-mark-start (previous, next)
|   0|0x0000000083a00000, 0x0000000083b00000, 0x0000000083b00000|100%|HS|  |TAMS 0x0000000083b00000, 0x0000000083a00000| Untracked 
|   1|0x0000000083b00000, 0x0000000083bff5f0, 0x0000000083c00000| 99%| O|  |TAMS 0x0000000083b00000, 0x0000000083b00000| Untracked 
|   2|0x0000000083c00000, 0x0000000083d00000, 0x0000000083d00000|100%| O|  |TAMS 0x0000000083c00000, 0x0000000083c00000| Untracked 
|   3|0x0000000083d00000, 0x0000000083dfffe8, 0x0000000083e00000| 99%| O|  |TAMS 0x0000000083d00000, 0x0000000083d00000| Untracked 
|   4|0x0000000083e00000, 0x0000000083effff0, 0x0000000083f00000| 99%| O|  |TAMS 0x0000000083e00000, 0x0000000083e00000| Untracked 
|   5|0x0000000083f00000, 0x0000000083fffff0, 0x0000000084000000| 99%| O|  |TAMS 0x0000000083f00000, 0x0000000083f00000| Untracked 
|   6|0x0000000084000000, 0x00000000840ffff8, 0x0000000084100000| 99%| O|  |TAMS 0x0000000084000000, 0x0000000084000000| Untracked 
|   7|0x0000000084100000, 0x0000000084200000, 0x0000000084200000|100%| O|  |TAMS 0x0000000084100000, 0x0000000084100000| Untracked 
|   8|0x0000000084200000, 0x0000000084300000, 0x0000000084300000|100%| O|  |TAMS 0x0000000084200000, 0x0000000084200000| Untracked 
|   9|0x0000000084300000, 0x00000000843ffff8, 0x0000000084400000| 99%| O|  |TAMS 0x0000000084300000, 0x0000000084300000| Untracked 
|  10|0x0000000084400000, 0x00000000844fffd8, 0x0000000084500000| 99%| O|  |TAMS 0x0000000084400000, 0x0000000084400000| Untracked 
|  11|0x0000000084500000, 0x00000000845fff98, 0x0000000084600000| 99%| O|  |TAMS 0x0000000084500000, 0x0000000084500000| Untracked 
|  12|0x0000000084600000, 0x00000000846ffff8, 0x0000000084700000| 99%| O|  |TAMS 0x0000000084600000, 0x0000000084600000| Untracked 
|  13|0x0000000084700000, 0x00000000847ffff0, 0x0000000084800000| 99%| O|  |TAMS 0x0000000084700000, 0x0000000084700000| Untracked 
|  14|0x0000000084800000, 0x00000000848ffff0, 0x0000000084900000| 99%| O|  |TAMS 0x0000000084800000, 0x0000000084800000| Untracked 
|  15|0x0000000084900000, 0x00000000849fffe8, 0x0000000084a00000| 99%| O|  |TAMS 0x0000000084900000, 0x0000000084900000| Untracked 
|  16|0x0000000084a00000, 0x0000000084affff0, 0x0000000084b00000| 99%| O|  |TAMS 0x0000000084a00000, 0x0000000084a00000| Untracked 
|  17|0x0000000084b00000, 0x0000000084c00000, 0x0000000084c00000|100%| O|  |TAMS 0x0000000084b00000, 0x0000000084b00000| Untracked 
|  18|0x0000000084c00000, 0x0000000084cfffd0, 0x0000000084d00000| 99%| O|  |TAMS 0x0000000084c00000, 0x0000000084c00000| Untracked 
|  19|0x0000000084d00000, 0x0000000084e00000, 0x0000000084e00000|100%| O|  |TAMS 0x0000000084d00000, 0x0000000084d00000| Untracked 
|  20|0x0000000084e00000, 0x0000000084effe28, 0x0000000084f00000| 99%| O|  |TAMS 0x0000000084e00000, 0x0000000084e00000| Untracked 
|  21|0x0000000084f00000, 0x0000000084ffffe0, 0x0000000085000000| 99%| O|  |TAMS 0x0000000084f00000, 0x0000000084f00000| Untracked 
|  22|0x0000000085000000, 0x0000000085065008, 0x0000000085100000| 39%| O|  |TAMS 0x0000000085000000, 0x0000000085000000| Untracked 
|  23|0x0000000085100000, 0x00000000851fd648, 0x0000000085200000| 98%| O|  |TAMS 0x0000000085100000, 0x0000000085100000| Untracked 
|  24|0x0000000085200000, 0x00000000852ff998, 0x0000000085300000| 99%| O|  |TAMS 0x0000000085200000, 0x0000000085200000| Untracked 
|  25|0x0000000085300000, 0x0000000085371c20, 0x0000000085400000| 44%| O|  |TAMS 0x0000000085300000, 0x0000000085300000| Untracked 
|  26|0x0000000085400000, 0x0000000085500000, 0x0000000085500000|100%| O|  |TAMS 0x0000000085400000, 0x0000000085400000| Untracked 
|  27|0x0000000085500000, 0x0000000085512458, 0x0000000085600000|  7%| O|  |TAMS 0x0000000085500000, 0x0000000085500000| Untracked 
|  28|0x0000000085600000, 0x00000000856d6200, 0x0000000085700000| 83%| O|  |TAMS 0x0000000085600000, 0x0000000085600000| Untracked 
|  29|0x0000000085700000, 0x0000000085700000, 0x0000000085800000|  0%| F|  |TAMS 0x0000000085700000, 0x0000000085700000| Untracked 
|  30|0x0000000085800000, 0x0000000085800000, 0x0000000085900000|  0%| F|  |TAMS 0x0000000085800000, 0x0000000085800000| Untracked 
|  31|0x0000000085900000, 0x0000000085900000, 0x0000000085a00000|  0%| F|  |TAMS 0x0000000085900000, 0x0000000085900000| Untracked 
|  32|0x0000000085a00000, 0x0000000085a51228, 0x0000000085b00000| 31%| O|  |TAMS 0x0000000085a00000, 0x0000000085a00000| Untracked 
|  33|0x0000000085b00000, 0x0000000085b00000, 0x0000000085c00000|  0%| F|  |TAMS 0x0000000085b00000, 0x0000000085b00000| Untracked 
|  34|0x0000000085c00000, 0x0000000085c00000, 0x0000000085d00000|  0%| F|  |TAMS 0x0000000085c00000, 0x0000000085c00000| Untracked 
|  35|0x0000000085d00000, 0x0000000085d00000, 0x0000000085e00000|  0%| F|  |TAMS 0x0000000085d00000, 0x0000000085d00000| Untracked 
|  36|0x0000000085e00000, 0x0000000085e00000, 0x0000000085f00000|  0%| F|  |TAMS 0x0000000085e00000, 0x0000000085e00000| Untracked 
|  37|0x0000000085f00000, 0x0000000085fe8b30, 0x0000000086000000| 90%| S|CS|TAMS 0x0000000085f00000, 0x0000000085f00000| Complete 
|  38|0x0000000086000000, 0x0000000086100000, 0x0000000086100000|100%| S|CS|TAMS 0x0000000086000000, 0x0000000086000000| Complete 
|  39|0x0000000086100000, 0x0000000086100000, 0x0000000086200000|  0%| F|  |TAMS 0x0000000086100000, 0x0000000086100000| Untracked 
|  40|0x0000000086200000, 0x0000000086200000, 0x0000000086300000|  0%| F|  |TAMS 0x0000000086200000, 0x0000000086200000| Untracked 
|  41|0x0000000086300000, 0x0000000086300000, 0x0000000086400000|  0%| F|  |TAMS 0x0000000086300000, 0x0000000086300000| Untracked 
|  42|0x0000000086400000, 0x0000000086400000, 0x0000000086500000|  0%| F|  |TAMS 0x0000000086400000, 0x0000000086400000| Untracked 
|  43|0x0000000086500000, 0x0000000086500000, 0x0000000086600000|  0%| F|  |TAMS 0x0000000086500000, 0x0000000086500000| Untracked 
|  44|0x0000000086600000, 0x0000000086600000, 0x0000000086700000|  0%| F|  |TAMS 0x0000000086600000, 0x0000000086600000| Untracked 
|  45|0x0000000086700000, 0x0000000086700000, 0x0000000086800000|  0%| F|  |TAMS 0x0000000086700000, 0x0000000086700000| Untracked 
|  46|0x0000000086800000, 0x0000000086800000, 0x0000000086900000|  0%| F|  |TAMS 0x0000000086800000, 0x0000000086800000| Untracked 
|  62|0x0000000087800000, 0x0000000087800000, 0x0000000087900000|  0%| F|  |TAMS 0x0000000087800000, 0x0000000087800000| Untracked 
|  63|0x0000000087900000, 0x0000000087900000, 0x0000000087a00000|  0%| F|  |TAMS 0x0000000087900000, 0x0000000087900000| Untracked 
|  64|0x0000000087a00000, 0x0000000087af8580, 0x0000000087b00000| 97%| E|  |TAMS 0x0000000087a00000, 0x0000000087a00000| Complete 
|  65|0x0000000087b00000, 0x0000000087c00000, 0x0000000087c00000|100%| E|CS|TAMS 0x0000000087b00000, 0x0000000087b00000| Complete 
|  66|0x0000000087c00000, 0x0000000087d00000, 0x0000000087d00000|100%| E|CS|TAMS 0x0000000087c00000, 0x0000000087c00000| Complete 
|  67|0x0000000087d00000, 0x0000000087e00000, 0x0000000087e00000|100%| E|CS|TAMS 0x0000000087d00000, 0x0000000087d00000| Complete 
|  68|0x0000000087e00000, 0x0000000087f00000, 0x0000000087f00000|100%| E|CS|TAMS 0x0000000087e00000, 0x0000000087e00000| Complete 
| 125|0x000000008b700000, 0x000000008b800000, 0x000000008b800000|100%| E|CS|TAMS 0x000000008b700000, 0x000000008b700000| Complete 

Card table byte_map: [0x000001ae9b9f0000,0x000001ae9bde0000] _byte_map_base: 0x000001ae9b5d3000

Marking Bits (Prev, Next): (CMBitMap*) 0x000001ae84a74750, (CMBitMap*) 0x000001ae84a74710
 Prev Bits: [0x000001ae9e0f0000, 0x000001aea0008000)
 Next Bits: [0x000001ae9c1d0000, 0x000001ae9e0e8000)

Polling page: 0x000001ae82a00000

Metaspace:

Usage:
  Non-class:     63.79 MB used.
      Class:      9.29 MB used.
       Both:     73.08 MB used.

Virtual space:
  Non-class space:      128.00 MB reserved,      64.06 MB ( 50%) committed,  2 nodes.
      Class space:        1.00 GB reserved,       9.62 MB ( <1%) committed,  1 nodes.
             Both:        1.12 GB reserved,      73.69 MB (  6%) committed. 

Chunk freelists:
   Non-Class:  15.95 MB
       Class:  6.34 MB
        Both:  22.30 MB

MaxMetaspaceSize: unlimited
CompressedClassSpaceSize: 1.00 GB
Initial GC threshold: 21.00 MB
Current GC threshold: 122.62 MB
CDS: on
MetaspaceReclaimPolicy: balanced
 - commit_granule_bytes: 65536.
 - commit_granule_words: 8192.
 - virtual_space_node_default_size: 8388608.
 - enlarge_chunks_in_place: 1.
 - new_chunks_are_fully_committed: 0.
 - uncommit_free_chunks: 1.
 - use_allocation_guard: 0.
 - handle_deallocations: 1.


Internal statistics:

num_allocs_failed_limit: 9.
num_arena_births: 960.
num_arena_deaths: 238.
num_vsnodes_births: 3.
num_vsnodes_deaths: 0.
num_space_committed: 1179.
num_space_uncommitted: 0.
num_chunks_returned_to_freelist: 272.
num_chunks_taken_from_freelist: 3760.
num_chunk_merges: 94.
num_chunk_splits: 2581.
num_chunks_enlarged: 1935.
num_purges: 2.
num_inconsistent_stats: 0.

CodeHeap 'non-profiled nmethods': size=120000Kb used=9216Kb max_used=9216Kb free=110783Kb
 bounds [0x000001ae93d90000, 0x000001ae946a0000, 0x000001ae9b2c0000]
CodeHeap 'profiled nmethods': size=120000Kb used=19755Kb max_used=19755Kb free=100244Kb
 bounds [0x000001ae8c2c0000, 0x000001ae8d610000, 0x000001ae937f0000]
CodeHeap 'non-nmethods': size=5760Kb used=1397Kb max_used=1464Kb free=4362Kb
 bounds [0x000001ae937f0000, 0x000001ae93a60000, 0x000001ae93d90000]
 total_blobs=11676 nmethods=10959 adapters=628
 compilation: enabled
              stopped_count=0, restarted_count=0
 full_count=0

Compilation events (20 events):
Event: 6539.253 Thread 0x000001aea2a1c640 12873       4       org.springframework.boot.autoconfigure.AutoConfigurationSorter$AutoConfigurationClasses$$Lambda$374/0x000001aea42304d8::accept (20 bytes)
Event: 6539.254 Thread 0x000001aeeaad4260 nmethod 13147 0x000001ae94689f90 code [0x000001ae9468a120, 0x000001ae9468a6b8]
Event: 6539.254 Thread 0x000001aeeaad4260 13139       4       java.util.stream.ReferencePipeline$3$1::accept (23 bytes)
Event: 6539.255 Thread 0x000001aeeaad4260 nmethod 13139 0x000001ae9468a810 code [0x000001ae9468a9a0, 0x000001ae9468aa78]
Event: 6539.255 Thread 0x000001aeeaad4260 12795       4       org.springframework.boot.context.properties.source.SystemEnvironmentPropertyMapper::isLegacyAncestorOf (34 bytes)
Event: 6539.383 Thread 0x000001aea2a1c640 nmethod 12873 0x000001ae9468ab90 code [0x000001ae9468ae40, 0x000001ae9468d360]
Event: 6539.384 Thread 0x000001aea2a1c640 12738       4       org.springframework.boot.context.properties.source.ConfigurationPropertyName$Elements::getLength (46 bytes)
Event: 6539.386 Thread 0x000001aea2a1c640 nmethod 12738 0x000001ae9468ea10 code [0x000001ae9468eba0, 0x000001ae9468ecf8]
Event: 6539.386 Thread 0x000001aea2a1c640 12835       4       java.util.WeakHashMap::indexFor (6 bytes)
Event: 6539.387 Thread 0x000001aea2a1c640 nmethod 12835 0x000001ae9468ee90 code [0x000001ae9468f000, 0x000001ae9468f058]
Event: 6539.387 Thread 0x000001aea2a1c640 12758       4       java.lang.CharSequence::isEmpty (15 bytes)
Event: 6539.387 Thread 0x000001aea2a1c640 nmethod 12758 0x000001ae9468f190 code [0x000001ae9468f300, 0x000001ae9468f3b8]
Event: 6539.387 Thread 0x000001aea2a1c640 13188       4       java.time.temporal.TemporalQueries::chronology (4 bytes)
Event: 6539.388 Thread 0x000001aea2a1c640 nmethod 13188 0x000001ae9468f490 code [0x000001ae9468f600, 0x000001ae9468f658]
Event: 6539.388 Thread 0x000001aea2a1c640 13086       4       org.springframework.core.annotation.AnnotationTypeMapping$MirrorSets::size (6 bytes)
Event: 6539.388 Thread 0x000001aea2a1c640 nmethod 13086 0x000001ae9468f790 code [0x000001ae9468f900, 0x000001ae9468f998]
Event: 6539.388 Thread 0x000001aea2a1c640 12993       4       java.lang.Long::bitCount (61 bytes)
Event: 6539.389 Thread 0x000001aea2a1c640 nmethod 12993 0x000001ae9468fa90 code [0x000001ae9468fc00, 0x000001ae9468fcd8]
Event: 6539.389 Thread 0x000001aea2a1c640 13169       4       org.springframework.core.annotation.AnnotationTypeMappings$Cache::get (21 bytes)
Event: 6539.392 Thread 0x000001aea2a1c640 nmethod 13169 0x000001ae9468fd90 code [0x000001ae9468ff20, 0x000001ae94690088]

GC Heap History (20 events):
Event: 5511.209 GC heap before
{Heap before GC invocations=110 (full 0):
 garbage-first heap   total 56320K, used 46538K [0x0000000083a00000, 0x0000000100000000)
  region size 1024K, 14 young (14336K), 1 survivors (1024K)
 Metaspace       used 73909K, committed 74496K, reserved 1114112K
  class space    used 9488K, committed 9792K, reserved 1048576K
}
Event: 5511.216 GC heap after
{Heap after GC invocations=111 (full 0):
 garbage-first heap   total 56320K, used 34393K [0x0000000083a00000, 0x0000000100000000)
  region size 1024K, 1 young (1024K), 1 survivors (1024K)
 Metaspace       used 73909K, committed 74496K, reserved 1114112K
  class space    used 9488K, committed 9792K, reserved 1048576K
}
Event: 5590.469 GC heap before
{Heap before GC invocations=111 (full 0):
 garbage-first heap   total 56320K, used 48729K [0x0000000083a00000, 0x0000000100000000)
  region size 1024K, 15 young (15360K), 1 survivors (1024K)
 Metaspace       used 73910K, committed 74496K, reserved 1114112K
  class space    used 9488K, committed 9792K, reserved 1048576K
}
Event: 5590.472 GC heap after
{Heap after GC invocations=112 (full 0):
 garbage-first heap   total 56320K, used 34295K [0x0000000083a00000, 0x0000000100000000)
  region size 1024K, 1 young (1024K), 1 survivors (1024K)
 Metaspace       used 73910K, committed 74496K, reserved 1114112K
  class space    used 9488K, committed 9792K, reserved 1048576K
}
Event: 5809.610 GC heap before
{Heap before GC invocations=112 (full 0):
 garbage-first heap   total 56320K, used 48631K [0x0000000083a00000, 0x0000000100000000)
  region size 1024K, 15 young (15360K), 1 survivors (1024K)
 Metaspace       used 73910K, committed 74496K, reserved 1114112K
  class space    used 9488K, committed 9792K, reserved 1048576K
}
Event: 5809.612 GC heap after
{Heap after GC invocations=113 (full 0):
 garbage-first heap   total 56320K, used 34284K [0x0000000083a00000, 0x0000000100000000)
  region size 1024K, 1 young (1024K), 1 survivors (1024K)
 Metaspace       used 73910K, committed 74496K, reserved 1114112K
  class space    used 9488K, committed 9792K, reserved 1048576K
}
Event: 5970.293 GC heap before
{Heap before GC invocations=113 (full 0):
 garbage-first heap   total 56320K, used 47596K [0x0000000083a00000, 0x0000000100000000)
  region size 1024K, 15 young (15360K), 1 survivors (1024K)
 Metaspace       used 73915K, committed 74496K, reserved 1114112K
  class space    used 9488K, committed 9792K, reserved 1048576K
}
Event: 5970.295 GC heap after
{Heap after GC invocations=114 (full 0):
 garbage-first heap   total 56320K, used 34333K [0x0000000083a00000, 0x0000000100000000)
  region size 1024K, 1 young (1024K), 1 survivors (1024K)
 Metaspace       used 73915K, committed 74496K, reserved 1114112K
  class space    used 9488K, committed 9792K, reserved 1048576K
}
Event: 6092.706 GC heap before
{Heap before GC invocations=114 (full 0):
 garbage-first heap   total 56320K, used 48669K [0x0000000083a00000, 0x0000000100000000)
  region size 1024K, 15 young (15360K), 1 survivors (1024K)
 Metaspace       used 74285K, committed 74880K, reserved 1114112K
  class space    used 9488K, committed 9792K, reserved 1048576K
}
Event: 6092.709 GC heap after
{Heap after GC invocations=115 (full 0):
 garbage-first heap   total 56320K, used 34296K [0x0000000083a00000, 0x0000000100000000)
  region size 1024K, 1 young (1024K), 1 survivors (1024K)
 Metaspace       used 74285K, committed 74880K, reserved 1114112K
  class space    used 9488K, committed 9792K, reserved 1048576K
}
Event: 6260.244 GC heap before
{Heap before GC invocations=115 (full 0):
 garbage-first heap   total 56320K, used 48632K [0x0000000083a00000, 0x0000000100000000)
  region size 1024K, 15 young (15360K), 1 survivors (1024K)
 Metaspace       used 74285K, committed 74880K, reserved 1114112K
  class space    used 9488K, committed 9792K, reserved 1048576K
}
Event: 6260.248 GC heap after
{Heap after GC invocations=116 (full 0):
 garbage-first heap   total 56320K, used 34298K [0x0000000083a00000, 0x0000000100000000)
  region size 1024K, 1 young (1024K), 1 survivors (1024K)
 Metaspace       used 74285K, committed 74880K, reserved 1114112K
  class space    used 9488K, committed 9792K, reserved 1048576K
}
Event: 6445.382 GC heap before
{Heap before GC invocations=116 (full 0):
 garbage-first heap   total 56320K, used 48634K [0x0000000083a00000, 0x0000000100000000)
  region size 1024K, 15 young (15360K), 1 survivors (1024K)
 Metaspace       used 74535K, committed 75200K, reserved 1114112K
  class space    used 9525K, committed 9856K, reserved 1048576K
}
Event: 6445.389 GC heap after
{Heap after GC invocations=117 (full 0):
 garbage-first heap   total 56320K, used 34398K [0x0000000083a00000, 0x0000000100000000)
  region size 1024K, 1 young (1024K), 1 survivors (1024K)
 Metaspace       used 74535K, committed 75200K, reserved 1114112K
  class space    used 9525K, committed 9856K, reserved 1048576K
}
Event: 6535.013 GC heap before
{Heap before GC invocations=117 (full 0):
 garbage-first heap   total 56320K, used 40542K [0x0000000083a00000, 0x0000000100000000)
  region size 1024K, 8 young (8192K), 1 survivors (1024K)
 Metaspace       used 74654K, committed 75328K, reserved 1114112K
  class space    used 9550K, committed 9856K, reserved 1048576K
}
Event: 6535.505 GC heap after
{Heap after GC invocations=118 (full 1):
 garbage-first heap   total 56320K, used 25817K [0x0000000083a00000, 0x0000000100000000)
  region size 1024K, 0 young (0K), 0 survivors (0K)
 Metaspace       used 74396K, committed 75328K, reserved 1114112K
  class space    used 9490K, committed 9856K, reserved 1048576K
}
Event: 6537.397 GC heap before
{Heap before GC invocations=118 (full 1):
 garbage-first heap   total 56320K, used 46297K [0x0000000083a00000, 0x0000000100000000)
  region size 1024K, 20 young (20480K), 0 survivors (0K)
 Metaspace       used 74579K, committed 75328K, reserved 1114112K
  class space    used 9504K, committed 9856K, reserved 1048576K
}
Event: 6537.411 GC heap after
{Heap after GC invocations=119 (full 1):
 garbage-first heap   total 56320K, used 27845K [0x0000000083a00000, 0x0000000100000000)
  region size 1024K, 2 young (2048K), 2 survivors (2048K)
 Metaspace       used 74579K, committed 75328K, reserved 1114112K
  class space    used 9504K, committed 9856K, reserved 1048576K
}
Event: 6538.490 GC heap before
{Heap before GC invocations=119 (full 1):
 garbage-first heap   total 56320K, used 43205K [0x0000000083a00000, 0x0000000100000000)
  region size 1024K, 18 young (18432K), 2 survivors (2048K)
 Metaspace       used 74815K, committed 75456K, reserved 1179648K
  class space    used 9513K, committed 9856K, reserved 1048576K
}
Event: 6538.499 GC heap after
{Heap after GC invocations=120 (full 1):
 garbage-first heap   total 56320K, used 29652K [0x0000000083a00000, 0x0000000100000000)
  region size 1024K, 2 young (2048K), 2 survivors (2048K)
 Metaspace       used 74815K, committed 75456K, reserved 1179648K
  class space    used 9513K, committed 9856K, reserved 1048576K
}

Deoptimization events (20 events):
Event: 6538.595 Thread 0x000001aeecd29ee0 Uncommon trap: trap_request=0xffffff45 fr.pc=0x000001ae94562830 relative=0x0000000000000110
Event: 6538.595 Thread 0x000001aeecd29ee0 Uncommon trap: reason=unstable_if action=reinterpret pc=0x000001ae94562830 method=org.hibernate.internal.util.NullnessHelper.coalesceSuppliedValues(Ljava/util/function/Function;[Ljava/util/function/Supplier;)Ljava/lang/Object; @ 17 c2
Event: 6538.595 Thread 0x000001aeecd29ee0 DEOPT PACKING pc=0x000001ae94562830 sp=0x00000036e66fd590
Event: 6538.596 Thread 0x000001aeecd29ee0 DEOPT UNPACKING pc=0x000001ae93845ba3 sp=0x00000036e66fd500 mode 2
Event: 6538.610 Thread 0x000001aeecd29ee0 Uncommon trap: trap_request=0xffffffde fr.pc=0x000001ae940fc3e0 relative=0x0000000000000060
Event: 6538.610 Thread 0x000001aeecd29ee0 Uncommon trap: reason=class_check action=maybe_recompile pc=0x000001ae940fc3e0 method=org.hibernate.type.BasicType.getMappedJavaType()Lorg/hibernate/type/descriptor/java/JavaType; @ 1 c2
Event: 6538.610 Thread 0x000001aeecd29ee0 DEOPT PACKING pc=0x000001ae940fc3e0 sp=0x00000036e66fd3d0
Event: 6538.610 Thread 0x000001aeecd29ee0 DEOPT UNPACKING pc=0x000001ae93845ba3 sp=0x00000036e66fd360 mode 2
Event: 6538.610 Thread 0x000001aeecd29ee0 Uncommon trap: trap_request=0xffffffde fr.pc=0x000001ae940fc3e0 relative=0x0000000000000060
Event: 6538.610 Thread 0x000001aeecd29ee0 Uncommon trap: reason=class_check action=maybe_recompile pc=0x000001ae940fc3e0 method=org.hibernate.type.BasicType.getMappedJavaType()Lorg/hibernate/type/descriptor/java/JavaType; @ 1 c2
Event: 6538.610 Thread 0x000001aeecd29ee0 DEOPT PACKING pc=0x000001ae940fc3e0 sp=0x00000036e66fd3d0
Event: 6538.610 Thread 0x000001aeecd29ee0 DEOPT UNPACKING pc=0x000001ae93845ba3 sp=0x00000036e66fd360 mode 2
Event: 6538.610 Thread 0x000001aeecd29ee0 Uncommon trap: trap_request=0xffffffde fr.pc=0x000001ae940fc3e0 relative=0x0000000000000060
Event: 6538.610 Thread 0x000001aeecd29ee0 Uncommon trap: reason=class_check action=maybe_recompile pc=0x000001ae940fc3e0 method=org.hibernate.type.BasicType.getMappedJavaType()Lorg/hibernate/type/descriptor/java/JavaType; @ 1 c2
Event: 6538.610 Thread 0x000001aeecd29ee0 DEOPT PACKING pc=0x000001ae940fc3e0 sp=0x00000036e66fd3d0
Event: 6538.610 Thread 0x000001aeecd29ee0 DEOPT UNPACKING pc=0x000001ae93845ba3 sp=0x00000036e66fd360 mode 2
Event: 6538.610 Thread 0x000001aeecd29ee0 Uncommon trap: trap_request=0xffffffde fr.pc=0x000001ae940fc3e0 relative=0x0000000000000060
Event: 6538.610 Thread 0x000001aeecd29ee0 Uncommon trap: reason=class_check action=maybe_recompile pc=0x000001ae940fc3e0 method=org.hibernate.type.BasicType.getMappedJavaType()Lorg/hibernate/type/descriptor/java/JavaType; @ 1 c2
Event: 6538.610 Thread 0x000001aeecd29ee0 DEOPT PACKING pc=0x000001ae940fc3e0 sp=0x00000036e66fd3d0
Event: 6538.610 Thread 0x000001aeecd29ee0 DEOPT UNPACKING pc=0x000001ae93845ba3 sp=0x00000036e66fd360 mode 2

Classes unloaded (20 events):
Event: 6535.127 Thread 0x000001aea29fa150 Unloading class 0x000001aea4111c00 'java/lang/invoke/LambdaForm$MH+0x000001aea4111c00'
Event: 6535.127 Thread 0x000001aea29fa150 Unloading class 0x000001aea4111800 'java/lang/invoke/LambdaForm$MH+0x000001aea4111800'
Event: 6535.127 Thread 0x000001aea29fa150 Unloading class 0x000001aea4111400 'java/lang/invoke/LambdaForm$MH+0x000001aea4111400'
Event: 6535.127 Thread 0x000001aea29fa150 Unloading class 0x000001aea4111000 'java/lang/invoke/LambdaForm$MH+0x000001aea4111000'
Event: 6535.127 Thread 0x000001aea29fa150 Unloading class 0x000001aea4110c00 'java/lang/invoke/LambdaForm$MH+0x000001aea4110c00'
Event: 6535.127 Thread 0x000001aea29fa150 Unloading class 0x000001aea4110800 'java/lang/invoke/LambdaForm$MH+0x000001aea4110800'
Event: 6535.127 Thread 0x000001aea29fa150 Unloading class 0x000001aea4110400 'java/lang/invoke/LambdaForm$MH+0x000001aea4110400'
Event: 6535.127 Thread 0x000001aea29fa150 Unloading class 0x000001aea4035400 'java/lang/invoke/LambdaForm$MH+0x000001aea4035400'
Event: 6535.127 Thread 0x000001aea29fa150 Unloading class 0x000001aea4035000 'java/lang/invoke/LambdaForm$MH+0x000001aea4035000'
Event: 6535.127 Thread 0x000001aea29fa150 Unloading class 0x000001aea4034c00 'java/lang/invoke/LambdaForm$MH+0x000001aea4034c00'
Event: 6535.127 Thread 0x000001aea29fa150 Unloading class 0x000001aea4034800 'java/lang/invoke/LambdaForm$MH+0x000001aea4034800'
Event: 6535.127 Thread 0x000001aea29fa150 Unloading class 0x000001aea4034400 'java/lang/invoke/LambdaForm$MH+0x000001aea4034400'
Event: 6535.127 Thread 0x000001aea29fa150 Unloading class 0x000001aea4016800 'java/lang/invoke/LambdaForm$MH+0x000001aea4016800'
Event: 6535.128 Thread 0x000001aea29fa150 Unloading class 0x000001aea4016000 'java/lang/invoke/LambdaForm$MH+0x000001aea4016000'
Event: 6535.128 Thread 0x000001aea29fa150 Unloading class 0x000001aea4015c00 'java/lang/invoke/LambdaForm$MH+0x000001aea4015c00'
Event: 6535.128 Thread 0x000001aea29fa150 Unloading class 0x000001aea4015800 'java/lang/invoke/LambdaForm$MH+0x000001aea4015800'
Event: 6535.128 Thread 0x000001aea29fa150 Unloading class 0x000001aea4015400 'java/lang/invoke/LambdaForm$MH+0x000001aea4015400'
Event: 6535.128 Thread 0x000001aea29fa150 Unloading class 0x000001aea4015000 'java/lang/invoke/LambdaForm$MH+0x000001aea4015000'
Event: 6535.128 Thread 0x000001aea29fa150 Unloading class 0x000001aea4014800 'java/lang/invoke/LambdaForm$MH+0x000001aea4014800'
Event: 6535.128 Thread 0x000001aea29fa150 Unloading class 0x000001aea4014000 'java/lang/invoke/LambdaForm$MH+0x000001aea4014000'

Classes redefined (0 events):
No events

Internal exceptions (20 events):
Event: 6535.527 Thread 0x000001aeecd29ee0 Implicit null exception at 0x000001ae93fb1636 to 0x000001ae93fb1fb8
Event: 6535.562 Thread 0x000001aeecd29ee0 Implicit null exception at 0x000001ae9417c678 to 0x000001ae9417d374
Event: 6535.566 Thread 0x000001aeecd29ee0 Exception <a 'sun/nio/fs/WindowsException'{0x000000008b7a4680}> (0x000000008b7a4680) 
thrown [s\open\src\hotspot\share\prims\jni.cpp, line 516]
Event: 6535.624 Thread 0x000001aeecd29ee0 Exception <a 'sun/nio/fs/WindowsException'{0x0000000087deac58}> (0x0000000087deac58) 
thrown [s\open\src\hotspot\share\prims\jni.cpp, line 516]
Event: 6537.331 Thread 0x000001aeecd29ee0 Implicit null exception at 0x000001ae94165dea to 0x000001ae9416e4a0
Event: 6537.473 Thread 0x000001aeecd29ee0 Exception <a 'sun/nio/fs/WindowsException'{0x0000000087ed4d08}> (0x0000000087ed4d08) 
thrown [s\open\src\hotspot\share\prims\jni.cpp, line 516]
Event: 6537.517 Thread 0x000001aeecd29ee0 Exception <a 'sun/nio/fs/WindowsException'{0x0000000087dd76c0}> (0x0000000087dd76c0) 
thrown [s\open\src\hotspot\share\prims\jni.cpp, line 516]
Event: 6537.720 Thread 0x000001aeecd29ee0 Implicit null exception at 0x000001ae9412a0c2 to 0x000001ae9412d234
Event: 6537.736 Thread 0x000001aeecd29ee0 Exception <a 'java/lang/NoClassDefFoundError'{0x00000000879da350}: org/flywaydb/core/Flyway> (0x00000000879da350) 
thrown [s\open\src\hotspot\share\oops\constantPool.cpp, line 835]
Event: 6537.736 Thread 0x000001aeecd29ee0 Exception <a 'java/lang/NoClassDefFoundError'{0x00000000879da9a0}: liquibase/integration/spring/SpringLiquibase> (0x00000000879da9a0) 
thrown [s\open\src\hotspot\share\oops\constantPool.cpp, line 835]
Event: 6537.765 Thread 0x000001aeecd29ee0 Exception <a 'java/lang/NoClassDefFoundError'{0x000000008784ae80}: org/jooq/DSLContext> (0x000000008784ae80) 
thrown [s\open\src\hotspot\share\oops\constantPool.cpp, line 835]
Event: 6537.767 Thread 0x000001aeecd29ee0 Exception <a 'java/lang/NoClassDefFoundError'{0x0000000087856088}: org/springframework/batch/core/repository/JobRepository> (0x0000000087856088) 
thrown [s\open\src\hotspot\share\oops\constantPool.cpp, line 835]
Event: 6537.767 Thread 0x000001aeecd29ee0 Exception <a 'java/lang/NoClassDefFoundError'{0x00000000878566d0}: org/quartz/Scheduler> (0x00000000878566d0) 
thrown [s\open\src\hotspot\share\oops\constantPool.cpp, line 835]
Event: 6537.767 Thread 0x000001aeecd29ee0 Exception <a 'java/lang/NoClassDefFoundError'{0x0000000087856d40}: org/springframework/session/jdbc/JdbcIndexedSessionRepository> (0x0000000087856d40) 
thrown [s\open\src\hotspot\share\oops\constantPool.cpp, line 835]
Event: 6538.395 Thread 0x000001aeecd29ee0 Exception <a 'sun/nio/fs/WindowsException'{0x0000000086251fc8}> (0x0000000086251fc8) 
thrown [s\open\src\hotspot\share\prims\jni.cpp, line 516]
Event: 6538.395 Thread 0x000001aeecd29ee0 Exception <a 'sun/nio/fs/WindowsException'{0x00000000862525c0}> (0x00000000862525c0) 
thrown [s\open\src\hotspot\share\prims\jni.cpp, line 516]
Event: 6538.417 Thread 0x000001aeecd29ee0 Exception <a 'sun/nio/fs/WindowsException'{0x0000000086252c98}> (0x0000000086252c98) 
thrown [s\open\src\hotspot\share\prims\jni.cpp, line 516]
Event: 6538.463 Thread 0x000001aeecd29ee0 Exception <a 'java/io/FileNotFoundException'{0x000000008629b890}> (0x000000008629b890) 
thrown [s\open\src\hotspot\share\prims\jni.cpp, line 516]
Event: 6538.512 Thread 0x000001aeecd29ee0 Exception <a 'java/io/FileNotFoundException'{0x000000008b769f40}> (0x000000008b769f40) 
thrown [s\open\src\hotspot\share\prims\jni.cpp, line 516]
Event: 6538.570 Thread 0x000001aeecd29ee0 Exception <a 'sun/nio/fs/WindowsException'{0x0000000087ba2f58}> (0x0000000087ba2f58) 
thrown [s\open\src\hotspot\share\prims\jni.cpp, line 516]

VM Operations (20 events):
Event: 6368.916 Executing VM operation: Cleanup
Event: 6368.916 Executing VM operation: Cleanup done
Event: 6372.938 Executing VM operation: Cleanup
Event: 6372.938 Executing VM operation: Cleanup done
Event: 6374.941 Executing VM operation: Cleanup
Event: 6374.941 Executing VM operation: Cleanup done
Event: 6445.382 Executing VM operation: G1CollectForAllocation
Event: 6445.389 Executing VM operation: G1CollectForAllocation done
Event: 6534.088 Executing VM operation: Cleanup
Event: 6534.107 Executing VM operation: Cleanup done
Event: 6535.009 Executing VM operation: G1CollectFull
Event: 6535.506 Executing VM operation: G1CollectFull done
Event: 6536.508 Executing VM operation: Cleanup
Event: 6536.508 Executing VM operation: Cleanup done
Event: 6537.397 Executing VM operation: G1CollectForAllocation
Event: 6537.411 Executing VM operation: G1CollectForAllocation done
Event: 6538.423 Executing VM operation: Cleanup
Event: 6538.439 Executing VM operation: Cleanup done
Event: 6538.490 Executing VM operation: G1CollectForAllocation
Event: 6538.499 Executing VM operation: G1CollectForAllocation done

Events (20 events):
Event: 6535.509 loading class java/lang/ref/Finalizer$1 done
Event: 6535.510 Thread 0x000001aeecd29ee0 Thread added: 0x000001aeecd29ee0
Event: 6535.511 Thread 0x000001aeecd29ee0 Thread exited: 0x000001aeecd29ee0
Event: 6535.511 Thread 0x000001aeecd29ee0 Thread added: 0x000001aeecd29ee0
Event: 6535.957 Thread 0x000001aeeaad4260 Thread added: 0x000001aeeaad4260
Event: 6536.918 Thread 0x000001aeecd256b0 Thread added: 0x000001aeecd256b0
Event: 6536.948 Thread 0x000001aeecd256b0 Thread exited: 0x000001aeecd256b0
Event: 6538.513 Thread 0x000001aeecd2a880 Thread added: 0x000001aeecd2a880
Event: 6538.513 Thread 0x000001aeecd27860 Thread added: 0x000001aeecd27860
Event: 6538.514 Thread 0x000001aeecd2bbc0 Thread added: 0x000001aeecd2bbc0
Event: 6538.514 Thread 0x000001aeecd256b0 Thread added: 0x000001aeecd256b0
Event: 6538.514 Thread 0x000001aeecd2ad50 Thread added: 0x000001aeecd2ad50
Event: 6538.514 Thread 0x000001aeecd27d30 Thread added: 0x000001aeecd27d30
Event: 6538.514 Thread 0x000001aeecd2b220 Thread added: 0x000001aeecd2b220
Event: 6538.514 Thread 0x000001aeecd25b80 Thread added: 0x000001aeecd25b80
Event: 6538.514 Thread 0x000001aeecd2c090 Thread added: 0x000001aeecd2c090
Event: 6538.515 Thread 0x000001aeecd2c560 Thread added: 0x000001aeecd2c560
Event: 6538.515 Thread 0x000001aeecd26520 Thread added: 0x000001aeecd26520
Event: 6538.515 Thread 0x000001aeeade4490 Thread added: 0x000001aeeade4490
Event: 6538.515 Thread 0x000001aeeade3150 Thread added: 0x000001aeeade3150


Dynamic libraries:
0x00007ff602190000 - 0x00007ff6021a0000 	D:\Setup Java\jdk-17.0.8_windows-x64_bin\jdk-17.0.8\bin\javaw.exe
0x00007ff96c830000 - 0x00007ff96ca28000 	C:\Windows\SYSTEM32\ntdll.dll
0x00007ff96bfd0000 - 0x00007ff96c08f000 	C:\Windows\System32\KERNEL32.DLL
0x00007ff96a080000 - 0x00007ff96a352000 	C:\Windows\System32\KERNELBASE.dll
0x00007ff96a630000 - 0x00007ff96a730000 	C:\Windows\System32\ucrtbase.dll
0x00007ff943720000 - 0x00007ff943739000 	D:\Setup Java\jdk-17.0.8_windows-x64_bin\jdk-17.0.8\bin\jli.dll
0x00007ff96be90000 - 0x00007ff96bf3e000 	C:\Windows\System32\ADVAPI32.dll
0x00007ff96b600000 - 0x00007ff96b69e000 	C:\Windows\System32\msvcrt.dll
0x00007ff96c2f0000 - 0x00007ff96c38c000 	C:\Windows\System32\sechost.dll
0x00007ff96c090000 - 0x00007ff96c1b5000 	C:\Windows\System32\RPCRT4.dll
0x00007ff96c560000 - 0x00007ff96c701000 	C:\Windows\System32\USER32.dll
0x00007ff96a360000 - 0x00007ff96a382000 	C:\Windows\System32\win32u.dll
0x00007ff96c530000 - 0x00007ff96c55b000 	C:\Windows\System32\GDI32.dll
0x00007ff96a3e0000 - 0x00007ff96a4ef000 	C:\Windows\System32\gdi32full.dll
0x00007ff96a560000 - 0x00007ff96a5fd000 	C:\Windows\System32\msvcp_win.dll
0x00007ff952210000 - 0x00007ff9524aa000 	C:\Windows\WinSxS\amd64_microsoft.windows.common-controls_6595b64144ccf1df_6.0.19041.1110_none_60b5254171f9507e\COMCTL32.dll
0x00007ff962860000 - 0x00007ff96286a000 	C:\Windows\SYSTEM32\VERSION.dll
0x00007ff943700000 - 0x00007ff94371b000 	D:\Setup Java\jdk-17.0.8_windows-x64_bin\jdk-17.0.8\bin\VCRUNTIME140.dll
0x00007ff96b410000 - 0x00007ff96b442000 	C:\Windows\System32\IMM32.DLL
0x00007ff9628e0000 - 0x00007ff9628ec000 	D:\Setup Java\jdk-17.0.8_windows-x64_bin\jdk-17.0.8\bin\vcruntime140_1.dll
0x00007ff939310000 - 0x00007ff93939e000 	D:\Setup Java\jdk-17.0.8_windows-x64_bin\jdk-17.0.8\bin\msvcp140.dll
0x00007ff8e6320000 - 0x00007ff8e6efe000 	D:\Setup Java\jdk-17.0.8_windows-x64_bin\jdk-17.0.8\bin\server\jvm.dll
0x00007ff96afc0000 - 0x00007ff96afc8000 	C:\Windows\System32\PSAPI.DLL
0x00007ff963180000 - 0x00007ff963189000 	C:\Windows\SYSTEM32\WSOCK32.dll
0x00007ff965920000 - 0x00007ff965947000 	C:\Windows\SYSTEM32\WINMM.dll
0x00007ff96be20000 - 0x00007ff96be8b000 	C:\Windows\System32\WS2_32.dll
0x00007ff967de0000 - 0x00007ff967df2000 	C:\Windows\SYSTEM32\kernel.appcore.dll
0x00007ff9567f0000 - 0x00007ff9567fa000 	D:\Setup Java\jdk-17.0.8_windows-x64_bin\jdk-17.0.8\bin\jimage.dll
0x00007ff965730000 - 0x00007ff965914000 	C:\Windows\SYSTEM32\DBGHELP.DLL
0x00007ff9655f0000 - 0x00007ff965625000 	C:\Windows\SYSTEM32\dbgcore.DLL
0x00007ff96a7e0000 - 0x00007ff96a862000 	C:\Windows\System32\bcryptPrimitives.dll
0x00007ff9436d0000 - 0x00007ff9436f5000 	D:\Setup Java\jdk-17.0.8_windows-x64_bin\jdk-17.0.8\bin\java.dll
0x00007ff8f1260000 - 0x00007ff8f1337000 	D:\Setup Java\jdk-17.0.8_windows-x64_bin\jdk-17.0.8\bin\jsvml.dll
0x00007ff96a870000 - 0x00007ff96afb4000 	C:\Windows\System32\SHELL32.dll
0x00007ff967fe0000 - 0x00007ff968772000 	C:\Windows\SYSTEM32\windows.storage.dll
0x00007ff96b0b0000 - 0x00007ff96b405000 	C:\Windows\System32\combase.dll
0x00007ff969980000 - 0x00007ff9699b0000 	C:\Windows\SYSTEM32\Wldp.dll
0x00007ff96bc30000 - 0x00007ff96bcdd000 	C:\Windows\System32\SHCORE.dll
0x00007ff96bd60000 - 0x00007ff96bdb5000 	C:\Windows\System32\shlwapi.dll
0x00007ff969e60000 - 0x00007ff969e7f000 	C:\Windows\SYSTEM32\profapi.dll
0x00007ff9436b0000 - 0x00007ff9436c9000 	D:\Setup Java\jdk-17.0.8_windows-x64_bin\jdk-17.0.8\bin\net.dll
0x00007ff9604e0000 - 0x00007ff9605ec000 	C:\Windows\SYSTEM32\WINHTTP.dll
0x00007ff9696e0000 - 0x00007ff96974a000 	C:\Windows\system32\mswsock.dll
0x00007ff942220000 - 0x00007ff942236000 	D:\Setup Java\jdk-17.0.8_windows-x64_bin\jdk-17.0.8\bin\nio.dll
0x00007ff940900000 - 0x00007ff940918000 	D:\Setup Java\jdk-17.0.8_windows-x64_bin\jdk-17.0.8\bin\zip.dll
0x00007ff952b70000 - 0x00007ff952b7a000 	D:\Setup Java\jdk-17.0.8_windows-x64_bin\jdk-17.0.8\bin\management.dll
0x00007ff9444f0000 - 0x00007ff9444fb000 	D:\Setup Java\jdk-17.0.8_windows-x64_bin\jdk-17.0.8\bin\management_ext.dll
0x00007ff943fd0000 - 0x00007ff943fde000 	D:\Setup Java\jdk-17.0.8_windows-x64_bin\jdk-17.0.8\bin\sunmscapi.dll
0x00007ff969f20000 - 0x00007ff96a076000 	C:\Windows\System32\CRYPT32.dll
0x00007ff9699f0000 - 0x00007ff969a17000 	C:\Windows\SYSTEM32\ncrypt.dll
0x00007ff9699b0000 - 0x00007ff9699eb000 	C:\Windows\SYSTEM32\NTASN1.dll
0x00007ff9698e0000 - 0x00007ff9698f8000 	C:\Windows\SYSTEM32\CRYPTSP.dll
0x00007ff968f90000 - 0x00007ff968fc4000 	C:\Windows\system32\rsaenh.dll
0x00007ff96a600000 - 0x00007ff96a627000 	C:\Windows\System32\bcrypt.dll
0x00007ff969de0000 - 0x00007ff969e0e000 	C:\Windows\SYSTEM32\USERENV.dll
0x00007ff9698d0000 - 0x00007ff9698dc000 	C:\Windows\SYSTEM32\CRYPTBASE.dll
0x00007ff969380000 - 0x00007ff9693bb000 	C:\Windows\SYSTEM32\IPHLPAPI.DLL
0x00007ff96b0a0000 - 0x00007ff96b0a8000 	C:\Windows\System32\NSI.dll
0x00007ff9629d0000 - 0x00007ff9629e7000 	C:\Windows\SYSTEM32\dhcpcsvc6.DLL
0x00007ff962c30000 - 0x00007ff962c4d000 	C:\Windows\SYSTEM32\dhcpcsvc.DLL
0x00007ff9693d0000 - 0x00007ff96949a000 	C:\Windows\SYSTEM32\DNSAPI.dll
0x00007ff943950000 - 0x00007ff943960000 	D:\Setup Java\jdk-17.0.8_windows-x64_bin\jdk-17.0.8\bin\verify.dll
0x00007ff93e9c0000 - 0x00007ff93e9d7000 	C:\Windows\system32\napinsp.dll
0x00007ff93e9a0000 - 0x00007ff93e9bb000 	C:\Windows\system32\pnrpnsp.dll
0x00007ff93daf0000 - 0x00007ff93db05000 	C:\Windows\system32\wshbth.dll
0x00007ff965330000 - 0x00007ff96534d000 	C:\Windows\system32\NLAapi.dll
0x00007ff93dad0000 - 0x00007ff93dae2000 	C:\Windows\System32\winrnr.dll
0x00007ff958e80000 - 0x00007ff958e8a000 	C:\Windows\System32\rasadhlp.dll
0x00007ff958ec0000 - 0x00007ff958f40000 	C:\Windows\System32\fwpuclnt.dll
0x00007ff952670000 - 0x00007ff952677000 	C:\Windows\system32\wshunix.dll

dbghelp: loaded successfully - version: 4.0.5 - missing functions: none
symbol engine: initialized successfully - sym options: 0x614 - pdb path: .;D:\Setup Java\jdk-17.0.8_windows-x64_bin\jdk-17.0.8\bin;C:\Windows\SYSTEM32;C:\Windows\WinSxS\amd64_microsoft.windows.common-controls_6595b64144ccf1df_6.0.19041.1110_none_60b5254171f9507e;D:\Setup Java\jdk-17.0.8_windows-x64_bin\jdk-17.0.8\bin\server

VM Arguments:
jvm_args: -Dfile.encoding=UTF-8 -XX:+ShowCodeDetailsInExceptionMessages 
java_command: com.backend.stayEasy.StayEasyApplication
java_class_path (initial): D:\SPRING-BOOT\stayEasyProject\stayEasy\stayEasy\target\classes;D:\Setup Java\m2\org\springframework\boot\spring-boot-starter-data-jpa\3.3.0-M1\spring-boot-starter-data-jpa-3.3.0-M1.jar;D:\Setup Java\m2\org\springframework\boot\spring-boot-starter-aop\3.3.0-M1\spring-boot-starter-aop-3.3.0-M1.jar;D:\Setup Java\m2\org\springframework\spring-aop\6.1.3\spring-aop-6.1.3.jar;D:\Setup Java\m2\org\aspectj\aspectjweaver\1.9.21\aspectjweaver-1.9.21.jar;D:\Setup Java\m2\org\springframework\boot\spring-boot-starter-jdbc\3.3.0-M1\spring-boot-starter-jdbc-3.3.0-M1.jar;D:\Setup Java\m2\com\zaxxer\HikariCP\5.1.0\HikariCP-5.1.0.jar;D:\Setup Java\m2\org\springframework\spring-jdbc\6.1.3\spring-jdbc-6.1.3.jar;D:\Setup Java\m2\org\hibernate\orm\hibernate-core\6.4.1.Final\hibernate-core-6.4.1.Final.jar;D:\Setup Java\m2\jakarta\persistence\jakarta.persistence-api\3.1.0\jakarta.persistence-api-3.1.0.jar;D:\Setup Java\m2\jakarta\transaction\jakarta.transaction-api\2.0.1\jakarta.transaction-api-2.0.1.jar;D:\Setup Java\m2\org\jboss\logging\jboss-logging\3.5.3.Final\jboss-logging-3.5.3.Final.jar;D:\Setup Java\m2\org\hibernate\common\hibernate-commons-annotations\6.0.6.Final\hibernate-commons-annotations-6.0.6.Final.jar;D:\Setup Java\m2\io\smallrye\jandex\3.1.2\jandex-3.1.2.jar;D:\Setup Java\m2\com\fasterxml\classmate\1.7.0\classmate-1.7.0.jar;D:\Setup Java\m2\net\bytebuddy\byte-buddy\1.14.11\byte-buddy-1.14.11.jar;D:\Setup Java\m2\org\glassfish\jaxb\jaxb-runtime\4.0.4\jaxb-runtime-4.0.4.jar;D:\Setup Java\m2\org\glassfish\jaxb\jaxb-core\4.0.4\jaxb-core-4.0.4.jar;D:\Setup Java\m2\org\eclipse\angus\angus-activation\2.0.1\angus-activation-2.0.1.jar;D:\Setup Java\m2\org\glassfish\jaxb\txw2\4.0.4\txw2-4.0.4.jar;D:\Setup Java\m2\com\sun\istack\istack-commons-runtime\4.1.2\istack-commons-runtime-4.1.2.jar;D:\Setup Java\m2\jakarta\inject\jakarta.inject-api\2.0.1\jakarta.inject-api-2.0.1.jar;D:\Setup Java\m2\org\antlr\antlr4-runtime\4.13.0\antlr4-runtime-4.13.0.jar;D:\Setu
Launcher Type: SUN_STANDARD

[Global flags]
     intx CICompilerCount                          = 4                                         {product} {ergonomic}
     uint ConcGCThreads                            = 2                                         {product} {ergonomic}
     uint G1ConcRefinementThreads                  = 8                                         {product} {ergonomic}
   size_t G1HeapRegionSize                         = 1048576                                   {product} {ergonomic}
    uintx GCDrainStackTargetSize                   = 64                                        {product} {ergonomic}
   size_t InitialHeapSize                          = 132120576                                 {product} {ergonomic}
   size_t MarkStackSize                            = 4194304                                   {product} {ergonomic}
   size_t MaxHeapSize                              = 2086666240                                {product} {ergonomic}
   size_t MaxNewSize                               = 1251999744                                {product} {ergonomic}
   size_t MinHeapDeltaBytes                        = 1048576                                   {product} {ergonomic}
   size_t MinHeapSize                              = 8388608                                   {product} {ergonomic}
    uintx NonNMethodCodeHeapSize                   = 5839372                                {pd product} {ergonomic}
    uintx NonProfiledCodeHeapSize                  = 122909434                              {pd product} {ergonomic}
    uintx ProfiledCodeHeapSize                     = 122909434                              {pd product} {ergonomic}
    uintx ReservedCodeCacheSize                    = 251658240                              {pd product} {ergonomic}
     bool SegmentedCodeCache                       = true                                      {product} {ergonomic}
     bool ShowCodeDetailsInExceptionMessages       = true                                   {manageable} {command line}
   size_t SoftMaxHeapSize                          = 2086666240                             {manageable} {ergonomic}
     bool UseCompressedClassPointers               = true                           {product lp64_product} {ergonomic}
     bool UseCompressedOops                        = true                           {product lp64_product} {ergonomic}
     bool UseG1GC                                  = true                                      {product} {ergonomic}
     bool UseLargePagesIndividualAllocation        = false                                  {pd product} {ergonomic}

Logging:
Log output configuration:
 #0: stdout all=warning uptime,level,tags
 #1: stderr all=off uptime,level,tags

Environment Variables:
JAVA_HOME=D:\Setup Java\jdk-17.0.8_windows-x64_bin\jdk-17.0.8\bin
PATH=C:/Users/DELL/.p2/pool/plugins/org.eclipse.justj.openjdk.hotspot.jre.full.win32.x86_64_17.0.8.v20230801-1951/jre/bin/server;C:/Users/DELL/.p2/pool/plugins/org.eclipse.justj.openjdk.hotspot.jre.full.win32.x86_64_17.0.8.v20230801-1951/jre/bin;D:\Download\bin;C:\Python311\Scripts\;C:\Python311\;C:\Program Files\Common Files\Oracle\Java\javapath;C:\Users\DELL\AppData\Local\Programs\Python\Python39\Scripts\;C:\Users\DELL\AppData\Local\Programs\Python\Python39\;C:\Python39\Scripts\;C:\Python39\;C:\Program Files\Java\jdk-15.0.1\bin;C:\Windows\system32;C:\Windows;C:\Windows\System32\Wbem;C:\Windows\System32\WindowsPowerShell\v1.0\;C:\Windows\System32\OpenSSH\;C:\Program Files (x86)\NVIDIA Corporation\PhysX\Common;C:\ProgramData\chocolatey\bin;C:\Program Files\dotnet\;D:\Setup Java\apache-maven-3.8.7-bin\apache-maven-3.8.7\bin;D:\setupnode\;D:\Git\cmd;C:\Program Files (x86)\Microsoft SQL Server\150\DTS\Binn\;C:\Program Files\Microsoft SQL Server\Client SDK\ODBC\170\Tools\Binn\;C:\Program Files (x86)\Microsoft SQL Server\150\Tools\Binn\;C:\Program Files\Microsoft SQL Server\150\Tools\Binn\;C:\Program Files\Microsoft SQL Server\150\DTS\Binn\;C:\Program Files\MySQL\MySQL Shell 8.0\bin\;D:\Python\Scripts\;D:\Python\;D:\Fluter\flutter\bin;D:\Python39;D:\NEN\Microsoft VS Code\bin;C:\Users\DELL\AppData\Roaming\npm;C:\Users\DELL\Desktop;
USERNAME=DELL
OS=Windows_NT
PROCESSOR_IDENTIFIER=Intel64 Family 6 Model 126 Stepping 5, GenuineIntel



---------------  S Y S T E M  ---------------

OS:
 Windows 10 , 64 bit Build 19041 (10.0.19041.2364)
OS uptime: 2 days 2:01 hours

CPU: total 8 (initial active 8) (4 cores per cpu, 2 threads per core) family 6 model 126 stepping 5 microcode 0xc2, cx8, cmov, fxsr, ht, mmx, 3dnowpref, sse, sse2, sse3, ssse3, sse4.1, sse4.2, popcnt, lzcnt, tsc, tscinvbit, avx, avx2, aes, erms, clmul, bmi1, bmi2, adx, avx512f, avx512dq, avx512cd, avx512bw, avx512vl, sha, fma, vzeroupper, avx512_vpopcntdq, avx512_vpclmulqdq, avx512_vaes, avx512_vnni, clflush, clflushopt, avx512_vbmi2, avx512_vbmi

Memory: 4k page, system-wide physical 7959M (464M free)
TotalPageFile size 15671M (AvailPageFile size 6M)
current process WorkingSet (physical memory assigned to process): 260M, peak: 293M
current process commit charge ("private bytes"): 321M, peak: 333M

vm_info: Java HotSpot(TM) 64-Bit Server VM (17.0.8+9-LTS-211) for windows-amd64 JRE (17.0.8+9-LTS-211), built on Jun 14 2023 10:34:31 by "mach5one" with MS VC++ 17.1 (VS2022)

END.
