#
# A fatal error has been detected by the Java Runtime Environment:
#
#  EXCEPTION_IN_PAGE_ERROR (0xc0000006) at pc=0x00007ffa99f61989, pid=1136, tid=13124
#
# JRE version:  (17.0.8+9) (build )
# Java VM: Java HotSpot(TM) 64-Bit Server VM (17.0.8+9-LTS-211, mixed mode, sharing, tiered, compressed oops, compressed class ptrs, g1 gc, windows-amd64)
# Problematic frame:
# C  [VCRUNTIME140.dll+0x1989]
#
# No core dump will be written. Minidumps are not enabled by default on client versions of Windows
#
#

---------------  S U M M A R Y ------------

Command Line: -Dfile.encoding=UTF-8 -XX:+ShowCodeDetailsInExceptionMessages com.backend.stayEasy.StayEasyApplication

Host: Intel(R) Core(TM) i5-1035G1 CPU @ 1.00GHz, 8 cores, 7G,  Windows 10 , 64 bit Build 19041 (10.0.19041.2364)
Time: Mon Feb 26 08:59:12 2024 SE Asia Standard Time elapsed time: 0.023834 seconds (0d 0h 0m 0s)

---------------  T H R E A D  ---------------

Current thread is native thread

Stack: [0x0000001114b00000,0x0000001114c00000],  sp=0x0000001114bff510,  free space=1021k
Native frames: (J=compiled Java code, j=interpreted, Vv=VM code, C=native code)
C  [VCRUNTIME140.dll+0x1989]
V  [jvm.dll+0x699a23]
V  [jvm.dll+0x698757]
V  [jvm.dll+0x69830e]
V  [jvm.dll+0x367ca7]
V  [jvm.dll+0x7897c1]
V  [jvm.dll+0x3eb05f]
V  [jvm.dll+0x3ecae1]
C  [jli.dll+0x5297]
C  [ucrtbase.dll+0x21bb2]
C  [KERNEL32.DLL+0x17614]
C  [ntdll.dll+0x526a1]


siginfo: EXCEPTION_IN_PAGE_ERROR (0xc0000006), writing address 0x0000019a94b40000


Registers:
RAX=0x0000000000000000, RBX=0x0000019a94b40000, RCX=0x0000000000010000, RDX=0x0000000000000000
RSP=0x0000001114bff510, RBP=0x0000019a94a5aea0, RSI=0x0000019a948f8350, RDI=0x0000019a94b40000
R8 =0x0000000000010000, R9 =0x0000019a94b40000, R10=0x00007ffa99f60000, R11=0x0000000000000000
R12=0x0000000000000001, R13=0x00007ffa443f1020, R14=0x0000019a948fd500, R15=0x0000000000010000
RIP=0x00007ffa99f61989, EFLAGS=0x0000000000010202

Top of Stack: (sp=0x0000001114bff510)
0x0000001114bff510:   0000000000000000 00007ffa44129a23
0x0000001114bff520:   0000019a94a5aea0 0000019a00000000
0x0000001114bff530:   0000019a948f8350 0000000000000150
0x0000001114bff540:   0000000000010000 0000001114bff560
0x0000001114bff550:   0000001114bff7e0 0000019a00000104
0x0000001114bff560:   0000000000000103 0000019a94a5aea4
0x0000001114bff570:   0000000000000101 0000000000000000
0x0000001114bff580:   0000000000000000 0000000000000020
0x0000001114bff590:   0000000000000014 0000000000000004
0x0000001114bff5a0:   0000019a948e0000 0000001114bff669
0x0000001114bff5b0:   0000000000000002 00007ffab7a7b3c7
0x0000001114bff5c0:   0000019a005c3a43 0000000000000000
0x0000001114bff5d0:   0000000000000014 0000019a00000000
0x0000001114bff5e0:   0000000200000000 000000000000001b
0x0000001114bff5f0:   0000000200000000 00000000000003ff
0x0000001114bff600:   1c9b2ea200000000 0000000000000000 

Instructions: (pc=0x00007ffa99f61989)
0x00007ffa99f61889:   49 03 c8 0f 10 44 11 f0 48 83 e9 10 49 83 e8 10
0x00007ffa99f61899:   f6 c1 0f 74 17 48 8b c1 48 83 e1 f0 0f 10 c8 0f
0x00007ffa99f618a9:   10 04 11 0f 11 08 4c 8b c1 4d 2b c3 4d 8b c8 49
0x00007ffa99f618b9:   c1 e9 07 74 6f 0f 29 01 eb 14 66 66 66 66 66 0f
0x00007ffa99f618c9:   1f 84 00 00 00 00 00 0f 29 41 10 0f 29 09 0f 10
0x00007ffa99f618d9:   44 11 f0 0f 10 4c 11 e0 48 81 e9 80 00 00 00 0f
0x00007ffa99f618e9:   29 41 70 0f 29 49 60 0f 10 44 11 50 0f 10 4c 11
0x00007ffa99f618f9:   40 49 ff c9 0f 29 41 50 0f 29 49 40 0f 10 44 11
0x00007ffa99f61909:   30 0f 10 4c 11 20 0f 29 41 30 0f 29 49 20 0f 10
0x00007ffa99f61919:   44 11 10 0f 10 0c 11 75 ae 0f 29 41 10 49 83 e0
0x00007ffa99f61929:   7f 0f 28 c1 4d 8b c8 49 c1 e9 04 74 1a 66 66 0f
0x00007ffa99f61939:   1f 84 00 00 00 00 00 0f 11 01 48 83 e9 10 0f 10
0x00007ffa99f61949:   04 11 49 ff c9 75 f0 49 83 e0 0f 74 08 41 0f 10
0x00007ffa99f61959:   0a 41 0f 11 0b 0f 11 01 49 8b c3 c3 cc cc cc cc
0x00007ffa99f61969:   cc cc cc cc cc cc cc cc cc cc cc cc cc 66 66 0f
0x00007ffa99f61979:   1f 84 00 00 00 00 00 57 8b c2 48 8b f9 49 8b c8
0x00007ffa99f61989:   f3 aa 49 8b c1 5f c3 cc cc cc cc cc cc 66 66 0f
0x00007ffa99f61999:   1f 84 00 00 00 00 00 48 8b c1 4c 8b c9 4c 8d 15
0x00007ffa99f619a9:   53 e6 ff ff 0f b6 d2 49 bb 01 01 01 01 01 01 01
0x00007ffa99f619b9:   01 4c 0f af da 66 49 0f 6e c3 49 83 f8 0f 0f 87
0x00007ffa99f619c9:   83 00 00 00 0f 1f 00 49 03 c8 47 8b 8c 82 b0 80
0x00007ffa99f619d9:   01 00 4d 03 ca 41 ff e1 4c 89 59 f1 44 89 59 f9
0x00007ffa99f619e9:   66 44 89 59 fd 44 88 59 ff c3 4c 89 59 f2 44 89
0x00007ffa99f619f9:   59 fa 66 44 89 59 fe c3 66 66 66 66 66 66 66 0f
0x00007ffa99f61a09:   1f 84 00 00 00 00 00 4c 89 59 f3 44 89 59 fb 44
0x00007ffa99f61a19:   88 59 ff c3 0f 1f 00 4c 89 59 f4 44 89 59 fc c3
0x00007ffa99f61a29:   4c 89 59 f5 66 44 89 59 fd 44 88 59 ff c3 4c 89
0x00007ffa99f61a39:   59 f7 44 88 59 ff c3 4c 89 59 f6 66 44 89 59 fe
0x00007ffa99f61a49:   c3 4c 89 59 f8 c3 90 66 0f 6c c0 49 83 f8 20 77
0x00007ffa99f61a59:   0c f3 0f 7f 01 f3 42 0f 7f 44 01 f0 c3 83 3d ab
0x00007ffa99f61a69:   45 01 00 03 0f 82 dd 01 00 00 4c 3b 05 a6 45 01
0x00007ffa99f61a79:   00 76 16 4c 3b 05 a5 45 01 00 77 0d f6 05 30 49 



---------------  P R O C E S S  ---------------

VM state: not at safepoint (not fully initialized)

VM Mutex/Monitor currently owned by a thread: None

Heap address: 0x0000000000000000, size: 0 MB, Compressed Oops mode: 32-bit

CDS archive(s) mapped at: [0x0000000000000000-0x0000000000000000-0x0000000000000000), size 0, SharedBaseAddress: 0x0000000800000000, ArchiveRelocationMode: 1.
Narrow klass base: 0x0000000000000000, Narrow klass shift: 0, Narrow klass range: 0x0

GC Precious Log:
<Not initialized>

Deoptimization events (0 events):
No events

Classes unloaded (0 events):
No events

Classes redefined (0 events):
No events

Internal exceptions (0 events):
No events

VM Operations (0 events):
No events

Events (0 events):
No events


Dynamic libraries:
0x00007ff77b260000 - 0x00007ff77b270000 	D:\Setup Java\jdk-17.0.8_windows-x64_bin\jdk-17.0.8\bin\javaw.exe
0x00007ffab7a50000 - 0x00007ffab7c48000 	C:\Windows\SYSTEM32\ntdll.dll
0x00007ffab6040000 - 0x00007ffab60ff000 	C:\Windows\System32\KERNEL32.DLL
0x00007ffab5460000 - 0x00007ffab5732000 	C:\Windows\System32\KERNELBASE.dll
0x00007ffab5740000 - 0x00007ffab5840000 	C:\Windows\System32\ucrtbase.dll
0x00007ffa9a000000 - 0x00007ffa9a019000 	D:\Setup Java\jdk-17.0.8_windows-x64_bin\jdk-17.0.8\bin\jli.dll
0x00007ffa99f60000 - 0x00007ffa99f7b000 	D:\Setup Java\jdk-17.0.8_windows-x64_bin\jdk-17.0.8\bin\VCRUNTIME140.dll
0x00007ffab7960000 - 0x00007ffab7a0e000 	C:\Windows\System32\ADVAPI32.dll
0x00007ffab6140000 - 0x00007ffab61de000 	C:\Windows\System32\msvcrt.dll
0x00007ffab78c0000 - 0x00007ffab795c000 	C:\Windows\System32\sechost.dll
0x00007ffab6d70000 - 0x00007ffab6e95000 	C:\Windows\System32\RPCRT4.dll
0x00007ffab6650000 - 0x00007ffab67f1000 	C:\Windows\System32\USER32.dll
0x00007ffa9a8e0000 - 0x00007ffa9ab7a000 	C:\Windows\WinSxS\amd64_microsoft.windows.common-controls_6595b64144ccf1df_6.0.19041.1110_none_60b5254171f9507e\COMCTL32.dll
0x00007ffab5300000 - 0x00007ffab5322000 	C:\Windows\System32\win32u.dll
0x00007ffab7710000 - 0x00007ffab773b000 	C:\Windows\System32\GDI32.dll
0x00007ffab51f0000 - 0x00007ffab52ff000 	C:\Windows\System32\gdi32full.dll
0x00007ffab5330000 - 0x00007ffab53cd000 	C:\Windows\System32\msvcp_win.dll
0x00007ffaae540000 - 0x00007ffaae54a000 	C:\Windows\SYSTEM32\VERSION.dll
0x00007ffab6100000 - 0x00007ffab6132000 	C:\Windows\System32\IMM32.DLL
0x00007ffaae0c0000 - 0x00007ffaae0cc000 	D:\Setup Java\jdk-17.0.8_windows-x64_bin\jdk-17.0.8\bin\vcruntime140_1.dll
0x00007ffa79c70000 - 0x00007ffa79cfe000 	D:\Setup Java\jdk-17.0.8_windows-x64_bin\jdk-17.0.8\bin\msvcp140.dll
0x00007ffa43a90000 - 0x00007ffa4466e000 	D:\Setup Java\jdk-17.0.8_windows-x64_bin\jdk-17.0.8\bin\server\jvm.dll
0x00007ffab6030000 - 0x00007ffab6038000 	C:\Windows\System32\PSAPI.DLL
0x00007ffaa02b0000 - 0x00007ffaa02b9000 	C:\Windows\SYSTEM32\WSOCK32.dll
0x00007ffab7740000 - 0x00007ffab77ab000 	C:\Windows\System32\WS2_32.dll
0x00007ffab2f80000 - 0x00007ffab2fa7000 	C:\Windows\SYSTEM32\WINMM.dll
0x00007ffab3990000 - 0x00007ffab39a2000 	C:\Windows\SYSTEM32\kernel.appcore.dll
0x00007ffaa19e0000 - 0x00007ffaa19ea000 	D:\Setup Java\jdk-17.0.8_windows-x64_bin\jdk-17.0.8\bin\jimage.dll
0x00007ffab2d90000 - 0x00007ffab2f74000 	C:\Windows\SYSTEM32\DBGHELP.DLL
0x00007ffab2d50000 - 0x00007ffab2d85000 	C:\Windows\SYSTEM32\dbgcore.DLL
0x00007ffab53d0000 - 0x00007ffab5452000 	C:\Windows\System32\bcryptPrimitives.dll

dbghelp: loaded successfully - version: 4.0.5 - missing functions: none
symbol engine: initialized successfully - sym options: 0x614 - pdb path: .;D:\Setup Java\jdk-17.0.8_windows-x64_bin\jdk-17.0.8\bin;C:\Windows\SYSTEM32;C:\Windows\WinSxS\amd64_microsoft.windows.common-controls_6595b64144ccf1df_6.0.19041.1110_none_60b5254171f9507e;D:\Setup Java\jdk-17.0.8_windows-x64_bin\jdk-17.0.8\bin\server

VM Arguments:
jvm_args: -Dfile.encoding=UTF-8 -XX:+ShowCodeDetailsInExceptionMessages 
java_command: com.backend.stayEasy.StayEasyApplication
java_class_path (initial): D:\SPRING-BOOT\stayEasyProject\stayEasy\stayEasy\target\classes;D:\Setup Java\m2\org\springframework\boot\spring-boot-starter-mail\3.3.0-M1\spring-boot-starter-mail-3.3.0-M1.jar;D:\Setup Java\m2\org\springframework\boot\spring-boot-starter\3.3.0-M1\spring-boot-starter-3.3.0-M1.jar;D:\Setup Java\m2\org\springframework\boot\spring-boot-starter-logging\3.3.0-M1\spring-boot-starter-logging-3.3.0-M1.jar;D:\Setup Java\m2\ch\qos\logback\logback-classic\1.4.14\logback-classic-1.4.14.jar;D:\Setup Java\m2\ch\qos\logback\logback-core\1.4.14\logback-core-1.4.14.jar;D:\Setup Java\m2\org\apache\logging\log4j\log4j-to-slf4j\2.22.1\log4j-to-slf4j-2.22.1.jar;D:\Setup Java\m2\org\apache\logging\log4j\log4j-api\2.22.1\log4j-api-2.22.1.jar;D:\Setup Java\m2\org\slf4j\jul-to-slf4j\2.0.11\jul-to-slf4j-2.0.11.jar;D:\Setup Java\m2\jakarta\annotation\jakarta.annotation-api\2.1.1\jakarta.annotation-api-2.1.1.jar;D:\Setup Java\m2\org\yaml\snakeyaml\2.2\snakeyaml-2.2.jar;D:\Setup Java\m2\org\springframework\spring-context-support\6.1.3\spring-context-support-6.1.3.jar;D:\Setup Java\m2\org\springframework\spring-beans\6.1.3\spring-beans-6.1.3.jar;D:\Setup Java\m2\org\springframework\spring-context\6.1.3\spring-context-6.1.3.jar;D:\Setup Java\m2\org\eclipse\angus\jakarta.mail\2.0.2\jakarta.mail-2.0.2.jar;D:\Setup Java\m2\jakarta\activation\jakarta.activation-api\2.1.2\jakarta.activation-api-2.1.2.jar;D:\Setup Java\m2\org\eclipse\angus\angus-activation\2.0.1\angus-activation-2.0.1.jar;D:\Setup Java\m2\org\springframework\boot\spring-boot-starter-data-jpa\3.3.0-M1\spring-boot-starter-data-jpa-3.3.0-M1.jar;D:\Setup Java\m2\org\springframework\boot\spring-boot-starter-aop\3.3.0-M1\spring-boot-starter-aop-3.3.0-M1.jar;D:\Setup Java\m2\org\aspectj\aspectjweaver\1.9.21\aspectjweaver-1.9.21.jar;D:\Setup Java\m2\org\springframework\boot\spring-boot-starter-jdbc\3.3.0-M1\spring-boot-starter-jdbc-3.3.0-M1.jar;D:\Setup Java\m2\com\zaxxer\HikariCP\5.1.0\HikariCP-5.1.0.jar;D:\Setup
Launcher Type: SUN_STANDARD

[Global flags]
     uint ConcGCThreads                            = 2                                         {product} {ergonomic}
     uint G1ConcRefinementThreads                  = 8                                         {product} {ergonomic}
    uintx GCDrainStackTargetSize                   = 64                                        {product} {ergonomic}
   size_t InitialHeapSize                          = 130405632                                 {product} {ergonomic}
   size_t MarkStackSize                            = 4194304                                   {product} {ergonomic}
   size_t MaxHeapSize                              = 2086490112                                {product} {ergonomic}
   size_t MinHeapSize                              = 6815736                                   {product} {ergonomic}
    uintx ReservedCodeCacheSize                    = 251658240                              {pd product} {ergonomic}
     bool SegmentedCodeCache                       = true                                      {product} {ergonomic}
     bool ShowCodeDetailsInExceptionMessages       = true                                   {manageable} {command line}
     bool UseCompressedClassPointers               = true                           {product lp64_product} {ergonomic}
     bool UseCompressedOops                        = true                           {product lp64_product} {ergonomic}
     bool UseG1GC                                  = true                                      {product} {ergonomic}
     bool UseLargePagesIndividualAllocation        = false                                  {pd product} {ergonomic}

Logging:
Log output configuration:
 #0: stdout all=warning uptime,level,tags
 #1: stderr all=off uptime,level,tags

Environment Variables:
JAVA_HOME=D:\Setup Java\jdk-17.0.8_windows-x64_bin\jdk-17.0.8\bin
PATH=C:/Users/DELL/.p2/pool/plugins/org.eclipse.justj.openjdk.hotspot.jre.full.win32.x86_64_17.0.8.v20230801-1951/jre/bin/server;C:/Users/DELL/.p2/pool/plugins/org.eclipse.justj.openjdk.hotspot.jre.full.win32.x86_64_17.0.8.v20230801-1951/jre/bin;D:\Download\bin;C:\Python311\Scripts\;C:\Python311\;C:\Program Files\Common Files\Oracle\Java\javapath;C:\Users\DELL\AppData\Local\Programs\Python\Python39\Scripts\;C:\Users\DELL\AppData\Local\Programs\Python\Python39\;C:\Python39\Scripts\;C:\Python39\;C:\Program Files\Java\jdk-15.0.1\bin;C:\Windows\system32;C:\Windows;C:\Windows\System32\Wbem;C:\Windows\System32\WindowsPowerShell\v1.0\;C:\Windows\System32\OpenSSH\;C:\Program Files (x86)\NVIDIA Corporation\PhysX\Common;C:\ProgramData\chocolatey\bin;C:\Program Files\dotnet\;D:\Setup Java\apache-maven-3.8.7-bin\apache-maven-3.8.7\bin;D:\setupnode\;D:\Git\cmd;C:\Program Files (x86)\Microsoft SQL Server\150\DTS\Binn\;C:\Program Files\Microsoft SQL Server\Client SDK\ODBC\170\Tools\Binn\;C:\Program Files (x86)\Microsoft SQL Server\150\Tools\Binn\;C:\Program Files\Microsoft SQL Server\150\Tools\Binn\;C:\Program Files\Microsoft SQL Server\150\DTS\Binn\;C:\Program Files\MySQL\MySQL Shell 8.0\bin\;D:\Python\Scripts\;D:\Python\;D:\Fluter\flutter\bin;D:\Python39;D:\NEN\Microsoft VS Code\bin;C:\Users\DELL\AppData\Roaming\npm;C:\Users\DELL\Desktop;
USERNAME=DELL
OS=Windows_NT
PROCESSOR_IDENTIFIER=Intel64 Family 6 Model 126 Stepping 5, GenuineIntel



---------------  S Y S T E M  ---------------

OS:
 Windows 10 , 64 bit Build 19041 (10.0.19041.2364)
OS uptime: 3 days 10:40 hours

CPU: total 8 (initial active 8) 

Memory: 4k page, system-wide physical 7959M (702M free)
TotalPageFile size 14654M (AvailPageFile size 2841M)
current process WorkingSet (physical memory assigned to process): 8M, peak: 8M
current process commit charge ("private bytes"): 3M, peak: 3M

vm_info: Java HotSpot(TM) 64-Bit Server VM (17.0.8+9-LTS-211) for windows-amd64 JRE (17.0.8+9-LTS-211), built on Jun 14 2023 10:34:31 by "mach5one" with MS VC++ 17.1 (VS2022)

END.
